SF:C:\Users\Ahmed\Desktop\Stage PFE 2024\Projet .net\BackEnd\Gestion User\Gestion User\Program.cs
FN:15,System.Void Program::<Main>$(System.String[])
FNDA:0,System.Void Program::<Main>$(System.String[])
DA:16,0
DA:24,0
DA:25,0
DA:26,0
DA:27,0
DA:35,0
DA:36,0
DA:37,0
DA:38,0
DA:39,0
DA:40,0
DA:41,0
DA:42,0
DA:43,0
DA:44,0
DA:59,0
DA:61,0
DA:63,0
DA:65,0
DA:67,0
DA:69,0
DA:78,0
DA:79,0
DA:80,0
DA:81,0
DA:82,0
DA:83,0
DA:87,0
DA:88,0
DA:89,0
DA:90,0
DA:91,0
DA:96,0
DA:97,0
DA:98,0
DA:101,0
DA:102,0
DA:103,0
DA:104,0
DA:105,0
DA:106,0
DA:107,0
DA:108,0
DA:109,0
DA:110,0
DA:111,0
DA:112,0
DA:113,0
DA:114,0
DA:115,0
DA:116,0
DA:117,0
DA:118,0
DA:119,0
DA:120,0
DA:121,0
DA:122,0
DA:125,0
DA:126,0
DA:128,0
DA:129,0
DA:132,0
DA:136,0
DA:139,0
DA:140,0
DA:141,0
DA:142,0
DA:143,0
DA:144,0
DA:145,0
DA:146,0
DA:147,0
DA:148,0
DA:149,0
DA:150,0
DA:151,0
DA:152,0
DA:153,0
DA:154,0
DA:155,0
DA:156,0
DA:157,0
DA:158,0
DA:159,0
DA:160,0
DA:161,0
DA:162,0
DA:163,0
DA:164,0
DA:165,0
DA:166,0
DA:170,0
DA:171,0
DA:172,0
DA:173,0
DA:175,0
DA:176,0
DA:178,0
DA:181,0
DA:182,0
DA:183,0
DA:184,0
DA:185,0
DA:187,0
DA:190,0
DA:193,0
DA:196,0
DA:198,0
DA:201,0
DA:203,0
DA:205,0
BRDA:181,684,0,0
BRDA:181,684,1,0
LF:111
LH:0
BRF:2
BRH:0
FNF:1
FNH:0
end_of_record
SF:C:\Users\Ahmed\Desktop\Stage PFE 2024\Projet .net\BackEnd\Gestion User\Gestion User\Tests\TicketBenchmark.cs
FN:20,System.Void TicketBenchmark::Setup()
FNDA:0,System.Void TicketBenchmark::Setup()
DA:21,0
DA:23,0
DA:24,0
DA:25,0
DA:27,0
DA:28,0
DA:29,0
DA:32,0
DA:33,0
FN:54,System.Void TicketBenchmark/<TestAddTicketPerformance>d__3::MoveNext()
FNDA:0,System.Void TicketBenchmark/<TestAddTicketPerformance>d__3::MoveNext()
DA:55,0
DA:56,0
DA:57,0
DA:58,0
DA:59,0
DA:60,0
DA:61,0
DA:62,0
DA:64,0
DA:65,0
FN:84,System.Void TicketBenchmark/<TestGetAllTicketsPerformance>d__5::MoveNext()
FNDA:0,System.Void TicketBenchmark/<TestGetAllTicketsPerformance>d__5::MoveNext()
DA:85,0
DA:86,0
DA:87,0
FN:36,System.Void TicketBenchmark/<TestGetTicketsPerformance>d__2::MoveNext()
FNDA:0,System.Void TicketBenchmark/<TestGetTicketsPerformance>d__2::MoveNext()
DA:37,0
DA:39,0
DA:40,0
DA:41,0
DA:42,0
DA:43,0
DA:44,0
DA:45,0
DA:46,0
DA:47,0
DA:48,0
DA:49,0
DA:50,0
BRDA:41,191,0,0
BRDA:41,191,1,0
FN:68,System.Void TicketBenchmark/<TestUpdateTicketPerformance>d__4::MoveNext()
FNDA:0,System.Void TicketBenchmark/<TestUpdateTicketPerformance>d__4::MoveNext()
DA:69,0
DA:70,0
DA:71,0
DA:72,0
DA:73,0
DA:74,0
DA:75,0
DA:76,0
DA:77,0
DA:79,0
DA:80,0
DA:81,0
LF:47
LH:0
BRF:2
BRH:0
FNF:5
FNH:0
end_of_record
SF:C:\Users\Ahmed\Desktop\Stage PFE 2024\Projet .net\BackEnd\Gestion User\Gestion User\Controllers\SinistreController.cs
FN:64,System.String User.Gestion.Api.Controllers.SinistresController::GetUserId()
FNDA:0,System.String User.Gestion.Api.Controllers.SinistresController::GetUserId()
DA:65,0
DA:66,0
DA:67,0
DA:68,0
DA:69,0
BRDA:66,8,0,0
BRDA:66,8,1,0
BRDA:66,56,0,0
BRDA:66,56,1,0
FN:23,System.Void User.Gestion.Api.Controllers.SinistresController::.ctor(User.Gestion.Service.Services.ISinistreService,Microsoft.Extensions.Logging.ILogger`1<User.Gestion.Api.Controllers.SinistresController>,AutoMapper.IMapper)
FNDA:0,System.Void User.Gestion.Api.Controllers.SinistresController::.ctor(User.Gestion.Service.Services.ISinistreService,Microsoft.Extensions.Logging.ILogger`1<User.Gestion.Api.Controllers.SinistresController>,AutoMapper.IMapper)
DA:24,0
DA:25,0
DA:26,0
DA:27,0
DA:28,0
DA:29,0
FN:35,System.Void User.Gestion.Api.Controllers.SinistresController/<CreateSinistre>d__4::MoveNext()
FNDA:0,System.Void User.Gestion.Api.Controllers.SinistresController/<CreateSinistre>d__4::MoveNext()
DA:36,0
DA:37,0
DA:38,0
DA:39,0
DA:40,0
DA:43,0
DA:44,0
DA:45,0
DA:48,0
DA:49,0
DA:50,0
DA:51,0
DA:53,0
DA:54,0
DA:55,0
DA:58,0
DA:59,0
DA:61,0
DA:62,0
BRDA:38,46,0,0
BRDA:38,46,1,0
BRDA:43,109,0,0
BRDA:43,109,1,0
BRDA:53,233,0,0
BRDA:53,233,1,0
FN:138,System.Void User.Gestion.Api.Controllers.SinistresController/<GetAllSinistres>d__9::MoveNext()
FNDA:0,System.Void User.Gestion.Api.Controllers.SinistresController/<GetAllSinistres>d__9::MoveNext()
DA:139,0
DA:140,0
DA:141,0
DA:142,0
FN:107,System.Void User.Gestion.Api.Controllers.SinistresController/<GetSinistreById>d__7::MoveNext()
FNDA:0,System.Void User.Gestion.Api.Controllers.SinistresController/<GetSinistreById>d__7::MoveNext()
DA:108,0
DA:109,0
DA:110,0
DA:111,0
DA:112,0
DA:115,0
DA:116,0
DA:117,0
DA:118,0
DA:120,0
DA:121,0
BRDA:110,46,0,0
BRDA:110,46,1,0
BRDA:116,222,0,0
BRDA:116,222,1,0
FN:124,System.Void User.Gestion.Api.Controllers.SinistresController/<GetSinistresByUser>d__8::MoveNext()
FNDA:0,System.Void User.Gestion.Api.Controllers.SinistresController/<GetSinistresByUser>d__8::MoveNext()
DA:125,0
DA:126,0
DA:127,0
DA:128,0
DA:129,0
DA:132,0
DA:133,0
DA:134,0
BRDA:127,43,0,0
BRDA:127,43,1,0
FN:73,System.Void User.Gestion.Api.Controllers.SinistresController/<UpdateSinistre>d__6::MoveNext()
FNDA:0,System.Void User.Gestion.Api.Controllers.SinistresController/<UpdateSinistre>d__6::MoveNext()
DA:74,0
DA:75,0
DA:76,0
DA:77,0
DA:78,0
DA:81,0
DA:82,0
DA:83,0
DA:84,0
DA:87,0
DA:90,0
DA:91,0
DA:92,0
DA:93,0
DA:94,0
DA:95,0
DA:97,0
DA:98,0
DA:99,0
DA:102,0
DA:103,0
DA:104,0
BRDA:76,57,0,0
BRDA:76,57,1,0
BRDA:82,233,0,0
BRDA:82,233,1,0
BRDA:97,507,0,0
BRDA:97,507,1,0
LF:75
LH:0
BRF:22
BRH:0
FNF:7
FNH:0
end_of_record
SF:C:\Users\Ahmed\Desktop\Stage PFE 2024\Projet .net\BackEnd\Gestion User\Gestion User\WeatherForecast.cs
FN:4,System.DateTime Gestion_User.WeatherForecast::get_Date()
FNDA:0,System.DateTime Gestion_User.WeatherForecast::get_Date()
DA:5,0
FN:6,System.Int32 Gestion_User.WeatherForecast::get_TemperatureC()
FNDA:0,System.Int32 Gestion_User.WeatherForecast::get_TemperatureC()
DA:7,0
FN:8,System.Int32 Gestion_User.WeatherForecast::get_TemperatureF()
FNDA:0,System.Int32 Gestion_User.WeatherForecast::get_TemperatureF()
DA:9,0
FN:10,System.String Gestion_User.WeatherForecast::get_Summary()
FNDA:0,System.String Gestion_User.WeatherForecast::get_Summary()
DA:11,0
LF:4
LH:0
BRF:0
BRH:0
FNF:4
FNH:0
end_of_record
SF:C:\Users\Ahmed\Desktop\Stage PFE 2024\Projet .net\BackEnd\Gestion User\Gestion User\Tests\AuthenticationBenchmark.cs
FN:20,System.Void Gestion_User.Tests.AuthenticationBenchmark::Setup()
FNDA:0,System.Void Gestion_User.Tests.AuthenticationBenchmark::Setup()
DA:21,0
DA:23,0
DA:24,0
DA:25,0
DA:27,0
DA:28,0
DA:29,0
DA:30,0
DA:31,0
DA:32,0
DA:33,0
DA:35,0
DA:36,0
FN:53,System.Void Gestion_User.Tests.AuthenticationBenchmark/<TestLoginPerformance>d__3::MoveNext()
FNDA:0,System.Void Gestion_User.Tests.AuthenticationBenchmark/<TestLoginPerformance>d__3::MoveNext()
DA:54,0
DA:55,0
DA:56,0
DA:57,0
DA:58,0
DA:59,0
DA:61,0
DA:62,0
FN:39,System.Void Gestion_User.Tests.AuthenticationBenchmark/<TestRegisterUserPerformance>d__2::MoveNext()
FNDA:0,System.Void Gestion_User.Tests.AuthenticationBenchmark/<TestRegisterUserPerformance>d__2::MoveNext()
DA:40,0
DA:41,0
DA:42,0
DA:43,0
DA:44,0
DA:45,0
DA:46,0
DA:47,0
DA:49,0
DA:50,0
LF:31
LH:0
BRF:0
BRH:0
FNF:3
FNH:0
end_of_record
SF:C:\Users\Ahmed\Desktop\Stage PFE 2024\Projet .net\BackEnd\Gestion User\Gestion User\Models\Response.cs
FN:4,System.String Gestion_User.Models.Response::get_Status()
FNDA:0,System.String Gestion_User.Models.Response::get_Status()
DA:5,0
FN:5,System.String Gestion_User.Models.Response::get_Message()
FNDA:0,System.String Gestion_User.Models.Response::get_Message()
DA:6,0
FN:6,System.Nullable`1<System.Boolean> Gestion_User.Models.Response::get_IsSuccess()
FNDA:0,System.Nullable`1<System.Boolean> Gestion_User.Models.Response::get_IsSuccess()
DA:7,0
FN:12,System.String Gestion_User.Models.LoginF2AModel::get_code()
FNDA:0,System.String Gestion_User.Models.LoginF2AModel::get_code()
DA:13,0
FN:13,System.String Gestion_User.Models.LoginF2AModel::get_userName()
FNDA:0,System.String Gestion_User.Models.LoginF2AModel::get_userName()
DA:14,0
LF:5
LH:0
BRF:0
BRH:0
FNF:5
FNH:0
end_of_record
SF:C:\Users\Ahmed\Desktop\Stage PFE 2024\Projet .net\BackEnd\Gestion User\Gestion User\Controllers\AuthenticationController.cs
FN:238,System.IdentityModel.Tokens.Jwt.JwtSecurityToken Gestion_User.Controllers.AuthenticationController::GetToken(System.Collections.Generic.List`1<System.Security.Claims.Claim>)
FNDA:0,System.IdentityModel.Tokens.Jwt.JwtSecurityToken Gestion_User.Controllers.AuthenticationController::GetToken(System.Collections.Generic.List`1<System.Security.Claims.Claim>)
DA:239,0
DA:240,0
DA:242,0
DA:243,0
DA:244,0
DA:245,0
DA:246,0
DA:247,0
DA:248,0
DA:250,0
DA:251,0
FN:32,System.Void Gestion_User.Controllers.AuthenticationController::.ctor(Microsoft.AspNetCore.Identity.UserManager`1<User.Gestion.Data.Models.ApplicationUser>,User.Gestion.Service.Services.IEmailService,Microsoft.AspNetCore.Identity.RoleManager`1<Microsoft.AspNetCore.Identity.IdentityRole>,User.Gestion.Service.Services.IUserManagement,Microsoft.Extensions.Configuration.IConfiguration,Microsoft.AspNetCore.Identity.SignInManager`1<User.Gestion.Data.Models.ApplicationUser>)
FNDA:0,System.Void Gestion_User.Controllers.AuthenticationController::.ctor(Microsoft.AspNetCore.Identity.UserManager`1<User.Gestion.Data.Models.ApplicationUser>,User.Gestion.Service.Services.IEmailService,Microsoft.AspNetCore.Identity.RoleManager`1<Microsoft.AspNetCore.Identity.IdentityRole>,User.Gestion.Service.Services.IUserManagement,Microsoft.Extensions.Configuration.IConfiguration,Microsoft.AspNetCore.Identity.SignInManager`1<User.Gestion.Data.Models.ApplicationUser>)
DA:33,0
DA:34,0
DA:35,0
DA:36,0
DA:37,0
DA:38,0
DA:39,0
DA:40,0
DA:41,0
DA:44,0
FN:64,System.Void Gestion_User.Controllers.AuthenticationController/<ConfirmEmail>d__8::MoveNext()
FNDA:0,System.Void Gestion_User.Controllers.AuthenticationController/<ConfirmEmail>d__8::MoveNext()
DA:65,0
DA:66,0
DA:67,0
DA:68,0
DA:69,0
DA:70,0
DA:71,0
DA:72,0
DA:73,0
DA:75,0
DA:76,0
DA:77,0
DA:78,0
BRDA:67,175,0,0
BRDA:70,341,0,0
BRDA:70,341,1,0
BRDA:67,175,1,0
FN:257,System.Void Gestion_User.Controllers.AuthenticationController/<ForgotPassword>d__15::MoveNext()
FNDA:0,System.Void Gestion_User.Controllers.AuthenticationController/<ForgotPassword>d__15::MoveNext()
DA:258,0
DA:259,0
DA:260,0
DA:261,0
DA:262,0
DA:263,0
DA:264,0
DA:265,0
DA:266,0
DA:267,0
DA:270,0
DA:271,0
DA:273,0
BRDA:260,175,0,0
BRDA:260,175,1,0
FN:128,System.Void Gestion_User.Controllers.AuthenticationController/<GetProfile>d__10::MoveNext()
FNDA:0,System.Void Gestion_User.Controllers.AuthenticationController/<GetProfile>d__10::MoveNext()
DA:129,0
DA:130,0
DA:131,0
DA:133,0
DA:134,0
DA:135,0
DA:138,0
DA:139,0
DA:140,0
DA:141,0
DA:142,0
DA:143,0
DA:144,0
DA:145,0
DA:146,0
DA:148,0
DA:149,0
BRDA:133,202,0,0
BRDA:133,202,1,0
FN:81,System.Void Gestion_User.Controllers.AuthenticationController/<Login>d__9::MoveNext()
FNDA:0,System.Void Gestion_User.Controllers.AuthenticationController/<Login>d__9::MoveNext()
DA:82,0
DA:83,0
DA:85,0
DA:86,0
DA:87,0
DA:88,0
DA:89,0
DA:90,0
DA:91,0
DA:92,0
DA:94,0
DA:95,0
DA:96,0
DA:97,0
DA:98,0
DA:100,0
DA:102,0
DA:103,0
DA:104,0
DA:105,0
DA:106,0
DA:109,0
DA:110,0
BRDA:85,214,0,0
BRDA:85,214,1,0
BRDA:85,372,0,0
BRDA:95,706,1,0
BRDA:95,706,0,0
BRDA:85,372,1,0
FN:227,System.Void Gestion_User.Controllers.AuthenticationController/<RefreshToken>d__13::MoveNext()
FNDA:0,System.Void Gestion_User.Controllers.AuthenticationController/<RefreshToken>d__13::MoveNext()
DA:228,0
DA:229,0
DA:230,0
DA:231,0
DA:232,0
DA:234,0
DA:235,0
DA:236,0
BRDA:230,166,0,0
BRDA:230,166,1,0
FN:47,System.Void Gestion_User.Controllers.AuthenticationController/<Register>d__7::MoveNext()
FNDA:0,System.Void Gestion_User.Controllers.AuthenticationController/<Register>d__7::MoveNext()
DA:48,0
DA:49,0
DA:50,0
DA:51,0
DA:52,0
DA:53,0
DA:54,0
DA:55,0
DA:56,0
DA:57,0
DA:59,0
DA:60,0
DA:61,0
BRDA:50,177,0,0
BRDA:50,177,1,0
FN:277,System.Void Gestion_User.Controllers.AuthenticationController/<ResetPassword>d__16::MoveNext()
FNDA:0,System.Void Gestion_User.Controllers.AuthenticationController/<ResetPassword>d__16::MoveNext()
DA:278,0
DA:279,0
DA:280,0
DA:281,0
DA:282,0
DA:283,0
DA:284,0
FN:290,System.Void Gestion_User.Controllers.AuthenticationController/<ResetPassword>d__17::MoveNext()
FNDA:0,System.Void Gestion_User.Controllers.AuthenticationController/<ResetPassword>d__17::MoveNext()
DA:291,0
DA:292,0
DA:293,0
DA:294,0
DA:295,0
DA:296,0
DA:297,0
DA:298,0
DA:299,0
DA:300,0
DA:301,0
DA:302,0
DA:304,0
DA:305,0
DA:307,0
DA:308,0
DA:309,0
BRDA:293,180,0,0
BRDA:296,365,0,0
BRDA:298,472,1,0
BRDA:298,472,0,0
BRDA:296,365,1,0
BRDA:293,180,1,0
FN:152,System.Void Gestion_User.Controllers.AuthenticationController/<UpdateProfile>d__11::MoveNext()
FNDA:0,System.Void Gestion_User.Controllers.AuthenticationController/<UpdateProfile>d__11::MoveNext()
DA:153,0
DA:154,0
DA:155,0
DA:157,0
DA:158,0
DA:159,0
DA:162,0
DA:163,0
DA:164,0
DA:165,0
DA:168,0
DA:169,0
DA:170,0
DA:171,0
DA:172,0
DA:173,0
DA:174,0
DA:175,0
DA:176,0
DA:178,0
DA:179,0
DA:180,0
DA:181,0
DA:184,0
DA:185,0
BRDA:157,216,0,0
BRDA:157,216,1,0
BRDA:168,344,0,0
BRDA:168,344,1,0
BRDA:168,368,0,0
BRDA:168,368,1,0
BRDA:179,806,0,0
BRDA:179,806,1,0
FN:190,System.Void Gestion_User.Controllers.AuthenticationController/<UploadProfileImage>d__12::MoveNext()
FNDA:0,System.Void Gestion_User.Controllers.AuthenticationController/<UploadProfileImage>d__12::MoveNext()
DA:191,0
DA:192,0
DA:193,0
DA:195,0
DA:196,0
DA:197,0
DA:200,0
DA:201,0
DA:202,0
DA:206,0
DA:207,0
DA:208,0
DA:209,0
DA:210,0
DA:213,0
DA:214,0
DA:216,0
DA:217,0
DA:218,0
DA:221,0
DA:222,0
BRDA:195,216,0,0
BRDA:195,216,1,0
BRDA:200,252,0,0
BRDA:200,252,1,0
BRDA:200,276,0,0
BRDA:200,276,1,0
BRDA:216,730,0,0
BRDA:216,730,1,0
FN:315,System.Void Gestion_User.Controllers.AuthenticationController/<ValidateToken>d__18::MoveNext()
FNDA:0,System.Void Gestion_User.Controllers.AuthenticationController/<ValidateToken>d__18::MoveNext()
DA:316,0
DA:317,0
DA:318,0
DA:320,0
DA:321,0
DA:322,0
DA:325,0
DA:326,0
DA:327,0
DA:328,0
DA:329,0
DA:330,0
DA:331,0
BRDA:320,191,0,0
BRDA:320,191,1,0
LF:191
LH:0
BRF:42
BRH:0
FNF:13
FNH:0
end_of_record
SF:C:\Users\Ahmed\Desktop\Stage PFE 2024\Projet .net\BackEnd\Gestion User\Gestion User\Controllers\ContractsController.cs
FN:44,System.String Gestion_User.Controllers.ContractsController::GetUserId()
FNDA:1,System.String Gestion_User.Controllers.ContractsController::GetUserId()
DA:45,1
DA:46,1
DA:47,1
DA:48,1
BRDA:47,19,0,1
BRDA:47,19,1,0
FN:35,System.Void Gestion_User.Controllers.ContractsController::.ctor(User.Gestion.Service.Services.IContractService,User.Gestion.Service.Services.IUserManagement,Microsoft.Extensions.Logging.ILogger`1<Gestion_User.Controllers.ContractsController>)
FNDA:1,System.Void Gestion_User.Controllers.ContractsController::.ctor(User.Gestion.Service.Services.IContractService,User.Gestion.Service.Services.IUserManagement,Microsoft.Extensions.Logging.ILogger`1<Gestion_User.Controllers.ContractsController>)
DA:36,1
DA:37,1
DA:38,1
DA:39,1
DA:40,1
DA:42,1
FN:192,<>f__AnonymousType8`2<System.String,System.String> Gestion_User.Controllers.ContractsController/<>c::<GetClients>b__10_0(User.Gestion.Data.Models.ApplicationUser)
FNDA:0,<>f__AnonymousType8`2<System.String,System.String> Gestion_User.Controllers.ContractsController/<>c::<GetClients>b__10_0(User.Gestion.Data.Models.ApplicationUser)
DA:193,0
FN:157,System.Boolean Gestion_User.Controllers.ContractsController/<>c__DisplayClass8_0::<UpdateContract>b__0(User.Gestion.Data.Models.ApplicationUser)
FNDA:0,System.Boolean Gestion_User.Controllers.ContractsController/<>c__DisplayClass8_0::<UpdateContract>b__0(User.Gestion.Data.Models.ApplicationUser)
DA:158,0
FN:95,System.Void Gestion_User.Controllers.ContractsController/<AddContract>d__7::MoveNext()
FNDA:0,System.Void Gestion_User.Controllers.ContractsController/<AddContract>d__7::MoveNext()
DA:96,0
DA:97,0
DA:99,0
DA:100,0
DA:101,0
DA:104,0
DA:105,0
DA:106,0
DA:109,0
DA:110,0
DA:111,0
DA:112,0
DA:113,0
DA:114,0
DA:115,0
DA:116,0
DA:117,0
DA:119,0
DA:121,0
DA:122,0
DA:123,0
DA:126,0
DA:127,0
BRDA:99,48,0,0
BRDA:99,48,1,0
BRDA:104,91,0,0
BRDA:104,91,1,0
BRDA:121,383,0,0
BRDA:121,383,1,0
FN:198,System.Void Gestion_User.Controllers.ContractsController/<GenerateAllContractsPdf>d__11::MoveNext()
FNDA:0,System.Void Gestion_User.Controllers.ContractsController/<GenerateAllContractsPdf>d__11::MoveNext()
DA:199,0
DA:200,0
DA:202,0
DA:203,0
DA:204,0
DA:207,0
DA:209,0
DA:210,0
DA:211,0
DA:214,0
DA:215,0
DA:216,0
DA:217,0
DA:218,0
DA:221,0
DA:224,0
DA:225,0
DA:228,0
DA:229,0
DA:230,0
DA:233,0
DA:234,0
DA:235,0
DA:236,0
DA:237,0
DA:238,0
DA:239,0
DA:242,0
DA:243,0
DA:244,0
DA:245,0
DA:246,0
DA:247,0
DA:248,0
DA:249,0
DA:250,0
DA:251,0
DA:252,0
DA:253,0
DA:254,0
DA:255,0
DA:256,0
DA:257,0
DA:258,0
DA:260,0
DA:262,0
DA:263,0
DA:265,0
BRDA:202,48,0,0
BRDA:202,48,1,0
BRDA:209,216,0,0
BRDA:209,216,1,0
BRDA:209,239,0,0
BRDA:209,239,1,0
BRDA:242,967,1,0
BRDA:254,888,0,0
BRDA:254,888,1,0
BRDA:242,967,0,0
FN:182,System.Void Gestion_User.Controllers.ContractsController/<GetAllContracts>d__9::MoveNext()
FNDA:0,System.Void Gestion_User.Controllers.ContractsController/<GetAllContracts>d__9::MoveNext()
DA:183,0
DA:184,0
DA:185,0
DA:186,0
FN:190,System.Void Gestion_User.Controllers.ContractsController/<GetClients>d__10::MoveNext()
FNDA:0,System.Void Gestion_User.Controllers.ContractsController/<GetClients>d__10::MoveNext()
DA:191,0
DA:192,0
DA:194,0
DA:195,0
FN:52,System.Void Gestion_User.Controllers.ContractsController/<GetContracts>d__5::MoveNext()
FNDA:1,System.Void Gestion_User.Controllers.ContractsController/<GetContracts>d__5::MoveNext()
DA:53,1
DA:54,1
DA:56,1
DA:57,1
DA:58,1
DA:60,1
DA:63,0
DA:64,0
DA:66,0
DA:67,1
BRDA:56,48,0,1
BRDA:56,48,1,0
FN:71,System.Void Gestion_User.Controllers.ContractsController/<RenewContract>d__6::MoveNext()
FNDA:0,System.Void Gestion_User.Controllers.ContractsController/<RenewContract>d__6::MoveNext()
DA:72,0
DA:73,0
DA:75,0
DA:76,0
DA:77,0
DA:79,0
DA:82,0
DA:83,0
DA:84,0
DA:85,0
DA:87,0
DA:89,0
DA:91,0
DA:92,0
BRDA:75,48,0,0
BRDA:75,48,1,0
BRDA:83,248,0,0
BRDA:83,248,1,0
FN:132,System.Void Gestion_User.Controllers.ContractsController/<UpdateContract>d__8::MoveNext()
FNDA:0,System.Void Gestion_User.Controllers.ContractsController/<UpdateContract>d__8::MoveNext()
DA:133,0
DA:134,0
DA:136,0
DA:137,0
DA:138,0
DA:141,0
DA:143,0
DA:144,0
DA:145,0
DA:149,0
DA:150,0
DA:151,0
DA:152,0
DA:155,0
DA:156,0
DA:157,0
DA:159,0
DA:160,0
DA:161,0
DA:163,0
DA:164,0
DA:166,0
DA:168,0
DA:170,0
DA:171,0
DA:172,0
DA:175,0
DA:176,0
BRDA:136,101,0,0
BRDA:136,101,1,0
BRDA:143,276,0,0
BRDA:143,276,1,0
BRDA:155,441,0,0
BRDA:158,613,0,0
BRDA:158,613,1,0
BRDA:155,441,1,0
BRDA:170,824,0,0
BRDA:170,824,1,0
FN:280,System.Void Gestion_User.Controllers.PageBorderEvent::HandleEvent(iText.Kernel.Events.Event)
FNDA:0,System.Void Gestion_User.Controllers.PageBorderEvent::HandleEvent(iText.Kernel.Events.Event)
DA:281,0
DA:282,0
DA:283,0
DA:284,0
DA:285,0
DA:286,0
DA:287,0
DA:288,0
DA:289,0
DA:290,0
DA:291,0
DA:292,0
DA:293,0
DA:294,0
DA:295,0
FN:274,System.Void Gestion_User.Controllers.PageBorderEvent::.ctor(iText.Layout.Borders.Border)
FNDA:0,System.Void Gestion_User.Controllers.PageBorderEvent::.ctor(iText.Layout.Borders.Border)
DA:275,0
DA:276,0
DA:277,0
DA:278,0
LF:162
LH:17
BRF:34
BRH:2
FNF:13
FNH:3
end_of_record
SF:C:\Users\Ahmed\Desktop\Stage PFE 2024\Projet .net\BackEnd\Gestion User\Gestion User\Controllers\DevisController.cs
FN:180,User.Gestion.Data.Models.DevisDto Gestion_User.Controllers.DevisController::MapDevisToDto(User.Gestion.Data.Models.Devis)
FNDA:0,User.Gestion.Data.Models.DevisDto Gestion_User.Controllers.DevisController::MapDevisToDto(User.Gestion.Data.Models.Devis)
DA:181,0
DA:182,0
DA:185,0
DA:186,0
DA:187,0
DA:188,0
DA:189,0
DA:190,0
DA:191,0
DA:192,0
DA:193,0
DA:194,0
DA:196,0
DA:197,0
DA:198,0
DA:199,0
DA:200,0
DA:201,0
DA:202,0
DA:203,0
DA:204,0
DA:205,0
DA:207,0
DA:208,0
DA:209,0
DA:210,0
DA:211,0
DA:212,0
DA:213,0
DA:214,0
DA:215,0
DA:217,0
DA:218,0
DA:219,0
DA:220,0
DA:221,0
DA:222,0
DA:223,0
DA:224,0
DA:225,0
DA:227,0
DA:228,0
DA:229,0
DA:230,0
DA:231,0
DA:232,0
DA:234,0
BRDA:182,17,0,0
BRDA:182,28,0,0
BRDA:182,42,0,0
BRDA:182,17,1,0
BRDA:182,28,1,0
BRDA:182,42,1,0
BRDA:182,56,1,0
BRDA:182,56,0,0
FN:238,System.String Gestion_User.Controllers.DevisController::GetOwnerIdFromToken()
FNDA:0,System.String Gestion_User.Controllers.DevisController::GetOwnerIdFromToken()
DA:239,0
DA:240,0
DA:241,0
DA:242,0
DA:243,0
BRDA:241,29,0,0
BRDA:241,29,1,0
BRDA:241,46,0,0
BRDA:241,46,1,0
FN:19,System.Void Gestion_User.Controllers.DevisController::.ctor(User.Gestion.Service.Services.IDevisService,Microsoft.AspNetCore.Http.IHttpContextAccessor)
FNDA:0,System.Void Gestion_User.Controllers.DevisController::.ctor(User.Gestion.Service.Services.IDevisService,Microsoft.AspNetCore.Http.IHttpContextAccessor)
DA:20,0
DA:21,0
DA:22,0
DA:23,0
DA:24,0
FN:69,System.Void Gestion_User.Controllers.DevisController/<CreateDevisAuto>d__5::MoveNext()
FNDA:0,System.Void Gestion_User.Controllers.DevisController/<CreateDevisAuto>d__5::MoveNext()
DA:70,0
DA:71,0
DA:72,0
DA:73,0
DA:74,0
DA:77,0
DA:78,0
DA:79,0
DA:80,0
DA:81,0
DA:82,0
DA:83,0
DA:84,0
DA:85,0
DA:87,0
DA:89,0
DA:90,0
DA:91,0
BRDA:72,48,0,0
BRDA:72,48,1,0
FN:122,System.Void Gestion_User.Controllers.DevisController/<CreateDevisHabitation>d__7::MoveNext()
FNDA:0,System.Void Gestion_User.Controllers.DevisController/<CreateDevisHabitation>d__7::MoveNext()
DA:123,0
DA:124,0
DA:125,0
DA:126,0
DA:127,0
DA:130,0
DA:131,0
DA:132,0
DA:133,0
DA:134,0
DA:135,0
DA:136,0
DA:137,0
DA:139,0
DA:141,0
DA:142,0
DA:143,0
BRDA:125,48,0,0
BRDA:125,48,1,0
FN:96,System.Void Gestion_User.Controllers.DevisController/<CreateDevisSante>d__6::MoveNext()
FNDA:0,System.Void Gestion_User.Controllers.DevisController/<CreateDevisSante>d__6::MoveNext()
DA:97,0
DA:98,0
DA:99,0
DA:100,0
DA:101,0
DA:104,0
DA:105,0
DA:106,0
DA:107,0
DA:108,0
DA:109,0
DA:110,0
DA:111,0
DA:112,0
DA:114,0
DA:116,0
DA:117,0
DA:118,0
BRDA:99,48,0,0
BRDA:99,48,1,0
FN:147,System.Void Gestion_User.Controllers.DevisController/<CreateDevisVie>d__8::MoveNext()
FNDA:0,System.Void Gestion_User.Controllers.DevisController/<CreateDevisVie>d__8::MoveNext()
DA:148,0
DA:149,0
DA:150,0
DA:151,0
DA:152,0
DA:155,0
DA:156,0
DA:157,0
DA:158,0
DA:159,0
DA:160,0
DA:161,0
DA:162,0
DA:164,0
DA:166,0
DA:167,0
DA:168,0
BRDA:150,48,0,0
BRDA:150,48,1,0
FN:28,System.Void Gestion_User.Controllers.DevisController/<GetDevis>d__3::MoveNext()
FNDA:0,System.Void Gestion_User.Controllers.DevisController/<GetDevis>d__3::MoveNext()
DA:29,0
DA:30,0
DA:31,0
DA:32,0
DA:33,0
DA:36,0
DA:37,0
DA:39,0
DA:40,0
DA:41,0
DA:42,0
DA:44,0
DA:45,0
BRDA:31,48,0,0
BRDA:31,48,1,0
BRDA:39,307,1,0
BRDA:39,307,0,0
FN:49,System.Void Gestion_User.Controllers.DevisController/<GetDevisById>d__4::MoveNext()
FNDA:0,System.Void Gestion_User.Controllers.DevisController/<GetDevisById>d__4::MoveNext()
DA:50,0
DA:51,0
DA:52,0
DA:53,0
DA:54,0
DA:57,0
DA:59,0
DA:60,0
DA:61,0
DA:64,0
DA:65,0
BRDA:52,48,0,0
BRDA:52,48,1,0
BRDA:59,229,0,0
BRDA:59,229,1,0
LF:151
LH:0
BRF:28
BRH:0
FNF:9
FNH:0
end_of_record
SF:C:\Users\Ahmed\Desktop\Stage PFE 2024\Projet .net\BackEnd\Gestion User\Gestion User\Controllers\FeedbackController.cs
FN:35,System.String Gestion_User.Controllers.FeedbackController::GetUserIdFromToken()
FNDA:0,System.String Gestion_User.Controllers.FeedbackController::GetUserIdFromToken()
DA:36,0
DA:37,0
DA:38,0
DA:39,0
DA:40,0
BRDA:38,29,0,0
BRDA:38,29,1,0
BRDA:38,46,0,0
BRDA:38,46,1,0
FN:24,System.Void Gestion_User.Controllers.FeedbackController::.ctor(User.Gestion.Service.Services.IFeedbackService,Microsoft.AspNetCore.Identity.UserManager`1<User.Gestion.Data.Models.ApplicationUser>,Microsoft.AspNetCore.Http.IHttpContextAccessor)
FNDA:0,System.Void Gestion_User.Controllers.FeedbackController::.ctor(User.Gestion.Service.Services.IFeedbackService,Microsoft.AspNetCore.Identity.UserManager`1<User.Gestion.Data.Models.ApplicationUser>,Microsoft.AspNetCore.Http.IHttpContextAccessor)
DA:25,0
DA:26,0
DA:27,0
DA:28,0
DA:29,0
DA:30,0
DA:31,0
DA:32,0
DA:33,0
FN:110,User.Gestion.Service.Models.Feedback.FeedbackResponseDTO Gestion_User.Controllers.FeedbackController/<>c::<GetAllComments>b__8_0(User.Gestion.Data.Models.Feedback)
FNDA:0,User.Gestion.Service.Models.Feedback.FeedbackResponseDTO Gestion_User.Controllers.FeedbackController/<>c::<GetAllComments>b__8_0(User.Gestion.Data.Models.Feedback)
DA:111,0
DA:112,0
DA:113,0
DA:114,0
DA:115,0
DA:116,0
DA:117,0
DA:118,0
DA:119,0
FN:45,System.Void Gestion_User.Controllers.FeedbackController/<AddFeedback>d__5::MoveNext()
FNDA:0,System.Void Gestion_User.Controllers.FeedbackController/<AddFeedback>d__5::MoveNext()
DA:46,0
DA:47,0
DA:48,0
DA:50,0
DA:51,0
DA:52,0
DA:53,0
DA:56,0
DA:57,0
DA:58,0
DA:59,0
DA:60,0
DA:61,0
DA:62,0
DA:63,0
DA:65,0
DA:66,0
DA:67,0
BRDA:47,39,0,0
BRDA:47,39,1,0
BRDA:51,99,0,0
BRDA:51,99,1,0
FN:102,System.Void Gestion_User.Controllers.FeedbackController/<GetAllComments>d__8::MoveNext()
FNDA:0,System.Void Gestion_User.Controllers.FeedbackController/<GetAllComments>d__8::MoveNext()
DA:103,0
DA:104,0
DA:105,0
DA:106,0
DA:107,0
DA:110,0
DA:121,0
DA:122,0
BRDA:105,45,0,0
BRDA:105,45,1,0
FN:72,System.Void Gestion_User.Controllers.FeedbackController/<GetAverageRating>d__6::MoveNext()
FNDA:0,System.Void Gestion_User.Controllers.FeedbackController/<GetAverageRating>d__6::MoveNext()
DA:73,0
DA:74,0
DA:75,0
DA:76,0
DA:77,0
DA:80,0
DA:81,0
DA:82,0
BRDA:75,45,0,0
BRDA:75,45,1,0
FN:87,System.Void Gestion_User.Controllers.FeedbackController/<GetRatingDistribution>d__7::MoveNext()
FNDA:0,System.Void Gestion_User.Controllers.FeedbackController/<GetRatingDistribution>d__7::MoveNext()
DA:88,0
DA:89,0
DA:90,0
DA:91,0
DA:92,0
DA:95,0
DA:96,0
DA:97,0
BRDA:90,45,0,0
BRDA:90,45,1,0
LF:65
LH:0
BRF:14
BRH:0
FNF:7
FNH:0
end_of_record
SF:C:\Users\Ahmed\Desktop\Stage PFE 2024\Projet .net\BackEnd\Gestion User\Gestion User\Controllers\OpportunitiesController.cs
FN:67,System.String Gestion_User.Controllers.OpportunitiesController::GetUserIdFromToken()
FNDA:0,System.String Gestion_User.Controllers.OpportunitiesController::GetUserIdFromToken()
DA:68,0
DA:69,0
DA:70,0
DA:71,0
DA:72,0
BRDA:70,29,0,0
BRDA:70,29,1,0
BRDA:70,46,0,0
BRDA:70,46,1,0
FN:20,System.Void Gestion_User.Controllers.OpportunitiesController::.ctor(User.Gestion.Service.Services.IOpportunityService,User.Gestion.Service.Services.IDevisService,Microsoft.AspNetCore.Http.IHttpContextAccessor)
FNDA:0,System.Void Gestion_User.Controllers.OpportunitiesController::.ctor(User.Gestion.Service.Services.IOpportunityService,User.Gestion.Service.Services.IDevisService,Microsoft.AspNetCore.Http.IHttpContextAccessor)
DA:21,0
DA:22,0
DA:23,0
DA:24,0
DA:25,0
DA:26,0
FN:46,System.Void Gestion_User.Controllers.OpportunitiesController/<ApproveOpportunity>d__5::MoveNext()
FNDA:0,System.Void Gestion_User.Controllers.OpportunitiesController/<ApproveOpportunity>d__5::MoveNext()
DA:47,0
DA:48,0
DA:49,0
DA:50,0
DA:51,0
DA:54,0
DA:55,0
DA:56,0
BRDA:49,48,0,0
BRDA:49,48,1,0
FN:60,System.Void Gestion_User.Controllers.OpportunitiesController/<GetAllOpportunities>d__6::MoveNext()
FNDA:0,System.Void Gestion_User.Controllers.OpportunitiesController/<GetAllOpportunities>d__6::MoveNext()
DA:61,0
DA:62,0
DA:63,0
DA:64,0
FN:31,System.Void Gestion_User.Controllers.OpportunitiesController/<GetOpportunities>d__4::MoveNext()
FNDA:0,System.Void Gestion_User.Controllers.OpportunitiesController/<GetOpportunities>d__4::MoveNext()
DA:32,0
DA:33,0
DA:34,0
DA:35,0
DA:36,0
DA:39,0
DA:40,0
DA:41,0
BRDA:34,48,0,0
BRDA:34,48,1,0
LF:31
LH:0
BRF:8
BRH:0
FNF:5
FNH:0
end_of_record
SF:C:\Users\Ahmed\Desktop\Stage PFE 2024\Projet .net\BackEnd\Gestion User\Gestion User\Controllers\TicketController.cs
FN:31,System.String Gestion_User.Controllers.TicketController::GetUserId()
FNDA:0,System.String Gestion_User.Controllers.TicketController::GetUserId()
DA:32,0
DA:33,0
DA:34,0
DA:35,0
DA:36,0
DA:38,0
DA:39,0
BRDA:34,55,0,0
BRDA:34,55,1,0
FN:41,System.Boolean Gestion_User.Controllers.TicketController::IsUserInRole(System.String)
FNDA:0,System.Boolean Gestion_User.Controllers.TicketController::IsUserInRole(System.String)
DA:42,0
DA:43,0
DA:44,0
FN:23,System.Void Gestion_User.Controllers.TicketController::.ctor(User.Gestion.Service.Services.ITicketService,User.Gestion.Service.Services.IEmailService)
FNDA:0,System.Void Gestion_User.Controllers.TicketController::.ctor(User.Gestion.Service.Services.ITicketService,User.Gestion.Service.Services.IEmailService)
DA:24,0
DA:25,0
DA:26,0
DA:27,0
DA:29,0
FN:71,System.Void Gestion_User.Controllers.TicketController/<AddTicket>d__7::MoveNext()
FNDA:0,System.Void Gestion_User.Controllers.TicketController/<AddTicket>d__7::MoveNext()
DA:72,0
DA:73,0
DA:74,0
DA:75,0
DA:78,0
DA:79,0
DA:80,0
DA:81,0
DA:84,0
DA:85,0
DA:86,0
DA:87,0
DA:88,0
DA:89,0
DA:90,0
DA:91,0
DA:92,0
DA:94,0
DA:95,0
DA:96,0
BRDA:73,29,0,0
BRDA:73,29,1,0
BRDA:79,89,0,0
BRDA:79,89,1,0
FN:136,System.Void Gestion_User.Controllers.TicketController/<FilterTickets>d__10::MoveNext()
FNDA:0,System.Void Gestion_User.Controllers.TicketController/<FilterTickets>d__10::MoveNext()
DA:137,0
DA:138,0
DA:139,0
DA:140,0
FN:204,System.Void Gestion_User.Controllers.TicketController/<GetAllTicketResponses>d__14::MoveNext()
FNDA:0,System.Void Gestion_User.Controllers.TicketController/<GetAllTicketResponses>d__14::MoveNext()
DA:205,0
DA:206,0
DA:207,0
DA:208,0
FN:128,System.Void Gestion_User.Controllers.TicketController/<GetAllTickets>d__9::MoveNext()
FNDA:0,System.Void Gestion_User.Controllers.TicketController/<GetAllTickets>d__9::MoveNext()
DA:129,0
DA:130,0
DA:131,0
DA:132,0
FN:57,System.Void Gestion_User.Controllers.TicketController/<GetTicketById>d__6::MoveNext()
FNDA:0,System.Void Gestion_User.Controllers.TicketController/<GetTicketById>d__6::MoveNext()
DA:58,0
DA:59,0
DA:60,0
DA:61,0
DA:62,0
DA:63,0
DA:65,0
DA:66,0
BRDA:61,174,0,0
BRDA:61,174,1,0
BRDA:61,205,0,0
BRDA:61,205,1,0
FN:212,System.Void Gestion_User.Controllers.TicketController/<GetTicketStatistics>d__15::MoveNext()
FNDA:0,System.Void Gestion_User.Controllers.TicketController/<GetTicketStatistics>d__15::MoveNext()
DA:213,0
DA:214,0
DA:215,0
DA:216,0
FN:49,System.Void Gestion_User.Controllers.TicketController/<GetTickets>d__5::MoveNext()
FNDA:0,System.Void Gestion_User.Controllers.TicketController/<GetTickets>d__5::MoveNext()
DA:50,0
DA:51,0
DA:52,0
DA:53,0
DA:54,0
FN:191,System.Void Gestion_User.Controllers.TicketController/<GetTicketsByTitle>d__13::MoveNext()
FNDA:0,System.Void Gestion_User.Controllers.TicketController/<GetTicketsByTitle>d__13::MoveNext()
DA:192,0
DA:193,0
DA:194,0
DA:195,0
DA:198,0
DA:199,0
DA:200,0
DA:201,0
BRDA:193,51,0,0
BRDA:193,51,1,0
FN:144,System.Void Gestion_User.Controllers.TicketController/<RespondToTicket>d__11::MoveNext()
FNDA:0,System.Void Gestion_User.Controllers.TicketController/<RespondToTicket>d__11::MoveNext()
DA:145,0
DA:146,0
DA:147,0
DA:148,0
DA:149,0
DA:151,0
DA:152,0
BRDA:147,170,0,0
BRDA:147,170,1,0
FN:101,System.Void Gestion_User.Controllers.TicketController/<UpdateTicket>d__8::MoveNext()
FNDA:0,System.Void Gestion_User.Controllers.TicketController/<UpdateTicket>d__8::MoveNext()
DA:102,0
DA:103,0
DA:104,0
DA:105,0
DA:108,0
DA:109,0
DA:111,0
DA:112,0
DA:113,0
DA:116,0
DA:117,0
DA:118,0
DA:122,0
DA:123,0
DA:124,0
BRDA:103,40,0,0
BRDA:103,40,1,0
BRDA:111,230,0,0
BRDA:111,230,1,0
BRDA:111,261,0,0
BRDA:111,261,1,0
FN:157,System.Void Gestion_User.Controllers.TicketController/<UpdateTicketStatus>d__12::MoveNext()
FNDA:0,System.Void Gestion_User.Controllers.TicketController/<UpdateTicketStatus>d__12::MoveNext()
DA:158,0
DA:159,0
DA:160,0
DA:161,0
DA:164,0
DA:165,0
DA:166,0
DA:167,0
DA:170,0
DA:171,0
DA:172,0
DA:173,0
DA:177,0
DA:178,0
DA:179,0
DA:180,0
DA:181,0
DA:182,0
DA:184,0
DA:185,0
BRDA:159,57,0,0
BRDA:159,57,1,0
BRDA:165,232,0,0
BRDA:165,232,1,0
BRDA:171,404,0,0
BRDA:171,404,1,0
LF:114
LH:0
BRF:26
BRH:0
FNF:14
FNH:0
end_of_record
SF:C:\Users\Ahmed\Desktop\Stage PFE 2024\Projet .net\BackEnd\Gestion User\Gestion User\Controllers\WeatherForecastController.cs
FN:29,System.Collections.Generic.IEnumerable`1<Gestion_User.WeatherForecast> Gestion_User.Controllers.WeatherForecastController::Get()
FNDA:0,System.Collections.Generic.IEnumerable`1<Gestion_User.WeatherForecast> Gestion_User.Controllers.WeatherForecastController::Get()
DA:30,0
DA:31,0
DA:32,0
DA:33,0
DA:34,0
DA:35,0
DA:36,0
DA:37,0
DA:38,0
FN:22,System.Void Gestion_User.Controllers.WeatherForecastController::.ctor(Microsoft.Extensions.Logging.ILogger`1<Gestion_User.Controllers.WeatherForecastController>)
FNDA:0,System.Void Gestion_User.Controllers.WeatherForecastController::.ctor(Microsoft.Extensions.Logging.ILogger`1<Gestion_User.Controllers.WeatherForecastController>)
DA:23,0
DA:24,0
DA:25,0
DA:26,0
FN:15,System.Void Gestion_User.Controllers.WeatherForecastController::.cctor()
FNDA:0,System.Void Gestion_User.Controllers.WeatherForecastController::.cctor()
DA:16,0
DA:17,0
DA:18,0
DA:19,0
LF:17
LH:0
BRF:0
BRH:0
FNF:3
FNH:0
end_of_record
SF:C:\Users\Ahmed\Desktop\Stage PFE 2024\Projet .net\BackEnd\Gestion User\User.Gestion.Data\Models\AddFeedbackDTO.cs
FN:10,System.Int32 User.Gestion.Service.Models.Feedback.AddFeedbackDTO::get_Rating()
FNDA:0,System.Int32 User.Gestion.Service.Models.Feedback.AddFeedbackDTO::get_Rating()
DA:11,0
FN:12,System.String User.Gestion.Service.Models.Feedback.AddFeedbackDTO::get_Comment()
FNDA:0,System.String User.Gestion.Service.Models.Feedback.AddFeedbackDTO::get_Comment()
DA:13,0
LF:2
LH:0
BRF:0
BRH:0
FNF:2
FNH:0
end_of_record
SF:C:\Users\Ahmed\Desktop\Stage PFE 2024\Projet .net\BackEnd\Gestion User\User.Gestion.Data\Models\AverageRatingDTO.cs
FN:7,System.Double User.Gestion.Service.Models.Feedback.AverageRatingDTO::get_AverageRating()
FNDA:0,System.Double User.Gestion.Service.Models.Feedback.AverageRatingDTO::get_AverageRating()
DA:8,0
LF:1
LH:0
BRF:0
BRH:0
FNF:1
FNH:0
end_of_record
SF:C:\Users\Ahmed\Desktop\Stage PFE 2024\Projet .net\BackEnd\Gestion User\User.Gestion.Data\Models\FeedbackResponseDTO.cs
FN:7,System.Guid User.Gestion.Service.Models.Feedback.FeedbackResponseDTO::get_Id()
FNDA:0,System.Guid User.Gestion.Service.Models.Feedback.FeedbackResponseDTO::get_Id()
DA:8,0
FN:8,System.Int32 User.Gestion.Service.Models.Feedback.FeedbackResponseDTO::get_Rating()
FNDA:0,System.Int32 User.Gestion.Service.Models.Feedback.FeedbackResponseDTO::get_Rating()
DA:9,0
FN:9,System.String User.Gestion.Service.Models.Feedback.FeedbackResponseDTO::get_Comment()
FNDA:0,System.String User.Gestion.Service.Models.Feedback.FeedbackResponseDTO::get_Comment()
DA:10,0
FN:10,System.DateTime User.Gestion.Service.Models.Feedback.FeedbackResponseDTO::get_DateCreated()
FNDA:0,System.DateTime User.Gestion.Service.Models.Feedback.FeedbackResponseDTO::get_DateCreated()
DA:11,0
FN:11,System.String User.Gestion.Service.Models.Feedback.FeedbackResponseDTO::get_UserName()
FNDA:0,System.String User.Gestion.Service.Models.Feedback.FeedbackResponseDTO::get_UserName()
DA:12,0
FN:12,System.String User.Gestion.Service.Models.Feedback.FeedbackResponseDTO::get_ProfileImage()
FNDA:0,System.String User.Gestion.Service.Models.Feedback.FeedbackResponseDTO::get_ProfileImage()
DA:13,0
LF:6
LH:0
BRF:0
BRH:0
FNF:6
FNH:0
end_of_record
SF:C:\Users\Ahmed\Desktop\Stage PFE 2024\Projet .net\BackEnd\Gestion User\User.Gestion.Data\Models\RatingDistributionDTO.cs
FN:7,System.Int32 User.Gestion.Service.Models.Feedback.RatingDistributionDTO::get_Rating()
FNDA:0,System.Int32 User.Gestion.Service.Models.Feedback.RatingDistributionDTO::get_Rating()
DA:8,0
FN:8,System.Int32 User.Gestion.Service.Models.Feedback.RatingDistributionDTO::get_Count()
FNDA:0,System.Int32 User.Gestion.Service.Models.Feedback.RatingDistributionDTO::get_Count()
DA:9,0
LF:2
LH:0
BRF:0
BRH:0
FNF:2
FNH:0
end_of_record
SF:C:\Users\Ahmed\Desktop\Stage PFE 2024\Projet .net\BackEnd\Gestion User\User.Gestion.Data\Models\ApplicationDbContext.cs
FN:15,Microsoft.EntityFrameworkCore.DbSet`1<User.Gestion.Data.Models.Ticket> User.Gestion.Data.Models.ApplicationDbContext::get_Tickets()
FNDA:32,Microsoft.EntityFrameworkCore.DbSet`1<User.Gestion.Data.Models.Ticket> User.Gestion.Data.Models.ApplicationDbContext::get_Tickets()
DA:16,32
FN:16,Microsoft.EntityFrameworkCore.DbSet`1<User.Gestion.Data.Models.Contract> User.Gestion.Data.Models.ApplicationDbContext::get_Contracts()
FNDA:37,Microsoft.EntityFrameworkCore.DbSet`1<User.Gestion.Data.Models.Contract> User.Gestion.Data.Models.ApplicationDbContext::get_Contracts()
DA:17,37
FN:17,Microsoft.EntityFrameworkCore.DbSet`1<User.Gestion.Data.Models.Sinistre> User.Gestion.Data.Models.ApplicationDbContext::get_Sinistres()
FNDA:33,Microsoft.EntityFrameworkCore.DbSet`1<User.Gestion.Data.Models.Sinistre> User.Gestion.Data.Models.ApplicationDbContext::get_Sinistres()
DA:18,33
FN:18,Microsoft.EntityFrameworkCore.DbSet`1<User.Gestion.Data.Models.Devis> User.Gestion.Data.Models.ApplicationDbContext::get_Devis()
FNDA:20,Microsoft.EntityFrameworkCore.DbSet`1<User.Gestion.Data.Models.Devis> User.Gestion.Data.Models.ApplicationDbContext::get_Devis()
DA:19,20
FN:19,Microsoft.EntityFrameworkCore.DbSet`1<User.Gestion.Data.Models.Opportunity> User.Gestion.Data.Models.ApplicationDbContext::get_Opportunities()
FNDA:33,Microsoft.EntityFrameworkCore.DbSet`1<User.Gestion.Data.Models.Opportunity> User.Gestion.Data.Models.ApplicationDbContext::get_Opportunities()
DA:20,33
FN:20,Microsoft.EntityFrameworkCore.DbSet`1<User.Gestion.Data.Models.DevisAuto> User.Gestion.Data.Models.ApplicationDbContext::get_DevisAuto()
FNDA:20,Microsoft.EntityFrameworkCore.DbSet`1<User.Gestion.Data.Models.DevisAuto> User.Gestion.Data.Models.ApplicationDbContext::get_DevisAuto()
DA:21,20
FN:21,Microsoft.EntityFrameworkCore.DbSet`1<User.Gestion.Data.Models.DevisSante> User.Gestion.Data.Models.ApplicationDbContext::get_DevisSante()
FNDA:20,Microsoft.EntityFrameworkCore.DbSet`1<User.Gestion.Data.Models.DevisSante> User.Gestion.Data.Models.ApplicationDbContext::get_DevisSante()
DA:22,20
FN:22,Microsoft.EntityFrameworkCore.DbSet`1<User.Gestion.Data.Models.DevisHabitation> User.Gestion.Data.Models.ApplicationDbContext::get_DevisHabitation()
FNDA:20,Microsoft.EntityFrameworkCore.DbSet`1<User.Gestion.Data.Models.DevisHabitation> User.Gestion.Data.Models.ApplicationDbContext::get_DevisHabitation()
DA:23,20
FN:23,Microsoft.EntityFrameworkCore.DbSet`1<User.Gestion.Data.Models.DevisVie> User.Gestion.Data.Models.ApplicationDbContext::get_DevisVie()
FNDA:20,Microsoft.EntityFrameworkCore.DbSet`1<User.Gestion.Data.Models.DevisVie> User.Gestion.Data.Models.ApplicationDbContext::get_DevisVie()
DA:24,20
FN:24,Microsoft.EntityFrameworkCore.DbSet`1<User.Gestion.Data.Models.TicketResponse> User.Gestion.Data.Models.ApplicationDbContext::get_TicketResponses()
FNDA:20,Microsoft.EntityFrameworkCore.DbSet`1<User.Gestion.Data.Models.TicketResponse> User.Gestion.Data.Models.ApplicationDbContext::get_TicketResponses()
DA:25,20
FN:25,Microsoft.EntityFrameworkCore.DbSet`1<User.Gestion.Data.Models.Feedback> User.Gestion.Data.Models.ApplicationDbContext::get_Feedbacks()
FNDA:20,Microsoft.EntityFrameworkCore.DbSet`1<User.Gestion.Data.Models.Feedback> User.Gestion.Data.Models.ApplicationDbContext::get_Feedbacks()
DA:26,20
FN:29,System.Void User.Gestion.Data.Models.ApplicationDbContext::OnModelCreating(Microsoft.EntityFrameworkCore.ModelBuilder)
FNDA:2,System.Void User.Gestion.Data.Models.ApplicationDbContext::OnModelCreating(Microsoft.EntityFrameworkCore.ModelBuilder)
DA:30,2
DA:31,2
DA:35,2
DA:36,2
DA:37,2
DA:38,2
DA:39,2
DA:41,2
DA:42,2
DA:43,2
DA:44,2
DA:45,2
DA:48,2
DA:49,2
DA:50,2
DA:51,2
DA:52,2
DA:53,2
DA:57,2
DA:58,2
DA:59,2
DA:60,2
DA:62,2
DA:63,2
DA:64,2
DA:65,2
DA:66,2
DA:68,2
DA:69,2
DA:70,2
DA:71,2
DA:72,2
DA:74,2
DA:75,2
DA:76,2
DA:77,2
DA:79,2
DA:80,2
DA:81,2
DA:82,2
DA:83,2
DA:86,2
DA:87,2
DA:88,2
DA:90,2
DA:91,2
DA:92,2
DA:94,2
DA:95,2
DA:96,2
DA:98,2
DA:99,2
DA:100,2
DA:102,2
DA:103,2
DA:104,2
DA:107,2
DA:108,2
DA:109,2
DA:110,2
DA:111,2
DA:114,2
DA:115,2
FN:117,System.Void User.Gestion.Data.Models.ApplicationDbContext::SeedRoles(Microsoft.EntityFrameworkCore.ModelBuilder)
FNDA:2,System.Void User.Gestion.Data.Models.ApplicationDbContext::SeedRoles(Microsoft.EntityFrameworkCore.ModelBuilder)
DA:118,2
DA:119,2
DA:120,2
DA:121,2
DA:122,2
DA:123,2
DA:124,2
FN:11,System.Void User.Gestion.Data.Models.ApplicationDbContext::.ctor(Microsoft.EntityFrameworkCore.DbContextOptions`1<User.Gestion.Data.Models.ApplicationDbContext>)
FNDA:20,System.Void User.Gestion.Data.Models.ApplicationDbContext::.ctor(Microsoft.EntityFrameworkCore.DbContextOptions`1<User.Gestion.Data.Models.ApplicationDbContext>)
DA:12,20
DA:13,20
DA:14,20
LF:84
LH:84
BRF:0
BRH:0
FNF:14
FNH:14
end_of_record
SF:C:\Users\Ahmed\Desktop\Stage PFE 2024\Projet .net\BackEnd\Gestion User\User.Gestion.Data\Models\ApplicationUser.cs
FN:10,System.String User.Gestion.Data.Models.ApplicationUser::get_Address()
FNDA:0,System.String User.Gestion.Data.Models.ApplicationUser::get_Address()
DA:11,0
FN:11,System.String User.Gestion.Data.Models.ApplicationUser::get_ProfileImage()
FNDA:0,System.String User.Gestion.Data.Models.ApplicationUser::get_ProfileImage()
DA:12,0
FN:13,System.String User.Gestion.Data.Models.ApplicationUser::get_RefreshToken()
FNDA:0,System.String User.Gestion.Data.Models.ApplicationUser::get_RefreshToken()
DA:14,0
FN:14,System.Nullable`1<System.DateTime> User.Gestion.Data.Models.ApplicationUser::get_RefreshTokenExpiry()
FNDA:0,System.Nullable`1<System.DateTime> User.Gestion.Data.Models.ApplicationUser::get_RefreshTokenExpiry()
DA:15,0
FN:16,System.Collections.Generic.ICollection`1<User.Gestion.Data.Models.Ticket> User.Gestion.Data.Models.ApplicationUser::get_Tickets()
FNDA:2,System.Collections.Generic.ICollection`1<User.Gestion.Data.Models.Ticket> User.Gestion.Data.Models.ApplicationUser::get_Tickets()
DA:17,2
FN:18,System.Collections.Generic.ICollection`1<User.Gestion.Data.Models.Contract> User.Gestion.Data.Models.ApplicationUser::get_Contracts()
FNDA:0,System.Collections.Generic.ICollection`1<User.Gestion.Data.Models.Contract> User.Gestion.Data.Models.ApplicationUser::get_Contracts()
DA:19,0
FN:20,System.Collections.Generic.ICollection`1<User.Gestion.Data.Models.Sinistre> User.Gestion.Data.Models.ApplicationUser::get_Sinistres()
FNDA:0,System.Collections.Generic.ICollection`1<User.Gestion.Data.Models.Sinistre> User.Gestion.Data.Models.ApplicationUser::get_Sinistres()
DA:21,0
FN:22,System.Collections.Generic.ICollection`1<User.Gestion.Data.Models.Devis> User.Gestion.Data.Models.ApplicationUser::get_Devis()
FNDA:0,System.Collections.Generic.ICollection`1<User.Gestion.Data.Models.Devis> User.Gestion.Data.Models.ApplicationUser::get_Devis()
DA:23,0
FN:24,System.Collections.Generic.ICollection`1<User.Gestion.Data.Models.Opportunity> User.Gestion.Data.Models.ApplicationUser::get_Opportunities()
FNDA:0,System.Collections.Generic.ICollection`1<User.Gestion.Data.Models.Opportunity> User.Gestion.Data.Models.ApplicationUser::get_Opportunities()
DA:25,0
FN:26,System.Collections.Generic.ICollection`1<User.Gestion.Data.Models.Feedback> User.Gestion.Data.Models.ApplicationUser::get_Feedbacks()
FNDA:0,System.Collections.Generic.ICollection`1<User.Gestion.Data.Models.Feedback> User.Gestion.Data.Models.ApplicationUser::get_Feedbacks()
DA:27,0
LF:10
LH:1
BRF:0
BRH:0
FNF:10
FNH:1
end_of_record
SF:C:\Users\Ahmed\Desktop\Stage PFE 2024\Projet .net\BackEnd\Gestion User\User.Gestion.Data\Models\Contract.cs
FN:10,System.Int32 User.Gestion.Data.Models.Contract::get_Id()
FNDA:6,System.Int32 User.Gestion.Data.Models.Contract::get_Id()
DA:11,6
FN:11,System.String User.Gestion.Data.Models.Contract::get_PolicyNumber()
FNDA:14,System.String User.Gestion.Data.Models.Contract::get_PolicyNumber()
DA:12,14
FN:12,System.DateTime User.Gestion.Data.Models.Contract::get_StartDate()
FNDA:3,System.DateTime User.Gestion.Data.Models.Contract::get_StartDate()
DA:13,3
FN:13,System.DateTime User.Gestion.Data.Models.Contract::get_EndDate()
FNDA:7,System.DateTime User.Gestion.Data.Models.Contract::get_EndDate()
DA:14,7
FN:14,System.Boolean User.Gestion.Data.Models.Contract::get_IsActive()
FNDA:5,System.Boolean User.Gestion.Data.Models.Contract::get_IsActive()
DA:15,5
FN:16,System.String User.Gestion.Data.Models.Contract::get_UserId()
FNDA:12,System.String User.Gestion.Data.Models.Contract::get_UserId()
DA:17,12
FN:18,User.Gestion.Data.Models.ApplicationUser User.Gestion.Data.Models.Contract::get_ApplicationUser()
FNDA:0,User.Gestion.Data.Models.ApplicationUser User.Gestion.Data.Models.Contract::get_ApplicationUser()
DA:19,0
FN:20,System.String User.Gestion.Data.Models.Contract::get_ClientId()
FNDA:10,System.String User.Gestion.Data.Models.Contract::get_ClientId()
DA:21,10
FN:22,User.Gestion.Data.Models.ApplicationUser User.Gestion.Data.Models.Contract::get_Client()
FNDA:0,User.Gestion.Data.Models.ApplicationUser User.Gestion.Data.Models.Contract::get_Client()
DA:23,0
FN:26,System.String User.Gestion.Data.Models.Contract::get_ClientName()
FNDA:2,System.String User.Gestion.Data.Models.Contract::get_ClientName()
DA:27,2
LF:10
LH:8
BRF:0
BRH:0
FNF:10
FNH:8
end_of_record
SF:C:\Users\Ahmed\Desktop\Stage PFE 2024\Projet .net\BackEnd\Gestion User\User.Gestion.Data\Models\ContractCreateDto.cs
FN:13,System.String User.Gestion.Data.Models.ContractCreateDto::get_PolicyNumber()
FNDA:0,System.String User.Gestion.Data.Models.ContractCreateDto::get_PolicyNumber()
DA:14,0
FN:14,System.DateTime User.Gestion.Data.Models.ContractCreateDto::get_StartDate()
FNDA:0,System.DateTime User.Gestion.Data.Models.ContractCreateDto::get_StartDate()
DA:15,0
FN:15,System.DateTime User.Gestion.Data.Models.ContractCreateDto::get_EndDate()
FNDA:0,System.DateTime User.Gestion.Data.Models.ContractCreateDto::get_EndDate()
DA:16,0
FN:16,System.Boolean User.Gestion.Data.Models.ContractCreateDto::get_IsActive()
FNDA:0,System.Boolean User.Gestion.Data.Models.ContractCreateDto::get_IsActive()
DA:17,0
FN:17,System.String User.Gestion.Data.Models.ContractCreateDto::get_ClientId()
FNDA:0,System.String User.Gestion.Data.Models.ContractCreateDto::get_ClientId()
DA:18,0
LF:5
LH:0
BRF:0
BRH:0
FNF:5
FNH:0
end_of_record
SF:C:\Users\Ahmed\Desktop\Stage PFE 2024\Projet .net\BackEnd\Gestion User\User.Gestion.Data\Models\Devis.cs
FN:17,System.Int32 User.Gestion.Data.Models.Devis::get_IdDevis()
FNDA:5,System.Int32 User.Gestion.Data.Models.Devis::get_IdDevis()
DA:18,5
FN:20,User.Gestion.Data.Models.TypeAssurance User.Gestion.Data.Models.Devis::get_TypeAssurance()
FNDA:5,User.Gestion.Data.Models.TypeAssurance User.Gestion.Data.Models.Devis::get_TypeAssurance()
DA:21,5
FN:23,System.Decimal User.Gestion.Data.Models.Devis::get_Montant()
FNDA:5,System.Decimal User.Gestion.Data.Models.Devis::get_Montant()
DA:24,5
FN:26,System.String User.Gestion.Data.Models.Devis::get_OwnerId()
FNDA:3,System.String User.Gestion.Data.Models.Devis::get_OwnerId()
DA:27,3
FN:30,User.Gestion.Data.Models.ApplicationUser User.Gestion.Data.Models.Devis::get_Owner()
FNDA:0,User.Gestion.Data.Models.ApplicationUser User.Gestion.Data.Models.Devis::get_Owner()
DA:31,0
FN:32,System.Collections.Generic.ICollection`1<User.Gestion.Data.Models.Opportunity> User.Gestion.Data.Models.Devis::get_Opportunities()
FNDA:0,System.Collections.Generic.ICollection`1<User.Gestion.Data.Models.Opportunity> User.Gestion.Data.Models.Devis::get_Opportunities()
DA:33,0
LF:6
LH:4
BRF:0
BRH:0
FNF:6
FNH:4
end_of_record
SF:C:\Users\Ahmed\Desktop\Stage PFE 2024\Projet .net\BackEnd\Gestion User\User.Gestion.Data\Models\DevisAuto.cs
FN:13,System.String User.Gestion.Data.Models.DevisAuto::get_NumeroImmatriculation()
FNDA:0,System.String User.Gestion.Data.Models.DevisAuto::get_NumeroImmatriculation()
DA:14,0
FN:14,System.Int32 User.Gestion.Data.Models.DevisAuto::get_NombreDeChevaux()
FNDA:0,System.Int32 User.Gestion.Data.Models.DevisAuto::get_NombreDeChevaux()
DA:15,0
FN:15,System.Int32 User.Gestion.Data.Models.DevisAuto::get_AgeVoiture()
FNDA:0,System.Int32 User.Gestion.Data.Models.DevisAuto::get_AgeVoiture()
DA:16,0
FN:16,System.String User.Gestion.Data.Models.DevisAuto::get_Carburant()
FNDA:0,System.String User.Gestion.Data.Models.DevisAuto::get_Carburant()
DA:17,0
LF:4
LH:0
BRF:0
BRH:0
FNF:4
FNH:0
end_of_record
SF:C:\Users\Ahmed\Desktop\Stage PFE 2024\Projet .net\BackEnd\Gestion User\User.Gestion.Data\Models\DevisAutoDto.cs
FN:9,System.String User.Gestion.Data.Models.DevisAutoDto::get_NumeroImmatriculation()
FNDA:0,System.String User.Gestion.Data.Models.DevisAutoDto::get_NumeroImmatriculation()
DA:10,0
FN:10,System.Int32 User.Gestion.Data.Models.DevisAutoDto::get_NombreDeChevaux()
FNDA:0,System.Int32 User.Gestion.Data.Models.DevisAutoDto::get_NombreDeChevaux()
DA:11,0
FN:11,System.Int32 User.Gestion.Data.Models.DevisAutoDto::get_AgeVoiture()
FNDA:0,System.Int32 User.Gestion.Data.Models.DevisAutoDto::get_AgeVoiture()
DA:12,0
FN:12,System.String User.Gestion.Data.Models.DevisAutoDto::get_Carburant()
FNDA:0,System.String User.Gestion.Data.Models.DevisAutoDto::get_Carburant()
DA:13,0
LF:4
LH:0
BRF:0
BRH:0
FNF:4
FNH:0
end_of_record
SF:C:\Users\Ahmed\Desktop\Stage PFE 2024\Projet .net\BackEnd\Gestion User\User.Gestion.Data\Models\DevisDto.cs
FN:13,System.Int32 User.Gestion.Data.Models.DevisDto::get_IdDevis()
FNDA:0,System.Int32 User.Gestion.Data.Models.DevisDto::get_IdDevis()
DA:14,0
FN:15,User.Gestion.Data.Models.TypeAssurance User.Gestion.Data.Models.DevisDto::get_TypeAssurance()
FNDA:0,User.Gestion.Data.Models.TypeAssurance User.Gestion.Data.Models.DevisDto::get_TypeAssurance()
DA:16,0
FN:16,System.Decimal User.Gestion.Data.Models.DevisDto::get_Montant()
FNDA:0,System.Decimal User.Gestion.Data.Models.DevisDto::get_Montant()
DA:17,0
LF:3
LH:0
BRF:0
BRH:0
FNF:3
FNH:0
end_of_record
SF:C:\Users\Ahmed\Desktop\Stage PFE 2024\Projet .net\BackEnd\Gestion User\User.Gestion.Data\Models\DevisHabitation.cs
FN:13,System.String User.Gestion.Data.Models.DevisHabitation::get_InformationsHabitation()
FNDA:0,System.String User.Gestion.Data.Models.DevisHabitation::get_InformationsHabitation()
DA:14,0
FN:14,System.String User.Gestion.Data.Models.DevisHabitation::get_Adresse()
FNDA:0,System.String User.Gestion.Data.Models.DevisHabitation::get_Adresse()
DA:15,0
FN:15,System.Int32 User.Gestion.Data.Models.DevisHabitation::get_Surface()
FNDA:0,System.Int32 User.Gestion.Data.Models.DevisHabitation::get_Surface()
DA:16,0
FN:16,System.Int32 User.Gestion.Data.Models.DevisHabitation::get_NombreDePieces()
FNDA:0,System.Int32 User.Gestion.Data.Models.DevisHabitation::get_NombreDePieces()
DA:17,0
LF:4
LH:0
BRF:0
BRH:0
FNF:4
FNH:0
end_of_record
SF:C:\Users\Ahmed\Desktop\Stage PFE 2024\Projet .net\BackEnd\Gestion User\User.Gestion.Data\Models\DevisHabitationDto.cs
FN:9,System.String User.Gestion.Data.Models.DevisHabitationDto::get_Adresse()
FNDA:0,System.String User.Gestion.Data.Models.DevisHabitationDto::get_Adresse()
DA:10,0
FN:10,System.Int32 User.Gestion.Data.Models.DevisHabitationDto::get_Surface()
FNDA:0,System.Int32 User.Gestion.Data.Models.DevisHabitationDto::get_Surface()
DA:11,0
FN:11,System.Int32 User.Gestion.Data.Models.DevisHabitationDto::get_NombreDePieces()
FNDA:0,System.Int32 User.Gestion.Data.Models.DevisHabitationDto::get_NombreDePieces()
DA:12,0
LF:3
LH:0
BRF:0
BRH:0
FNF:3
FNH:0
end_of_record
SF:C:\Users\Ahmed\Desktop\Stage PFE 2024\Projet .net\BackEnd\Gestion User\User.Gestion.Data\Models\DevisSante.cs
FN:12,System.String User.Gestion.Data.Models.DevisSante::get_NumeroSecuriteSociale()
FNDA:0,System.String User.Gestion.Data.Models.DevisSante::get_NumeroSecuriteSociale()
DA:13,0
FN:13,System.Int32 User.Gestion.Data.Models.DevisSante::get_Age()
FNDA:0,System.Int32 User.Gestion.Data.Models.DevisSante::get_Age()
DA:14,0
FN:14,System.String User.Gestion.Data.Models.DevisSante::get_Sexe()
FNDA:0,System.String User.Gestion.Data.Models.DevisSante::get_Sexe()
DA:15,0
FN:15,System.Boolean User.Gestion.Data.Models.DevisSante::get_Fumeur()
FNDA:0,System.Boolean User.Gestion.Data.Models.DevisSante::get_Fumeur()
DA:16,0
LF:4
LH:0
BRF:0
BRH:0
FNF:4
FNH:0
end_of_record
SF:C:\Users\Ahmed\Desktop\Stage PFE 2024\Projet .net\BackEnd\Gestion User\User.Gestion.Data\Models\DevisSanteDto.cs
FN:9,System.String User.Gestion.Data.Models.DevisSanteDto::get_NumeroSecuriteSociale()
FNDA:0,System.String User.Gestion.Data.Models.DevisSanteDto::get_NumeroSecuriteSociale()
DA:10,0
FN:10,System.Int32 User.Gestion.Data.Models.DevisSanteDto::get_Age()
FNDA:0,System.Int32 User.Gestion.Data.Models.DevisSanteDto::get_Age()
DA:11,0
FN:11,System.String User.Gestion.Data.Models.DevisSanteDto::get_Sexe()
FNDA:0,System.String User.Gestion.Data.Models.DevisSanteDto::get_Sexe()
DA:12,0
FN:12,System.Boolean User.Gestion.Data.Models.DevisSanteDto::get_Fumeur()
FNDA:0,System.Boolean User.Gestion.Data.Models.DevisSanteDto::get_Fumeur()
DA:13,0
LF:4
LH:0
BRF:0
BRH:0
FNF:4
FNH:0
end_of_record
SF:C:\Users\Ahmed\Desktop\Stage PFE 2024\Projet .net\BackEnd\Gestion User\User.Gestion.Data\Models\DevisVie.cs
FN:13,System.String User.Gestion.Data.Models.DevisVie::get_Beneficiaire()
FNDA:0,System.String User.Gestion.Data.Models.DevisVie::get_Beneficiaire()
DA:14,0
FN:14,System.Int32 User.Gestion.Data.Models.DevisVie::get_Duree()
FNDA:0,System.Int32 User.Gestion.Data.Models.DevisVie::get_Duree()
DA:15,0
FN:15,System.Decimal User.Gestion.Data.Models.DevisVie::get_Capital()
FNDA:0,System.Decimal User.Gestion.Data.Models.DevisVie::get_Capital()
DA:16,0
LF:3
LH:0
BRF:0
BRH:0
FNF:3
FNH:0
end_of_record
SF:C:\Users\Ahmed\Desktop\Stage PFE 2024\Projet .net\BackEnd\Gestion User\User.Gestion.Data\Models\DevisVieDto.cs
FN:9,System.String User.Gestion.Data.Models.DevisVieDto::get_Beneficiaire()
FNDA:0,System.String User.Gestion.Data.Models.DevisVieDto::get_Beneficiaire()
DA:10,0
FN:10,System.Int32 User.Gestion.Data.Models.DevisVieDto::get_Duree()
FNDA:0,System.Int32 User.Gestion.Data.Models.DevisVieDto::get_Duree()
DA:11,0
FN:11,System.Decimal User.Gestion.Data.Models.DevisVieDto::get_Capital()
FNDA:0,System.Decimal User.Gestion.Data.Models.DevisVieDto::get_Capital()
DA:12,0
LF:3
LH:0
BRF:0
BRH:0
FNF:3
FNH:0
end_of_record
SF:C:\Users\Ahmed\Desktop\Stage PFE 2024\Projet .net\BackEnd\Gestion User\User.Gestion.Data\Models\Feedback.cs
FN:12,System.Guid User.Gestion.Data.Models.Feedback::get_Id()
FNDA:0,System.Guid User.Gestion.Data.Models.Feedback::get_Id()
DA:13,0
FN:16,System.Int32 User.Gestion.Data.Models.Feedback::get_Rating()
FNDA:0,System.Int32 User.Gestion.Data.Models.Feedback::get_Rating()
DA:17,0
FN:18,System.String User.Gestion.Data.Models.Feedback::get_Comment()
FNDA:0,System.String User.Gestion.Data.Models.Feedback::get_Comment()
DA:19,0
FN:20,System.DateTime User.Gestion.Data.Models.Feedback::get_DateCreated()
FNDA:0,System.DateTime User.Gestion.Data.Models.Feedback::get_DateCreated()
DA:21,0
FN:24,System.String User.Gestion.Data.Models.Feedback::get_UserId()
FNDA:0,System.String User.Gestion.Data.Models.Feedback::get_UserId()
DA:25,0
FN:25,User.Gestion.Data.Models.ApplicationUser User.Gestion.Data.Models.Feedback::get_User()
FNDA:0,User.Gestion.Data.Models.ApplicationUser User.Gestion.Data.Models.Feedback::get_User()
DA:26,0
LF:6
LH:0
BRF:0
BRH:0
FNF:6
FNH:0
end_of_record
SF:C:\Users\Ahmed\Desktop\Stage PFE 2024\Projet .net\BackEnd\Gestion User\User.Gestion.Data\Models\MappingProfile.cs
FN:14,System.Void User.Gestion.Data.Models.MappingProfile::.ctor()
FNDA:0,System.Void User.Gestion.Data.Models.MappingProfile::.ctor()
DA:15,0
DA:16,0
DA:17,0
DA:18,0
LF:4
LH:0
BRF:0
BRH:0
FNF:1
FNH:0
end_of_record
SF:C:\Users\Ahmed\Desktop\Stage PFE 2024\Projet .net\BackEnd\Gestion User\User.Gestion.Data\Models\Opportunity.cs
FN:10,System.Int32 User.Gestion.Data.Models.Opportunity::get_Id()
FNDA:4,System.Int32 User.Gestion.Data.Models.Opportunity::get_Id()
DA:11,4
FN:13,System.String User.Gestion.Data.Models.Opportunity::get_Description()
FNDA:9,System.String User.Gestion.Data.Models.Opportunity::get_Description()
DA:14,9
FN:16,System.Decimal User.Gestion.Data.Models.Opportunity::get_Montant()
FNDA:8,System.Decimal User.Gestion.Data.Models.Opportunity::get_Montant()
DA:17,8
FN:19,System.DateTime User.Gestion.Data.Models.Opportunity::get_DateCreation()
FNDA:8,System.DateTime User.Gestion.Data.Models.Opportunity::get_DateCreation()
DA:20,8
FN:22,System.String User.Gestion.Data.Models.Opportunity::get_AssuranceType()
FNDA:8,System.String User.Gestion.Data.Models.Opportunity::get_AssuranceType()
DA:23,8
FN:25,System.Decimal User.Gestion.Data.Models.Opportunity::get_PrimeAnnuelle()
FNDA:8,System.Decimal User.Gestion.Data.Models.Opportunity::get_PrimeAnnuelle()
DA:26,8
FN:28,System.Int32 User.Gestion.Data.Models.Opportunity::get_DureeContrat()
FNDA:8,System.Int32 User.Gestion.Data.Models.Opportunity::get_DureeContrat()
DA:29,8
FN:31,System.String User.Gestion.Data.Models.Opportunity::get_Couverture()
FNDA:8,System.String User.Gestion.Data.Models.Opportunity::get_Couverture()
DA:32,8
FN:34,System.Int32 User.Gestion.Data.Models.Opportunity::get_DevisId()
FNDA:10,System.Int32 User.Gestion.Data.Models.Opportunity::get_DevisId()
DA:35,10
FN:35,User.Gestion.Data.Models.Devis User.Gestion.Data.Models.Opportunity::get_Devis()
FNDA:0,User.Gestion.Data.Models.Devis User.Gestion.Data.Models.Opportunity::get_Devis()
DA:36,0
FN:38,System.String User.Gestion.Data.Models.Opportunity::get_UserId()
FNDA:10,System.String User.Gestion.Data.Models.Opportunity::get_UserId()
DA:39,10
FN:39,User.Gestion.Data.Models.ApplicationUser User.Gestion.Data.Models.Opportunity::get_User()
FNDA:0,User.Gestion.Data.Models.ApplicationUser User.Gestion.Data.Models.Opportunity::get_User()
DA:40,0
FN:41,System.Boolean User.Gestion.Data.Models.Opportunity::get_IsApproved()
FNDA:13,System.Boolean User.Gestion.Data.Models.Opportunity::get_IsApproved()
DA:42,13
LF:13
LH:11
BRF:0
BRH:0
FNF:13
FNH:11
end_of_record
SF:C:\Users\Ahmed\Desktop\Stage PFE 2024\Projet .net\BackEnd\Gestion User\User.Gestion.Data\Models\RenewalRequest.cs
FN:13,System.Int32 User.Gestion.Data.Models.RenewalRequest::get_ContractId()
FNDA:0,System.Int32 User.Gestion.Data.Models.RenewalRequest::get_ContractId()
DA:14,0
LF:1
LH:0
BRF:0
BRH:0
FNF:1
FNH:0
end_of_record
SF:C:\Users\Ahmed\Desktop\Stage PFE 2024\Projet .net\BackEnd\Gestion User\User.Gestion.Data\Models\Sinistre.cs
FN:11,System.Int32 User.Gestion.Data.Models.Sinistre::get_Id()
FNDA:2,System.Int32 User.Gestion.Data.Models.Sinistre::get_Id()
DA:12,2
FN:14,System.String User.Gestion.Data.Models.Sinistre::get_NumeroDossier()
FNDA:9,System.String User.Gestion.Data.Models.Sinistre::get_NumeroDossier()
DA:15,9
FN:17,System.DateTime User.Gestion.Data.Models.Sinistre::get_DateDeclaration()
FNDA:7,System.DateTime User.Gestion.Data.Models.Sinistre::get_DateDeclaration()
DA:18,7
FN:20,System.String User.Gestion.Data.Models.Sinistre::get_Description()
FNDA:9,System.String User.Gestion.Data.Models.Sinistre::get_Description()
DA:21,9
FN:24,User.Gestion.Data.Models.SinistreStatut User.Gestion.Data.Models.Sinistre::get_Statut()
FNDA:7,User.Gestion.Data.Models.SinistreStatut User.Gestion.Data.Models.Sinistre::get_Statut()
DA:25,7
FN:27,System.Decimal User.Gestion.Data.Models.Sinistre::get_MontantEstime()
FNDA:7,System.Decimal User.Gestion.Data.Models.Sinistre::get_MontantEstime()
DA:28,7
FN:29,System.Decimal User.Gestion.Data.Models.Sinistre::get_MontantPaye()
FNDA:7,System.Decimal User.Gestion.Data.Models.Sinistre::get_MontantPaye()
DA:30,7
FN:32,System.String User.Gestion.Data.Models.Sinistre::get_UserId()
FNDA:9,System.String User.Gestion.Data.Models.Sinistre::get_UserId()
DA:33,9
FN:34,User.Gestion.Data.Models.ApplicationUser User.Gestion.Data.Models.Sinistre::get_User()
FNDA:0,User.Gestion.Data.Models.ApplicationUser User.Gestion.Data.Models.Sinistre::get_User()
DA:35,0
LF:9
LH:8
BRF:0
BRH:0
FNF:9
FNH:8
end_of_record
SF:C:\Users\Ahmed\Desktop\Stage PFE 2024\Projet .net\BackEnd\Gestion User\User.Gestion.Data\Models\SinistreDto.cs
FN:13,System.String User.Gestion.Data.Models.SinistreDto::get_NumeroDossier()
FNDA:0,System.String User.Gestion.Data.Models.SinistreDto::get_NumeroDossier()
DA:14,0
FN:14,System.DateTime User.Gestion.Data.Models.SinistreDto::get_DateDeclaration()
FNDA:0,System.DateTime User.Gestion.Data.Models.SinistreDto::get_DateDeclaration()
DA:15,0
FN:15,System.String User.Gestion.Data.Models.SinistreDto::get_Description()
FNDA:0,System.String User.Gestion.Data.Models.SinistreDto::get_Description()
DA:16,0
FN:16,User.Gestion.Data.Models.SinistreStatut User.Gestion.Data.Models.SinistreDto::get_Statut()
FNDA:0,User.Gestion.Data.Models.SinistreStatut User.Gestion.Data.Models.SinistreDto::get_Statut()
DA:17,0
FN:17,System.Decimal User.Gestion.Data.Models.SinistreDto::get_MontantEstime()
FNDA:0,System.Decimal User.Gestion.Data.Models.SinistreDto::get_MontantEstime()
DA:18,0
FN:18,System.Decimal User.Gestion.Data.Models.SinistreDto::get_MontantPaye()
FNDA:0,System.Decimal User.Gestion.Data.Models.SinistreDto::get_MontantPaye()
DA:19,0
LF:6
LH:0
BRF:0
BRH:0
FNF:6
FNH:0
end_of_record
SF:C:\Users\Ahmed\Desktop\Stage PFE 2024\Projet .net\BackEnd\Gestion User\User.Gestion.Data\Models\Ticket.cs
FN:14,System.Guid User.Gestion.Data.Models.Ticket::get_IdTicket()
FNDA:2,System.Guid User.Gestion.Data.Models.Ticket::get_IdTicket()
DA:15,2
FN:17,User.Gestion.Data.Models.TicketTitle User.Gestion.Data.Models.Ticket::get_Titre()
FNDA:8,User.Gestion.Data.Models.TicketTitle User.Gestion.Data.Models.Ticket::get_Titre()
DA:18,8
FN:20,System.String User.Gestion.Data.Models.Ticket::get_Description()
FNDA:11,System.String User.Gestion.Data.Models.Ticket::get_Description()
DA:21,11
FN:22,System.DateTime User.Gestion.Data.Models.Ticket::get_CreatedOn()
FNDA:6,System.DateTime User.Gestion.Data.Models.Ticket::get_CreatedOn()
DA:23,6
FN:24,System.Nullable`1<System.DateTime> User.Gestion.Data.Models.Ticket::get_ResolutionDate()
FNDA:2,System.Nullable`1<System.DateTime> User.Gestion.Data.Models.Ticket::get_ResolutionDate()
DA:25,2
FN:27,User.Gestion.Data.Models.TicketPriority User.Gestion.Data.Models.Ticket::get_Priority()
FNDA:8,User.Gestion.Data.Models.TicketPriority User.Gestion.Data.Models.Ticket::get_Priority()
DA:28,8
FN:30,User.Gestion.Data.Models.TicketStatut User.Gestion.Data.Models.Ticket::get_Statut()
FNDA:8,User.Gestion.Data.Models.TicketStatut User.Gestion.Data.Models.Ticket::get_Statut()
DA:31,8
FN:33,System.String User.Gestion.Data.Models.Ticket::get_OwnerId()
FNDA:9,System.String User.Gestion.Data.Models.Ticket::get_OwnerId()
DA:34,9
FN:37,User.Gestion.Data.Models.ApplicationUser User.Gestion.Data.Models.Ticket::get_Owner()
FNDA:0,User.Gestion.Data.Models.ApplicationUser User.Gestion.Data.Models.Ticket::get_Owner()
DA:38,0
FN:40,System.Collections.Generic.List`1<User.Gestion.Data.Models.TicketResponse> User.Gestion.Data.Models.Ticket::get_Responses()
FNDA:6,System.Collections.Generic.List`1<User.Gestion.Data.Models.TicketResponse> User.Gestion.Data.Models.Ticket::get_Responses()
DA:41,6
LF:10
LH:9
BRF:0
BRH:0
FNF:10
FNH:9
end_of_record
SF:C:\Users\Ahmed\Desktop\Stage PFE 2024\Projet .net\BackEnd\Gestion User\User.Gestion.Data\Models\TicketDTO.cs
FN:15,User.Gestion.Data.Models.TicketTitle User.Gestion.Data.Models.TicketDTO::get_Titre()
FNDA:0,User.Gestion.Data.Models.TicketTitle User.Gestion.Data.Models.TicketDTO::get_Titre()
DA:16,0
FN:18,System.String User.Gestion.Data.Models.TicketDTO::get_Description()
FNDA:0,System.String User.Gestion.Data.Models.TicketDTO::get_Description()
DA:19,0
FN:21,User.Gestion.Data.Models.TicketPriority User.Gestion.Data.Models.TicketDTO::get_Priority()
FNDA:0,User.Gestion.Data.Models.TicketPriority User.Gestion.Data.Models.TicketDTO::get_Priority()
DA:22,0
FN:24,User.Gestion.Data.Models.TicketStatut User.Gestion.Data.Models.TicketDTO::get_Statut()
FNDA:0,User.Gestion.Data.Models.TicketStatut User.Gestion.Data.Models.TicketDTO::get_Statut()
DA:25,0
FN:26,System.Nullable`1<System.DateTime> User.Gestion.Data.Models.TicketDTO::get_ResolutionDate()
FNDA:0,System.Nullable`1<System.DateTime> User.Gestion.Data.Models.TicketDTO::get_ResolutionDate()
DA:27,0
LF:5
LH:0
BRF:0
BRH:0
FNF:5
FNH:0
end_of_record
SF:C:\Users\Ahmed\Desktop\Stage PFE 2024\Projet .net\BackEnd\Gestion User\User.Gestion.Data\Models\TicketFilterDTO.cs
FN:13,System.Nullable`1<User.Gestion.Data.Models.TicketTitle> User.Gestion.Data.Models.TicketFilterDTO::get_Title()
FNDA:0,System.Nullable`1<User.Gestion.Data.Models.TicketTitle> User.Gestion.Data.Models.TicketFilterDTO::get_Title()
DA:14,0
FN:14,System.Nullable`1<User.Gestion.Data.Models.TicketStatut> User.Gestion.Data.Models.TicketFilterDTO::get_Status()
FNDA:0,System.Nullable`1<User.Gestion.Data.Models.TicketStatut> User.Gestion.Data.Models.TicketFilterDTO::get_Status()
DA:15,0
LF:2
LH:0
BRF:0
BRH:0
FNF:2
FNH:0
end_of_record
SF:C:\Users\Ahmed\Desktop\Stage PFE 2024\Projet .net\BackEnd\Gestion User\User.Gestion.Data\Models\TicketResponse.cs
FN:17,System.Guid User.Gestion.Data.Models.TicketResponse::get_Id()
FNDA:0,System.Guid User.Gestion.Data.Models.TicketResponse::get_Id()
DA:18,0
FN:19,System.String User.Gestion.Data.Models.TicketResponse::get_Response()
FNDA:0,System.String User.Gestion.Data.Models.TicketResponse::get_Response()
DA:20,0
FN:21,System.DateTime User.Gestion.Data.Models.TicketResponse::get_ResponseDate()
FNDA:0,System.DateTime User.Gestion.Data.Models.TicketResponse::get_ResponseDate()
DA:22,0
FN:24,User.Gestion.Data.Models.Ticket User.Gestion.Data.Models.TicketResponse::get_Ticket()
FNDA:0,User.Gestion.Data.Models.Ticket User.Gestion.Data.Models.TicketResponse::get_Ticket()
DA:25,0
FN:26,System.Guid User.Gestion.Data.Models.TicketResponse::get_TicketId()
FNDA:0,System.Guid User.Gestion.Data.Models.TicketResponse::get_TicketId()
DA:27,0
LF:5
LH:0
BRF:0
BRH:0
FNF:5
FNH:0
end_of_record
SF:C:\Users\Ahmed\Desktop\Stage PFE 2024\Projet .net\BackEnd\Gestion User\User.Gestion.Data\Models\TicketResponseDTO.cs
FN:12,System.Guid User.Gestion.Data.Models.TicketResponseDTO::get_Id()
FNDA:0,System.Guid User.Gestion.Data.Models.TicketResponseDTO::get_Id()
DA:13,0
FN:14,System.String User.Gestion.Data.Models.TicketResponseDTO::get_Response()
FNDA:0,System.String User.Gestion.Data.Models.TicketResponseDTO::get_Response()
DA:15,0
FN:16,System.Guid User.Gestion.Data.Models.TicketResponseDTO::get_TicketId()
FNDA:0,System.Guid User.Gestion.Data.Models.TicketResponseDTO::get_TicketId()
DA:17,0
LF:3
LH:0
BRF:0
BRH:0
FNF:3
FNH:0
end_of_record
SF:C:\Users\Ahmed\Desktop\Stage PFE 2024\Projet .net\BackEnd\Gestion User\User.Gestion.Data\Models\TicketStatisticsDTO.cs
FN:12,System.Int32 User.Gestion.Data.Models.TicketStatisticsDTO::get_TotalTickets()
FNDA:0,System.Int32 User.Gestion.Data.Models.TicketStatisticsDTO::get_TotalTickets()
DA:13,0
FN:13,System.Int32 User.Gestion.Data.Models.TicketStatisticsDTO::get_ResolvedTickets()
FNDA:0,System.Int32 User.Gestion.Data.Models.TicketStatisticsDTO::get_ResolvedTickets()
DA:14,0
FN:14,System.Int32 User.Gestion.Data.Models.TicketStatisticsDTO::get_UnresolvedTickets()
FNDA:0,System.Int32 User.Gestion.Data.Models.TicketStatisticsDTO::get_UnresolvedTickets()
DA:15,0
FN:15,System.Int32 User.Gestion.Data.Models.TicketStatisticsDTO::get_LowPriorityTickets()
FNDA:0,System.Int32 User.Gestion.Data.Models.TicketStatisticsDTO::get_LowPriorityTickets()
DA:16,0
FN:16,System.Int32 User.Gestion.Data.Models.TicketStatisticsDTO::get_MediumPriorityTickets()
FNDA:0,System.Int32 User.Gestion.Data.Models.TicketStatisticsDTO::get_MediumPriorityTickets()
DA:17,0
FN:17,System.Int32 User.Gestion.Data.Models.TicketStatisticsDTO::get_HighPriorityTickets()
FNDA:0,System.Int32 User.Gestion.Data.Models.TicketStatisticsDTO::get_HighPriorityTickets()
DA:18,0
LF:6
LH:0
BRF:0
BRH:0
FNF:6
FNH:0
end_of_record
SF:C:\Users\Ahmed\Desktop\Stage PFE 2024\Projet .net\BackEnd\Gestion User\User.Gestion.Data\Models\TicketStatusUpdateDTO.cs
FN:12,System.String User.Gestion.Data.Models.TicketStatusUpdateDTO::get_Statut()
FNDA:0,System.String User.Gestion.Data.Models.TicketStatusUpdateDTO::get_Statut()
DA:13,0
LF:1
LH:0
BRF:0
BRH:0
FNF:1
FNH:0
end_of_record
SF:C:\Users\Ahmed\Desktop\Stage PFE 2024\Projet .net\BackEnd\Gestion User\User.Gestion.Data\Models\UpdateProfileModel.cs
FN:13,System.String User.Gestion.Data.Models.UpdateProfileModel::get_UserName()
FNDA:0,System.String User.Gestion.Data.Models.UpdateProfileModel::get_UserName()
DA:14,0
FN:14,System.String User.Gestion.Data.Models.UpdateProfileModel::get_Email()
FNDA:0,System.String User.Gestion.Data.Models.UpdateProfileModel::get_Email()
DA:15,0
FN:15,System.String User.Gestion.Data.Models.UpdateProfileModel::get_PhoneNumber()
FNDA:0,System.String User.Gestion.Data.Models.UpdateProfileModel::get_PhoneNumber()
DA:16,0
FN:17,System.String User.Gestion.Data.Models.UpdateProfileModel::get_Address()
FNDA:0,System.String User.Gestion.Data.Models.UpdateProfileModel::get_Address()
DA:18,0
LF:4
LH:0
BRF:0
BRH:0
FNF:4
FNH:0
end_of_record
SF:C:\Users\Ahmed\Desktop\Stage PFE 2024\Projet .net\BackEnd\Gestion User\User.Gestion.Data\Migrations\20240929141039_FirstMigration.cs
FN:10,System.Void User.Gestion.Data.Migrations.FirstMigration::Up(Microsoft.EntityFrameworkCore.Migrations.MigrationBuilder)
FNDA:0,System.Void User.Gestion.Data.Migrations.FirstMigration::Up(Microsoft.EntityFrameworkCore.Migrations.MigrationBuilder)
DA:11,0
DA:12,0
DA:13,0
DA:14,0
DA:15,0
DA:16,0
DA:17,0
DA:18,0
DA:19,0
DA:20,0
DA:21,0
DA:22,0
DA:23,0
DA:24,0
DA:26,0
DA:27,0
DA:28,0
DA:29,0
DA:30,0
DA:31,0
DA:32,0
DA:33,0
DA:34,0
DA:35,0
DA:36,0
DA:37,0
DA:38,0
DA:39,0
DA:40,0
DA:41,0
DA:42,0
DA:43,0
DA:44,0
DA:45,0
DA:46,0
DA:47,0
DA:48,0
DA:49,0
DA:50,0
DA:51,0
DA:52,0
DA:53,0
DA:55,0
DA:56,0
DA:57,0
DA:58,0
DA:59,0
DA:60,0
DA:61,0
DA:62,0
DA:63,0
DA:64,0
DA:65,0
DA:66,0
DA:67,0
DA:68,0
DA:69,0
DA:70,0
DA:71,0
DA:72,0
DA:73,0
DA:74,0
DA:76,0
DA:77,0
DA:78,0
DA:79,0
DA:80,0
DA:81,0
DA:82,0
DA:83,0
DA:84,0
DA:85,0
DA:86,0
DA:87,0
DA:88,0
DA:89,0
DA:90,0
DA:91,0
DA:92,0
DA:93,0
DA:94,0
DA:95,0
DA:97,0
DA:98,0
DA:99,0
DA:100,0
DA:101,0
DA:102,0
DA:103,0
DA:104,0
DA:105,0
DA:106,0
DA:107,0
DA:108,0
DA:109,0
DA:110,0
DA:111,0
DA:112,0
DA:113,0
DA:114,0
DA:115,0
DA:117,0
DA:118,0
DA:119,0
DA:120,0
DA:121,0
DA:122,0
DA:123,0
DA:124,0
DA:125,0
DA:126,0
DA:127,0
DA:128,0
DA:129,0
DA:130,0
DA:131,0
DA:132,0
DA:133,0
DA:134,0
DA:135,0
DA:136,0
DA:137,0
DA:138,0
DA:139,0
DA:141,0
DA:142,0
DA:143,0
DA:144,0
DA:145,0
DA:146,0
DA:147,0
DA:148,0
DA:149,0
DA:150,0
DA:151,0
DA:152,0
DA:153,0
DA:154,0
DA:155,0
DA:156,0
DA:157,0
DA:158,0
DA:159,0
DA:161,0
DA:162,0
DA:163,0
DA:164,0
DA:165,0
DA:166,0
DA:167,0
DA:168,0
DA:169,0
DA:170,0
DA:171,0
DA:172,0
DA:173,0
DA:174,0
DA:175,0
DA:176,0
DA:177,0
DA:178,0
DA:179,0
DA:180,0
DA:181,0
DA:182,0
DA:183,0
DA:184,0
DA:185,0
DA:186,0
DA:187,0
DA:189,0
DA:190,0
DA:191,0
DA:192,0
DA:193,0
DA:194,0
DA:195,0
DA:196,0
DA:197,0
DA:198,0
DA:199,0
DA:200,0
DA:201,0
DA:202,0
DA:203,0
DA:204,0
DA:205,0
DA:206,0
DA:207,0
DA:208,0
DA:209,0
DA:210,0
DA:211,0
DA:212,0
DA:213,0
DA:214,0
DA:215,0
DA:216,0
DA:217,0
DA:218,0
DA:219,0
DA:220,0
DA:221,0
DA:222,0
DA:223,0
DA:224,0
DA:226,0
DA:227,0
DA:228,0
DA:229,0
DA:230,0
DA:231,0
DA:232,0
DA:233,0
DA:234,0
DA:235,0
DA:236,0
DA:237,0
DA:238,0
DA:239,0
DA:240,0
DA:241,0
DA:242,0
DA:243,0
DA:244,0
DA:245,0
DA:247,0
DA:248,0
DA:249,0
DA:250,0
DA:251,0
DA:252,0
DA:253,0
DA:254,0
DA:255,0
DA:256,0
DA:257,0
DA:258,0
DA:259,0
DA:260,0
DA:261,0
DA:262,0
DA:263,0
DA:264,0
DA:265,0
DA:266,0
DA:267,0
DA:268,0
DA:269,0
DA:270,0
DA:272,0
DA:273,0
DA:274,0
DA:275,0
DA:276,0
DA:277,0
DA:278,0
DA:279,0
DA:280,0
DA:281,0
DA:282,0
DA:283,0
DA:284,0
DA:285,0
DA:286,0
DA:287,0
DA:288,0
DA:289,0
DA:290,0
DA:291,0
DA:292,0
DA:293,0
DA:294,0
DA:296,0
DA:297,0
DA:298,0
DA:299,0
DA:300,0
DA:301,0
DA:302,0
DA:303,0
DA:304,0
DA:305,0
DA:306,0
DA:307,0
DA:308,0
DA:309,0
DA:310,0
DA:311,0
DA:312,0
DA:313,0
DA:314,0
DA:315,0
DA:316,0
DA:317,0
DA:318,0
DA:319,0
DA:320,0
DA:321,0
DA:322,0
DA:323,0
DA:324,0
DA:325,0
DA:326,0
DA:327,0
DA:329,0
DA:330,0
DA:331,0
DA:332,0
DA:333,0
DA:334,0
DA:335,0
DA:336,0
DA:337,0
DA:338,0
DA:339,0
DA:340,0
DA:341,0
DA:342,0
DA:343,0
DA:344,0
DA:345,0
DA:346,0
DA:347,0
DA:349,0
DA:350,0
DA:351,0
DA:352,0
DA:354,0
DA:355,0
DA:356,0
DA:357,0
DA:359,0
DA:360,0
DA:361,0
DA:362,0
DA:364,0
DA:365,0
DA:366,0
DA:367,0
DA:368,0
DA:369,0
DA:371,0
DA:372,0
DA:373,0
DA:374,0
DA:376,0
DA:377,0
DA:378,0
DA:379,0
DA:381,0
DA:382,0
DA:383,0
DA:384,0
DA:386,0
DA:387,0
DA:388,0
DA:389,0
DA:391,0
DA:392,0
DA:393,0
DA:394,0
DA:395,0
DA:396,0
DA:398,0
DA:399,0
DA:400,0
DA:401,0
DA:403,0
DA:404,0
DA:405,0
DA:406,0
DA:408,0
DA:409,0
DA:410,0
DA:411,0
DA:413,0
DA:414,0
DA:415,0
DA:416,0
DA:418,0
DA:419,0
DA:420,0
DA:421,0
DA:423,0
DA:424,0
DA:425,0
DA:426,0
DA:428,0
DA:429,0
DA:430,0
DA:431,0
DA:433,0
DA:434,0
DA:435,0
DA:436,0
DA:438,0
DA:439,0
DA:440,0
DA:441,0
DA:442,0
FN:444,System.Void User.Gestion.Data.Migrations.FirstMigration::Down(Microsoft.EntityFrameworkCore.Migrations.MigrationBuilder)
FNDA:0,System.Void User.Gestion.Data.Migrations.FirstMigration::Down(Microsoft.EntityFrameworkCore.Migrations.MigrationBuilder)
DA:445,0
DA:446,0
DA:447,0
DA:449,0
DA:450,0
DA:452,0
DA:453,0
DA:455,0
DA:456,0
DA:458,0
DA:459,0
DA:461,0
DA:462,0
DA:464,0
DA:465,0
DA:467,0
DA:468,0
DA:470,0
DA:471,0
DA:473,0
DA:474,0
DA:476,0
DA:477,0
DA:479,0
DA:480,0
DA:482,0
DA:483,0
DA:485,0
DA:486,0
DA:487,0
LF:431
LH:0
BRF:0
BRH:0
FNF:2
FNH:0
end_of_record
SF:C:\Users\Ahmed\Desktop\Stage PFE 2024\Projet .net\BackEnd\Gestion User\User.Gestion.Data\Migrations\20240929141039_FirstMigration.Designer.cs
FN:18,System.Void User.Gestion.Data.Migrations.FirstMigration::BuildTargetModel(Microsoft.EntityFrameworkCore.ModelBuilder)
FNDA:0,System.Void User.Gestion.Data.Migrations.FirstMigration::BuildTargetModel(Microsoft.EntityFrameworkCore.ModelBuilder)
DA:19,0
DA:21,0
DA:22,0
DA:23,0
DA:25,0
DA:27,0
DA:28,0
DA:29,0
DA:30,0
DA:31,0
DA:32,0
DA:33,0
DA:34,0
DA:35,0
DA:36,0
DA:37,0
DA:38,0
DA:39,0
DA:40,0
DA:41,0
DA:42,0
DA:43,0
DA:44,0
DA:45,0
DA:46,0
DA:47,0
DA:48,0
DA:49,0
DA:50,0
DA:51,0
DA:52,0
DA:53,0
DA:54,0
DA:55,0
DA:56,0
DA:57,0
DA:58,0
DA:59,0
DA:60,0
DA:61,0
DA:62,0
DA:63,0
DA:64,0
DA:65,0
DA:66,0
DA:67,0
DA:68,0
DA:70,0
DA:71,0
DA:72,0
DA:73,0
DA:74,0
DA:75,0
DA:76,0
DA:77,0
DA:78,0
DA:79,0
DA:80,0
DA:81,0
DA:82,0
DA:83,0
DA:84,0
DA:85,0
DA:86,0
DA:87,0
DA:88,0
DA:89,0
DA:90,0
DA:91,0
DA:92,0
DA:93,0
DA:95,0
DA:96,0
DA:97,0
DA:98,0
DA:99,0
DA:100,0
DA:101,0
DA:102,0
DA:103,0
DA:104,0
DA:105,0
DA:106,0
DA:107,0
DA:108,0
DA:109,0
DA:110,0
DA:111,0
DA:112,0
DA:113,0
DA:114,0
DA:115,0
DA:116,0
DA:117,0
DA:118,0
DA:120,0
DA:121,0
DA:122,0
DA:123,0
DA:124,0
DA:125,0
DA:126,0
DA:127,0
DA:128,0
DA:129,0
DA:130,0
DA:131,0
DA:132,0
DA:133,0
DA:134,0
DA:135,0
DA:136,0
DA:137,0
DA:138,0
DA:139,0
DA:140,0
DA:142,0
DA:143,0
DA:144,0
DA:145,0
DA:146,0
DA:147,0
DA:148,0
DA:149,0
DA:150,0
DA:151,0
DA:152,0
DA:153,0
DA:154,0
DA:155,0
DA:157,0
DA:158,0
DA:159,0
DA:160,0
DA:161,0
DA:162,0
DA:163,0
DA:164,0
DA:165,0
DA:166,0
DA:167,0
DA:168,0
DA:169,0
DA:170,0
DA:171,0
DA:172,0
DA:173,0
DA:174,0
DA:176,0
DA:177,0
DA:178,0
DA:179,0
DA:180,0
DA:181,0
DA:182,0
DA:183,0
DA:184,0
DA:185,0
DA:186,0
DA:187,0
DA:188,0
DA:189,0
DA:190,0
DA:191,0
DA:192,0
DA:193,0
DA:194,0
DA:195,0
DA:196,0
DA:197,0
DA:198,0
DA:199,0
DA:200,0
DA:201,0
DA:202,0
DA:203,0
DA:204,0
DA:205,0
DA:206,0
DA:207,0
DA:208,0
DA:209,0
DA:210,0
DA:211,0
DA:212,0
DA:213,0
DA:214,0
DA:215,0
DA:216,0
DA:217,0
DA:218,0
DA:219,0
DA:220,0
DA:221,0
DA:222,0
DA:223,0
DA:224,0
DA:225,0
DA:226,0
DA:227,0
DA:228,0
DA:229,0
DA:230,0
DA:231,0
DA:232,0
DA:233,0
DA:234,0
DA:235,0
DA:236,0
DA:237,0
DA:238,0
DA:239,0
DA:240,0
DA:241,0
DA:242,0
DA:243,0
DA:244,0
DA:245,0
DA:246,0
DA:247,0
DA:248,0
DA:249,0
DA:250,0
DA:251,0
DA:253,0
DA:254,0
DA:255,0
DA:256,0
DA:257,0
DA:258,0
DA:259,0
DA:260,0
DA:261,0
DA:262,0
DA:263,0
DA:264,0
DA:265,0
DA:266,0
DA:267,0
DA:268,0
DA:269,0
DA:270,0
DA:271,0
DA:272,0
DA:273,0
DA:274,0
DA:275,0
DA:276,0
DA:277,0
DA:278,0
DA:279,0
DA:280,0
DA:281,0
DA:282,0
DA:283,0
DA:284,0
DA:285,0
DA:286,0
DA:287,0
DA:288,0
DA:289,0
DA:291,0
DA:292,0
DA:293,0
DA:294,0
DA:295,0
DA:296,0
DA:297,0
DA:298,0
DA:299,0
DA:300,0
DA:301,0
DA:302,0
DA:303,0
DA:304,0
DA:305,0
DA:306,0
DA:307,0
DA:308,0
DA:309,0
DA:310,0
DA:311,0
DA:312,0
DA:313,0
DA:314,0
DA:315,0
DA:316,0
DA:317,0
DA:318,0
DA:319,0
DA:320,0
DA:322,0
DA:323,0
DA:324,0
DA:325,0
DA:326,0
DA:327,0
DA:328,0
DA:329,0
DA:330,0
DA:331,0
DA:332,0
DA:333,0
DA:334,0
DA:335,0
DA:336,0
DA:337,0
DA:338,0
DA:339,0
DA:340,0
DA:341,0
DA:342,0
DA:343,0
DA:344,0
DA:345,0
DA:346,0
DA:348,0
DA:349,0
DA:350,0
DA:351,0
DA:352,0
DA:353,0
DA:354,0
DA:355,0
DA:356,0
DA:357,0
DA:358,0
DA:359,0
DA:360,0
DA:361,0
DA:362,0
DA:363,0
DA:364,0
DA:365,0
DA:366,0
DA:367,0
DA:368,0
DA:369,0
DA:370,0
DA:371,0
DA:372,0
DA:373,0
DA:374,0
DA:375,0
DA:376,0
DA:377,0
DA:378,0
DA:379,0
DA:380,0
DA:381,0
DA:382,0
DA:383,0
DA:384,0
DA:385,0
DA:386,0
DA:387,0
DA:388,0
DA:389,0
DA:390,0
DA:391,0
DA:392,0
DA:393,0
DA:394,0
DA:395,0
DA:396,0
DA:397,0
DA:399,0
DA:400,0
DA:401,0
DA:402,0
DA:403,0
DA:404,0
DA:405,0
DA:406,0
DA:407,0
DA:408,0
DA:409,0
DA:410,0
DA:411,0
DA:412,0
DA:413,0
DA:414,0
DA:415,0
DA:416,0
DA:417,0
DA:418,0
DA:419,0
DA:420,0
DA:421,0
DA:422,0
DA:423,0
DA:424,0
DA:425,0
DA:426,0
DA:427,0
DA:428,0
DA:429,0
DA:430,0
DA:431,0
DA:432,0
DA:433,0
DA:434,0
DA:435,0
DA:436,0
DA:438,0
DA:439,0
DA:440,0
DA:441,0
DA:442,0
DA:443,0
DA:444,0
DA:445,0
DA:446,0
DA:447,0
DA:448,0
DA:449,0
DA:450,0
DA:451,0
DA:452,0
DA:453,0
DA:454,0
DA:455,0
DA:456,0
DA:457,0
DA:458,0
DA:459,0
DA:460,0
DA:461,0
DA:462,0
DA:463,0
DA:464,0
DA:465,0
DA:466,0
DA:467,0
DA:468,0
DA:469,0
DA:470,0
DA:471,0
DA:472,0
DA:473,0
DA:475,0
DA:476,0
DA:477,0
DA:478,0
DA:479,0
DA:480,0
DA:481,0
DA:482,0
DA:483,0
DA:484,0
DA:485,0
DA:486,0
DA:487,0
DA:488,0
DA:489,0
DA:490,0
DA:491,0
DA:492,0
DA:493,0
DA:494,0
DA:495,0
DA:496,0
DA:498,0
DA:499,0
DA:500,0
DA:501,0
DA:502,0
DA:503,0
DA:504,0
DA:505,0
DA:506,0
DA:507,0
DA:508,0
DA:509,0
DA:510,0
DA:511,0
DA:512,0
DA:513,0
DA:514,0
DA:515,0
DA:516,0
DA:517,0
DA:519,0
DA:520,0
DA:521,0
DA:522,0
DA:523,0
DA:524,0
DA:525,0
DA:526,0
DA:527,0
DA:528,0
DA:529,0
DA:530,0
DA:531,0
DA:532,0
DA:533,0
DA:534,0
DA:535,0
DA:536,0
DA:537,0
DA:538,0
DA:540,0
DA:541,0
DA:542,0
DA:543,0
DA:544,0
DA:545,0
DA:546,0
DA:547,0
DA:548,0
DA:549,0
DA:550,0
DA:551,0
DA:552,0
DA:553,0
DA:554,0
DA:555,0
DA:556,0
DA:557,0
DA:558,0
DA:559,0
DA:561,0
DA:562,0
DA:563,0
DA:564,0
DA:565,0
DA:566,0
DA:567,0
DA:568,0
DA:569,0
DA:570,0
DA:571,0
DA:572,0
DA:573,0
DA:574,0
DA:575,0
DA:576,0
DA:578,0
DA:579,0
DA:580,0
DA:581,0
DA:582,0
DA:583,0
DA:584,0
DA:585,0
DA:587,0
DA:588,0
DA:589,0
DA:590,0
DA:591,0
DA:592,0
DA:593,0
DA:594,0
DA:596,0
DA:597,0
DA:598,0
DA:599,0
DA:600,0
DA:601,0
DA:602,0
DA:603,0
DA:605,0
DA:606,0
DA:607,0
DA:608,0
DA:609,0
DA:610,0
DA:611,0
DA:612,0
DA:613,0
DA:614,0
DA:615,0
DA:616,0
DA:617,0
DA:618,0
DA:620,0
DA:621,0
DA:622,0
DA:623,0
DA:624,0
DA:625,0
DA:626,0
DA:627,0
DA:629,0
DA:630,0
DA:631,0
DA:632,0
DA:633,0
DA:634,0
DA:635,0
DA:636,0
DA:637,0
DA:638,0
DA:639,0
DA:640,0
DA:641,0
DA:642,0
DA:643,0
DA:644,0
DA:645,0
DA:646,0
DA:648,0
DA:649,0
DA:650,0
DA:651,0
DA:652,0
DA:653,0
DA:654,0
DA:655,0
DA:656,0
DA:657,0
DA:659,0
DA:660,0
DA:661,0
DA:662,0
DA:663,0
DA:664,0
DA:665,0
DA:666,0
DA:667,0
DA:668,0
DA:670,0
DA:671,0
DA:672,0
DA:673,0
DA:674,0
DA:675,0
DA:676,0
DA:677,0
DA:678,0
DA:679,0
DA:680,0
DA:681,0
DA:682,0
DA:683,0
DA:684,0
DA:685,0
DA:686,0
DA:687,0
DA:689,0
DA:690,0
DA:691,0
DA:692,0
DA:693,0
DA:694,0
DA:695,0
DA:696,0
DA:697,0
DA:698,0
DA:700,0
DA:701,0
DA:702,0
DA:703,0
DA:704,0
DA:705,0
DA:706,0
DA:707,0
DA:708,0
DA:709,0
DA:711,0
DA:712,0
DA:713,0
DA:714,0
DA:715,0
DA:716,0
DA:717,0
DA:718,0
DA:719,0
DA:720,0
DA:722,0
DA:723,0
DA:724,0
DA:725,0
DA:726,0
DA:727,0
DA:728,0
DA:729,0
DA:730,0
DA:731,0
DA:732,0
DA:733,0
DA:734,0
DA:735,0
DA:737,0
DA:738,0
DA:739,0
DA:740,0
DA:742,0
DA:743,0
DA:744,0
DA:745,0
DA:747,0
LF:693
LH:0
BRF:0
BRH:0
FNF:1
FNH:0
end_of_record
SF:C:\Users\Ahmed\Desktop\Stage PFE 2024\Projet .net\BackEnd\Gestion User\User.Gestion.Data\Migrations\ApplicationDbContextModelSnapshot.cs
FN:16,System.Void User.Gestion.Data.Migrations.ApplicationDbContextModelSnapshot::BuildModel(Microsoft.EntityFrameworkCore.ModelBuilder)
[...]
FN:38,System.Void User.Gestion.Service.Services.FeedbackService/<GetAverageRatingAsync>d__4::MoveNext()
FNDA:0,System.Void User.Gestion.Service.Services.FeedbackService/<GetAverageRatingAsync>d__4::MoveNext()
DA:39,0
DA:40,0
DA:41,0
DA:42,0
DA:44,0
DA:45,0
BRDA:41,244,0,0
BRDA:41,244,1,0
FN:30,System.Void User.Gestion.Service.Services.FeedbackService/<GetFeedbacksForUserAsync>d__3::MoveNext()
FNDA:0,System.Void User.Gestion.Service.Services.FeedbackService/<GetFeedbacksForUserAsync>d__3::MoveNext()
DA:31,0
DA:32,0
DA:33,0
DA:34,0
DA:35,0
DA:36,0
FN:47,System.Void User.Gestion.Service.Services.FeedbackService/<GetRatingDistributionAsync>d__5::MoveNext()
FNDA:0,System.Void User.Gestion.Service.Services.FeedbackService/<GetRatingDistributionAsync>d__5::MoveNext()
DA:48,0
DA:49,0
DA:50,0
DA:51,0
DA:52,0
DA:53,0
DA:54,0
DA:55,0
DA:56,0
DA:57,0
DA:59,0
DA:60,0
LF:41
LH:0
BRF:4
BRH:0
FNF:6
FNH:0
end_of_record
SF:C:\Users\Ahmed\Desktop\Stage PFE 2024\Projet .net\BackEnd\Gestion User\User.Gestion.Service\Services\OpportunityService.cs
FN:13,System.Void User.Gestion.Service.Services.OpportunityService::.ctor(User.Gestion.Data.Models.ApplicationDbContext)
FNDA:5,System.Void User.Gestion.Service.Services.OpportunityService::.ctor(User.Gestion.Data.Models.ApplicationDbContext)
DA:14,5
DA:15,5
DA:16,5
DA:17,5
FN:74,System.Void User.Gestion.Service.Services.OpportunityService/<ApproveOpportunity>d__6::MoveNext()
FNDA:1,System.Void User.Gestion.Service.Services.OpportunityService/<ApproveOpportunity>d__6::MoveNext()
DA:75,1
DA:76,1
DA:77,1
DA:78,1
DA:79,1
DA:80,1
DA:81,1
DA:82,1
DA:83,1
DA:84,1
BRDA:79,402,0,1
BRDA:79,402,1,1
FN:31,System.Void User.Gestion.Service.Services.OpportunityService/<CreateOpportunitiesForDevis>d__4::MoveNext()
FNDA:1,System.Void User.Gestion.Service.Services.OpportunityService/<CreateOpportunitiesForDevis>d__4::MoveNext()
DA:32,1
DA:33,1
DA:34,1
DA:35,1
DA:36,1
DA:37,1
DA:38,1
DA:39,1
DA:40,1
DA:41,1
DA:42,1
DA:43,1
DA:44,1
DA:45,1
DA:46,1
DA:47,1
DA:48,1
DA:49,1
DA:50,1
DA:51,1
DA:52,1
DA:53,1
DA:54,1
DA:55,1
DA:56,1
DA:57,1
DA:58,1
DA:59,1
DA:60,1
DA:61,1
DA:63,1
DA:64,1
DA:65,1
FN:67,System.Void User.Gestion.Service.Services.OpportunityService/<GetAllOpportunities>d__5::MoveNext()
FNDA:1,System.Void User.Gestion.Service.Services.OpportunityService/<GetAllOpportunities>d__5::MoveNext()
DA:68,1
DA:69,1
DA:70,1
FN:19,System.Void User.Gestion.Service.Services.OpportunityService/<GetOpportunitiesByUserId>d__2::MoveNext()
FNDA:1,System.Void User.Gestion.Service.Services.OpportunityService/<GetOpportunitiesByUserId>d__2::MoveNext()
DA:20,1
DA:21,1
DA:22,1
DA:23,1
DA:24,1
FN:26,System.Void User.Gestion.Service.Services.OpportunityService/<GetOpportunityById>d__3::MoveNext()
FNDA:1,System.Void User.Gestion.Service.Services.OpportunityService/<GetOpportunityById>d__3::MoveNext()
DA:27,1
DA:28,1
DA:29,1
LF:58
LH:58
BRF:2
BRH:2
FNF:6
FNH:6
end_of_record
SF:C:\Users\Ahmed\Desktop\Stage PFE 2024\Projet .net\BackEnd\Gestion User\User.Gestion.Service\Services\SinistreService.cs
FN:13,System.Void User.Gestion.Service.Services.SinistreService::.ctor(User.Gestion.Data.Models.ApplicationDbContext)
FNDA:5,System.Void User.Gestion.Service.Services.SinistreService::.ctor(User.Gestion.Data.Models.ApplicationDbContext)
DA:14,5
DA:15,5
DA:16,5
DA:17,5
FN:19,System.Void User.Gestion.Service.Services.SinistreService/<CreateSinistre>d__2::MoveNext()
FNDA:1,System.Void User.Gestion.Service.Services.SinistreService/<CreateSinistre>d__2::MoveNext()
DA:20,1
DA:21,1
DA:22,1
DA:23,1
DA:24,1
FN:45,System.Void User.Gestion.Service.Services.SinistreService/<GetAllSinistres>d__6::MoveNext()
FNDA:1,System.Void User.Gestion.Service.Services.SinistreService/<GetAllSinistres>d__6::MoveNext()
DA:46,1
DA:47,1
DA:48,1
FN:33,System.Void User.Gestion.Service.Services.SinistreService/<GetSinistreById>d__4::MoveNext()
FNDA:1,System.Void User.Gestion.Service.Services.SinistreService/<GetSinistreById>d__4::MoveNext()
DA:34,1
DA:35,1
DA:36,1
DA:37,1
FN:39,System.Void User.Gestion.Service.Services.SinistreService/<GetSinistresByUser>d__5::MoveNext()
FNDA:1,System.Void User.Gestion.Service.Services.SinistreService/<GetSinistresByUser>d__5::MoveNext()
DA:40,1
DA:41,1
DA:42,1
DA:43,1
DA:44,1
FN:26,System.Void User.Gestion.Service.Services.SinistreService/<UpdateSinistre>d__3::MoveNext()
FNDA:1,System.Void User.Gestion.Service.Services.SinistreService/<UpdateSinistre>d__3::MoveNext()
DA:27,1
DA:28,1
DA:29,1
DA:30,1
DA:31,1
LF:26
LH:26
BRF:0
BRH:0
FNF:6
FNH:6
end_of_record
SF:C:\Users\Ahmed\Desktop\Stage PFE 2024\Projet .net\BackEnd\Gestion User\User.Gestion.Service\Services\TicketService.cs
FN:13,System.Void User.Gestion.Service.Services.TicketService::.ctor(User.Gestion.Data.Models.ApplicationDbContext)
FNDA:4,System.Void User.Gestion.Service.Services.TicketService::.ctor(User.Gestion.Data.Models.ApplicationDbContext)
DA:14,4
DA:15,4
DA:16,4
DA:17,4
FN:32,System.Void User.Gestion.Service.Services.TicketService/<AddTicketAsync>d__2::MoveNext()
FNDA:1,System.Void User.Gestion.Service.Services.TicketService/<AddTicketAsync>d__2::MoveNext()
DA:33,1
DA:34,1
DA:35,0
DA:36,0
DA:40,1
DA:41,0
DA:42,0
DA:45,1
DA:46,1
DA:47,1
DA:48,1
BRDA:34,29,0,0
BRDA:34,29,1,1
BRDA:40,61,0,0
BRDA:40,61,1,1
FN:114,System.Void User.Gestion.Service.Services.TicketService/<FilterTicketsAsync>d__8::MoveNext()
FNDA:0,System.Void User.Gestion.Service.Services.TicketService/<FilterTicketsAsync>d__8::MoveNext()
DA:115,0
DA:116,0
DA:118,0
DA:119,0
DA:120,0
DA:121,0
DA:123,0
DA:124,0
DA:125,0
DA:126,0
DA:130,0
DA:131,0
BRDA:118,99,0,0
BRDA:118,99,1,0
BRDA:123,303,0,0
BRDA:123,303,1,0
FN:175,System.Void User.Gestion.Service.Services.TicketService/<GetAllTicketResponsesAsync>d__12::MoveNext()
FNDA:0,System.Void User.Gestion.Service.Services.TicketService/<GetAllTicketResponsesAsync>d__12::MoveNext()
DA:176,0
DA:177,0
DA:178,0
FN:109,System.Void User.Gestion.Service.Services.TicketService/<GetAllTicketsAsync>d__7::MoveNext()
FNDA:1,System.Void User.Gestion.Service.Services.TicketService/<GetAllTicketsAsync>d__7::MoveNext()
DA:110,1
DA:111,1
DA:112,1
FN:180,System.Void User.Gestion.Service.Services.TicketService/<GetClientTicketResponsesAsync>d__13::MoveNext()
FNDA:0,System.Void User.Gestion.Service.Services.TicketService/<GetClientTicketResponsesAsync>d__13::MoveNext()
DA:181,0
DA:182,0
DA:183,0
DA:184,0
DA:185,0
DA:188,0
DA:189,0
BRDA:183,196,0,0
BRDA:183,196,1,0
BRDA:183,227,0,0
BRDA:183,227,1,0
FN:170,System.Void User.Gestion.Service.Services.TicketService/<GetResponsesByTicketIdAsync>d__11::MoveNext()
FNDA:0,System.Void User.Gestion.Service.Services.TicketService/<GetResponsesByTicketIdAsync>d__11::MoveNext()
DA:171,0
DA:172,0
DA:173,0
FN:67,System.Void User.Gestion.Service.Services.TicketService/<GetTicketByIdAsync>d__4::MoveNext()
FNDA:0,System.Void User.Gestion.Service.Services.TicketService/<GetTicketByIdAsync>d__4::MoveNext()
DA:68,0
DA:69,0
DA:70,0
DA:71,0
DA:73,0
DA:74,0
DA:75,0
DA:78,0
DA:79,0
BRDA:73,381,0,0
BRDA:73,381,1,0
FN:191,System.Void User.Gestion.Service.Services.TicketService/<GetTicketStatisticsAsync>d__14::MoveNext()
FNDA:0,System.Void User.Gestion.Service.Services.TicketService/<GetTicketStatisticsAsync>d__14::MoveNext()
DA:192,0
DA:193,0
DA:194,0
DA:195,0
DA:197,0
DA:198,0
DA:199,0
DA:201,0
DA:202,0
DA:203,0
DA:204,0
DA:205,0
DA:206,0
DA:207,0
DA:208,0
DA:209,0
DA:210,0
FN:102,System.Void User.Gestion.Service.Services.TicketService/<GetTicketsByTitleAndUserIdAsync>d__6::MoveNext()
FNDA:0,System.Void User.Gestion.Service.Services.TicketService/<GetTicketsByTitleAndUserIdAsync>d__6::MoveNext()
DA:103,0
DA:104,0
DA:105,0
DA:106,0
DA:107,0
FN:50,System.Void User.Gestion.Service.Services.TicketService/<GetTicketsByUserIdAsync>d__3::MoveNext()
FNDA:1,System.Void User.Gestion.Service.Services.TicketService/<GetTicketsByUserIdAsync>d__3::MoveNext()
DA:51,1
DA:52,1
DA:53,1
FN:133,System.Void User.Gestion.Service.Services.TicketService/<RespondToTicketAsync>d__9::MoveNext()
FNDA:0,System.Void User.Gestion.Service.Services.TicketService/<RespondToTicketAsync>d__9::MoveNext()
DA:134,0
DA:135,0
DA:136,0
DA:137,0
DA:138,0
DA:143,0
DA:145,0
DA:147,0
DA:148,0
BRDA:136,198,0,0
BRDA:136,198,1,0
FN:82,System.Void User.Gestion.Service.Services.TicketService/<UpdateTicketAsync>d__5::MoveNext()
FNDA:1,System.Void User.Gestion.Service.Services.TicketService/<UpdateTicketAsync>d__5::MoveNext()
DA:83,1
DA:84,1
DA:85,1
DA:86,0
DA:87,0
DA:90,1
DA:91,1
DA:92,1
DA:93,1
DA:94,1
DA:96,1
DA:97,1
DA:99,1
DA:100,1
BRDA:85,198,0,0
BRDA:85,198,1,1
FN:152,System.Void User.Gestion.Service.Services.TicketService/<UpdateTicketStatus>d__10::MoveNext()
FNDA:0,System.Void User.Gestion.Service.Services.TicketService/<UpdateTicketStatus>d__10::MoveNext()
DA:153,0
DA:154,0
DA:155,0
DA:156,0
DA:157,0
DA:160,0
DA:162,0
DA:163,0
DA:164,0
DA:165,0
DA:166,0
DA:167,0
DA:168,0
BRDA:155,198,0,0
BRDA:155,198,1,0
BRDA:162,239,0,0
BRDA:162,239,1,0
LF:113
LH:29
BRF:22
BRH:3
FNF:14
FNH:5
end_of_record
SF:C:\Users\Ahmed\Desktop\Stage PFE 2024\Projet .net\BackEnd\Gestion User\User.Gestion.Service\Services\UserManagement.cs
FN:317,System.IdentityModel.Tokens.Jwt.JwtSecurityToken User.Gestion.Service.Services.UserManagement::GetToken(System.Collections.Generic.List`1<System.Security.Claims.Claim>)
FNDA:0,System.IdentityModel.Tokens.Jwt.JwtSecurityToken User.Gestion.Service.Services.UserManagement::GetToken(System.Collections.Generic.List`1<System.Security.Claims.Claim>)
DA:318,0
DA:319,0
DA:320,0
DA:321,0
DA:322,0
DA:323,0
DA:325,0
DA:326,0
DA:327,0
DA:328,0
DA:329,0
DA:330,0
DA:331,0
DA:333,0
DA:334,0
FN:336,System.String User.Gestion.Service.Services.UserManagement::GenerateRefreshToken()
FNDA:0,System.String User.Gestion.Service.Services.UserManagement::GenerateRefreshToken()
DA:337,0
DA:338,0
DA:339,0
DA:340,0
DA:341,0
DA:342,0
FN:343,System.Security.Claims.ClaimsPrincipal User.Gestion.Service.Services.UserManagement::GetClaimsPrincipal(System.String)
FNDA:0,System.Security.Claims.ClaimsPrincipal User.Gestion.Service.Services.UserManagement::GetClaimsPrincipal(System.String)
DA:344,0
DA:345,0
DA:346,0
DA:347,0
DA:348,0
DA:349,0
DA:350,0
DA:351,0
DA:352,0
DA:354,0
DA:355,0
DA:357,0
DA:359,0
FN:33,System.Void User.Gestion.Service.Services.UserManagement::.ctor(Microsoft.AspNetCore.Identity.UserManager`1<User.Gestion.Data.Models.ApplicationUser>,User.Gestion.Service.Services.IEmailService,Microsoft.AspNetCore.Identity.RoleManager`1<Microsoft.AspNetCore.Identity.IdentityRole>,Microsoft.Extensions.Configuration.IConfiguration,Microsoft.AspNetCore.Identity.SignInManager`1<User.Gestion.Data.Models.ApplicationUser>)
FNDA:0,System.Void User.Gestion.Service.Services.UserManagement::.ctor(Microsoft.AspNetCore.Identity.UserManager`1<User.Gestion.Data.Models.ApplicationUser>,User.Gestion.Service.Services.IEmailService,Microsoft.AspNetCore.Identity.RoleManager`1<Microsoft.AspNetCore.Identity.IdentityRole>,Microsoft.Extensions.Configuration.IConfiguration,Microsoft.AspNetCore.Identity.SignInManager`1<User.Gestion.Data.Models.ApplicationUser>)
DA:34,0
DA:35,0
DA:36,0
DA:37,0
DA:38,0
DA:39,0
DA:40,0
DA:43,0
FN:45,System.Void User.Gestion.Service.Services.UserManagement/<AssignRoleToUserAsync>d__5::MoveNext()
FNDA:0,System.Void User.Gestion.Service.Services.UserManagement/<AssignRoleToUserAsync>d__5::MoveNext()
DA:46,0
DA:47,0
DA:48,0
DA:49,0
DA:50,0
DA:51,0
DA:52,0
DA:53,0
DA:54,0
DA:55,0
DA:56,0
DA:57,0
DA:58,0
DA:59,0
DA:60,0
BRDA:48,540,1,0
BRDA:50,227,0,0
BRDA:52,373,0,0
BRDA:52,373,1,0
BRDA:50,227,1,0
BRDA:48,540,0,0
FN:62,System.Void User.Gestion.Service.Services.UserManagement/<CreateUserWithTokenAsync>d__6::MoveNext()
FNDA:0,System.Void User.Gestion.Service.Services.UserManagement/<CreateUserWithTokenAsync>d__6::MoveNext()
DA:63,0
DA:65,0
DA:66,0
DA:67,0
DA:68,0
DA:72,0
DA:73,0
DA:74,0
DA:75,0
DA:76,0
DA:77,0
DA:78,0
DA:80,0
DA:81,0
DA:82,0
DA:83,0
DA:85,0
DA:89,0
DA:90,0
DA:95,0
BRDA:66,194,0,0
BRDA:66,194,1,0
BRDA:81,487,0,0
BRDA:81,487,1,0
FN:309,System.Void User.Gestion.Service.Services.UserManagement/<GetClientsAsync>d__10::MoveNext()
FNDA:0,System.Void User.Gestion.Service.Services.UserManagement/<GetClientsAsync>d__10::MoveNext()
DA:310,0
DA:311,0
DA:312,0
DA:313,0
FN:97,System.Void User.Gestion.Service.Services.UserManagement/<GetJwtTokenAsync>d__7::MoveNext()
FNDA:0,System.Void User.Gestion.Service.Services.UserManagement/<GetJwtTokenAsync>d__7::MoveNext()
DA:98,0
DA:99,0
DA:100,0
DA:101,0
DA:102,0
DA:103,0
DA:104,0
DA:106,0
DA:107,0
DA:108,0
DA:109,0
DA:110,0
DA:112,0
DA:113,0
DA:114,0
DA:116,0
DA:117,0
DA:119,0
DA:121,0
DA:122,0
DA:123,0
DA:124,0
DA:125,0
DA:126,0
DA:127,0
DA:128,0
DA:129,0
DA:130,0
DA:131,0
DA:132,0
DA:133,0
DA:134,0
DA:135,0
DA:136,0
DA:137,0
DA:138,0
DA:139,0
DA:140,0
DA:141,0
BRDA:107,354,1,0
BRDA:107,354,0,0
FN:272,System.Void User.Gestion.Service.Services.UserManagement/<LoginUserWithJWTokenAsync>d__8::MoveNext()
FNDA:0,System.Void User.Gestion.Service.Services.UserManagement/<LoginUserWithJWTokenAsync>d__8::MoveNext()
DA:273,0
DA:274,0
DA:275,0
DA:276,0
DA:277,0
DA:280,0
DA:281,0
DA:282,0
DA:283,0
DA:286,0
DA:287,0
BRDA:275,189,0,0
BRDA:275,189,1,0
BRDA:281,396,0,0
BRDA:281,396,1,0
FN:289,System.Void User.Gestion.Service.Services.UserManagement/<RenewAccessTokenAsync>d__9::MoveNext()
FNDA:0,System.Void User.Gestion.Service.Services.UserManagement/<RenewAccessTokenAsync>d__9::MoveNext()
DA:290,0
DA:291,0
DA:292,0
DA:293,0
DA:294,0
DA:295,0
DA:296,0
DA:297,0
DA:298,0
DA:299,0
DA:300,0
DA:301,0
DA:302,0
DA:303,0
DA:305,0
DA:306,0
DA:307,0
BRDA:295,264,0,0
BRDA:295,264,1,0
BRDA:295,294,0,0
BRDA:295,294,1,0
LF:148
LH:0
BRF:20
BRH:0
FNF:10
FNH:0
end_of_record
SF:C:\Users\Ahmed\Desktop\Stage PFE 2024\Projet .net\BackEnd\Gestion User\User.Gestion.Service\Models\ApiResponse.cs
FN:6,System.Boolean User.Gestion.Service.Models.ApiResponse`1::get_IsSuccess()
FNDA:0,System.Boolean User.Gestion.Service.Models.ApiResponse`1::get_IsSuccess()
DA:7,0
FN:7,System.String User.Gestion.Service.Models.ApiResponse`1::get_Message()
FNDA:0,System.String User.Gestion.Service.Models.ApiResponse`1::get_Message()
DA:8,0
FN:8,System.Int32 User.Gestion.Service.Models.ApiResponse`1::get_StatusCode()
FNDA:0,System.Int32 User.Gestion.Service.Models.ApiResponse`1::get_StatusCode()
DA:9,0
FN:9,T User.Gestion.Service.Models.ApiResponse`1::get_Response()
FNDA:0,T User.Gestion.Service.Models.ApiResponse`1::get_Response()
DA:10,0
LF:4
LH:0
BRF:0
BRH:0
FNF:4
FNH:0
end_of_record
SF:C:\Users\Ahmed\Desktop\Stage PFE 2024\Projet .net\BackEnd\Gestion User\User.Gestion.Service\Models\EmailConfiguration.cs
FN:10,System.String User.Gestion.Service.Models.EmailConfiguration::get_From()
FNDA:0,System.String User.Gestion.Service.Models.EmailConfiguration::get_From()
DA:11,0
FN:11,System.String User.Gestion.Service.Models.EmailConfiguration::get_SmtpServer()
FNDA:0,System.String User.Gestion.Service.Models.EmailConfiguration::get_SmtpServer()
DA:12,0
FN:12,System.Int32 User.Gestion.Service.Models.EmailConfiguration::get_Port()
FNDA:0,System.Int32 User.Gestion.Service.Models.EmailConfiguration::get_Port()
DA:13,0
FN:13,System.String User.Gestion.Service.Models.EmailConfiguration::get_UserName()
FNDA:0,System.String User.Gestion.Service.Models.EmailConfiguration::get_UserName()
DA:14,0
FN:14,System.String User.Gestion.Service.Models.EmailConfiguration::get_Password()
FNDA:0,System.String User.Gestion.Service.Models.EmailConfiguration::get_Password()
DA:15,0
LF:5
LH:0
BRF:0
BRH:0
FNF:5
FNH:0
end_of_record
SF:C:\Users\Ahmed\Desktop\Stage PFE 2024\Projet .net\BackEnd\Gestion User\User.Gestion.Service\Models\Message.cs
FN:6,System.Collections.Generic.List`1<MimeKit.MailboxAddress> User.Gestion.Service.Models.Message::get_To()
FNDA:0,System.Collections.Generic.List`1<MimeKit.MailboxAddress> User.Gestion.Service.Models.Message::get_To()
DA:7,0
FN:7,System.String User.Gestion.Service.Models.Message::get_Subject()
FNDA:0,System.String User.Gestion.Service.Models.Message::get_Subject()
DA:8,0
FN:8,System.String User.Gestion.Service.Models.Message::get_Content()
FNDA:0,System.String User.Gestion.Service.Models.Message::get_Content()
DA:9,0
FN:9,System.Void User.Gestion.Service.Models.Message::.ctor(System.Collections.Generic.IEnumerable`1<System.String>,System.String,System.String)
FNDA:0,System.Void User.Gestion.Service.Models.Message::.ctor(System.Collections.Generic.IEnumerable`1<System.String>,System.String,System.String)
DA:10,0
DA:11,0
DA:12,0
DA:13,0
DA:14,0
DA:15,0
DA:16,0
LF:10
LH:0
BRF:0
BRH:0
FNF:4
FNH:0
end_of_record
SF:C:\Users\Ahmed\Desktop\Stage PFE 2024\Projet .net\BackEnd\Gestion User\User.Gestion.Service\Models\Authentication\User\CreateUserResponse.cs
FN:7,System.String User.Gestion.Service.Models.Authentication.User.CreateUserResponse::get_Token()
FNDA:0,System.String User.Gestion.Service.Models.Authentication.User.CreateUserResponse::get_Token()
DA:8,0
FN:8,User.Gestion.Data.Models.ApplicationUser User.Gestion.Service.Models.Authentication.User.CreateUserResponse::get_User()
FNDA:0,User.Gestion.Data.Models.ApplicationUser User.Gestion.Service.Models.Authentication.User.CreateUserResponse::get_User()
DA:9,0
LF:2
LH:0
BRF:0
BRH:0
FNF:2
FNH:0
end_of_record
SF:C:\Users\Ahmed\Desktop\Stage PFE 2024\Projet .net\BackEnd\Gestion User\User.Gestion.Service\Models\Authentication\User\LoginOtpModel.cs
FN:10,System.String User.Gestion.Service.Models.Authentication.User.LoginOTPModel::get_Username()
FNDA:0,System.String User.Gestion.Service.Models.Authentication.User.LoginOTPModel::get_Username()
DA:11,0
FN:11,System.String User.Gestion.Service.Models.Authentication.User.LoginOTPModel::get_OTP()
FNDA:0,System.String User.Gestion.Service.Models.Authentication.User.LoginOTPModel::get_OTP()
DA:12,0
LF:2
LH:0
BRF:0
BRH:0
FNF:2
FNH:0
end_of_record
SF:C:\Users\Ahmed\Desktop\Stage PFE 2024\Projet .net\BackEnd\Gestion User\User.Gestion.Service\Models\Authentication\User\LoginOtpResponse.cs
FN:12,System.String User.Gestion.Service.Models.Authentication.User.LoginOtpResponse::get_Token()
FNDA:0,System.String User.Gestion.Service.Models.Authentication.User.LoginOtpResponse::get_Token()
DA:13,0
FN:13,System.Boolean User.Gestion.Service.Models.Authentication.User.LoginOtpResponse::get_IsTwoFactorEnable()
FNDA:0,System.Boolean User.Gestion.Service.Models.Authentication.User.LoginOtpResponse::get_IsTwoFactorEnable()
DA:14,0
FN:15,User.Gestion.Data.Models.ApplicationUser User.Gestion.Service.Models.Authentication.User.LoginOtpResponse::get_User()
FNDA:0,User.Gestion.Data.Models.ApplicationUser User.Gestion.Service.Models.Authentication.User.LoginOtpResponse::get_User()
DA:16,0
LF:3
LH:0
BRF:0
BRH:0
FNF:3
FNH:0
end_of_record
SF:C:\Users\Ahmed\Desktop\Stage PFE 2024\Projet .net\BackEnd\Gestion User\User.Gestion.Service\Models\Authentication\User\LoginResponse.cs
FN:10,User.Gestion.Service.Models.Authentication.User.TokenType User.Gestion.Service.Models.Authentication.User.LoginResponse::get_AccessToken()
FNDA:0,User.Gestion.Service.Models.Authentication.User.TokenType User.Gestion.Service.Models.Authentication.User.LoginResponse::get_AccessToken()
DA:11,0
FN:11,User.Gestion.Service.Models.Authentication.User.TokenType User.Gestion.Service.Models.Authentication.User.LoginResponse::get_RefreshToken()
FNDA:0,User.Gestion.Service.Models.Authentication.User.TokenType User.Gestion.Service.Models.Authentication.User.LoginResponse::get_RefreshToken()
DA:12,0
LF:2
LH:0
BRF:0
BRH:0
FNF:2
FNH:0
end_of_record
SF:C:\Users\Ahmed\Desktop\Stage PFE 2024\Projet .net\BackEnd\Gestion User\User.Gestion.Service\Models\Authentication\User\TokenType.cs
FN:11,System.String User.Gestion.Service.Models.Authentication.User.TokenType::get_Token()
FNDA:0,System.String User.Gestion.Service.Models.Authentication.User.TokenType::get_Token()
DA:12,0
FN:12,System.DateTime User.Gestion.Service.Models.Authentication.User.TokenType::get_ExpiryTokenDate()
FNDA:0,System.DateTime User.Gestion.Service.Models.Authentication.User.TokenType::get_ExpiryTokenDate()
DA:13,0
LF:2
LH:0
BRF:0
BRH:0
FNF:2
FNH:0
end_of_record