<?xml version="1.0" encoding="utf-8"?>
<coverage line-rate="0.08380000000000001" branch-rate="0.0351" version="1.9" timestamp="1728091084" lines-covered="304" lines-valid="3624" branches-covered="9" branches-valid="256">
  <sources>
    <source>C:\Users\Ahmed\Desktop\Stage PFE 2024\Projet .net\BackEnd\Gestion User\</source>
  </sources>
  <packages>
    <package name="Gestion User" line-rate="0.0169" branch-rate="0.011200000000000002" complexity="221">
      <classes>
        <class name="Program" filename="Gestion User\Program.cs" line-rate="0" branch-rate="0" complexity="2">
          <methods>
            <method name="&lt;Main&gt;$" signature="(System.String[])" line-rate="0" branch-rate="0" complexity="2">
              <lines>
                <line number="16" hits="0" branch="False" />
                <line number="24" hits="0" branch="False" />
                <line number="25" hits="0" branch="False" />
                <line number="26" hits="0" branch="False" />
                <line number="27" hits="0" branch="False" />
                <line number="35" hits="0" branch="False" />
                <line number="36" hits="0" branch="False" />
                <line number="37" hits="0" branch="False" />
                <line number="38" hits="0" branch="False" />
                <line number="39" hits="0" branch="False" />
                <line number="40" hits="0" branch="False" />
                <line number="41" hits="0" branch="False" />
                <line number="42" hits="0" branch="False" />
                <line number="43" hits="0" branch="False" />
                <line number="44" hits="0" branch="False" />
                <line number="59" hits="0" branch="False" />
                <line number="61" hits="0" branch="False" />
                <line number="63" hits="0" branch="False" />
                <line number="65" hits="0" branch="False" />
                <line number="67" hits="0" branch="False" />
                <line number="69" hits="0" branch="False" />
                <line number="78" hits="0" branch="False" />
                <line number="79" hits="0" branch="False" />
                <line number="80" hits="0" branch="False" />
                <line number="81" hits="0" branch="False" />
                <line number="82" hits="0" branch="False" />
                <line number="83" hits="0" branch="False" />
                <line number="87" hits="0" branch="False" />
                <line number="88" hits="0" branch="False" />
                <line number="89" hits="0" branch="False" />
                <line number="90" hits="0" branch="False" />
                <line number="91" hits="0" branch="False" />
                <line number="96" hits="0" branch="False" />
                <line number="97" hits="0" branch="False" />
                <line number="98" hits="0" branch="False" />
                <line number="101" hits="0" branch="False" />
                <line number="102" hits="0" branch="False" />
                <line number="103" hits="0" branch="False" />
                <line number="104" hits="0" branch="False" />
                <line number="105" hits="0" branch="False" />
                <line number="106" hits="0" branch="False" />
                <line number="107" hits="0" branch="False" />
                <line number="108" hits="0" branch="False" />
                <line number="109" hits="0" branch="False" />
                <line number="110" hits="0" branch="False" />
                <line number="111" hits="0" branch="False" />
                <line number="112" hits="0" branch="False" />
                <line number="113" hits="0" branch="False" />
                <line number="114" hits="0" branch="False" />
                <line number="115" hits="0" branch="False" />
                <line number="116" hits="0" branch="False" />
                <line number="117" hits="0" branch="False" />
                <line number="118" hits="0" branch="False" />
                <line number="119" hits="0" branch="False" />
                <line number="120" hits="0" branch="False" />
                <line number="121" hits="0" branch="False" />
                <line number="122" hits="0" branch="False" />
                <line number="125" hits="0" branch="False" />
                <line number="126" hits="0" branch="False" />
                <line number="128" hits="0" branch="False" />
                <line number="129" hits="0" branch="False" />
                <line number="132" hits="0" branch="False" />
                <line number="136" hits="0" branch="False" />
                <line number="139" hits="0" branch="False" />
                <line number="140" hits="0" branch="False" />
                <line number="141" hits="0" branch="False" />
                <line number="142" hits="0" branch="False" />
                <line number="143" hits="0" branch="False" />
                <line number="144" hits="0" branch="False" />
                <line number="145" hits="0" branch="False" />
                <line number="146" hits="0" branch="False" />
                <line number="147" hits="0" branch="False" />
                <line number="148" hits="0" branch="False" />
                <line number="149" hits="0" branch="False" />
                <line number="150" hits="0" branch="False" />
                <line number="151" hits="0" branch="False" />
                <line number="152" hits="0" branch="False" />
                <line number="153" hits="0" branch="False" />
                <line number="154" hits="0" branch="False" />
                <line number="155" hits="0" branch="False" />
                <line number="156" hits="0" branch="False" />
                <line number="157" hits="0" branch="False" />
                <line number="158" hits="0" branch="False" />
                <line number="159" hits="0" branch="False" />
                <line number="160" hits="0" branch="False" />
                <line number="161" hits="0" branch="False" />
                <line number="162" hits="0" branch="False" />
                <line number="163" hits="0" branch="False" />
                <line number="164" hits="0" branch="False" />
                <line number="165" hits="0" branch="False" />
                <line number="166" hits="0" branch="False" />
                <line number="170" hits="0" branch="False" />
                <line number="171" hits="0" branch="False" />
                <line number="172" hits="0" branch="False" />
                <line number="173" hits="0" branch="False" />
                <line number="175" hits="0" branch="False" />
                <line number="176" hits="0" branch="False" />
                <line number="178" hits="0" branch="False" />
                <line number="181" hits="0" branch="True" condition-coverage="0% (0/2)">
                  <conditions>
                    <condition number="684" type="jump" coverage="0%" />
                  </conditions>
                </line>
                <line number="182" hits="0" branch="False" />
                <line number="183" hits="0" branch="False" />
                <line number="184" hits="0" branch="False" />
                <line number="185" hits="0" branch="False" />
                <line number="187" hits="0" branch="False" />
                <line number="190" hits="0" branch="False" />
                <line number="193" hits="0" branch="False" />
                <line number="196" hits="0" branch="False" />
                <line number="198" hits="0" branch="False" />
                <line number="201" hits="0" branch="False" />
                <line number="203" hits="0" branch="False" />
                <line number="205" hits="0" branch="False" />
              </lines>
            </method>
          </methods>
          <lines>
            <line number="16" hits="0" branch="False" />
            <line number="24" hits="0" branch="False" />
            <line number="25" hits="0" branch="False" />
            <line number="26" hits="0" branch="False" />
            <line number="27" hits="0" branch="False" />
            <line number="35" hits="0" branch="False" />
            <line number="36" hits="0" branch="False" />
            <line number="37" hits="0" branch="False" />
            <line number="38" hits="0" branch="False" />
            <line number="39" hits="0" branch="False" />
            <line number="40" hits="0" branch="False" />
            <line number="41" hits="0" branch="False" />
            <line number="42" hits="0" branch="False" />
            <line number="43" hits="0" branch="False" />
            <line number="44" hits="0" branch="False" />
            <line number="59" hits="0" branch="False" />
            <line number="61" hits="0" branch="False" />
            <line number="63" hits="0" branch="False" />
            <line number="65" hits="0" branch="False" />
            <line number="67" hits="0" branch="False" />
            <line number="69" hits="0" branch="False" />
            <line number="78" hits="0" branch="False" />
            <line number="79" hits="0" branch="False" />
            <line number="80" hits="0" branch="False" />
            <line number="81" hits="0" branch="False" />
            <line number="82" hits="0" branch="False" />
            <line number="83" hits="0" branch="False" />
            <line number="87" hits="0" branch="False" />
            <line number="88" hits="0" branch="False" />
            <line number="89" hits="0" branch="False" />
            <line number="90" hits="0" branch="False" />
            <line number="91" hits="0" branch="False" />
            <line number="96" hits="0" branch="False" />
            <line number="97" hits="0" branch="False" />
            <line number="98" hits="0" branch="False" />
            <line number="101" hits="0" branch="False" />
            <line number="102" hits="0" branch="False" />
            <line number="103" hits="0" branch="False" />
            <line number="104" hits="0" branch="False" />
            <line number="105" hits="0" branch="False" />
            <line number="106" hits="0" branch="False" />
            <line number="107" hits="0" branch="False" />
            <line number="108" hits="0" branch="False" />
            <line number="109" hits="0" branch="False" />
            <line number="110" hits="0" branch="False" />
            <line number="111" hits="0" branch="False" />
            <line number="112" hits="0" branch="False" />
            <line number="113" hits="0" branch="False" />
            <line number="114" hits="0" branch="False" />
            <line number="115" hits="0" branch="False" />
            <line number="116" hits="0" branch="False" />
            <line number="117" hits="0" branch="False" />
            <line number="118" hits="0" branch="False" />
            <line number="119" hits="0" branch="False" />
            <line number="120" hits="0" branch="False" />
            <line number="121" hits="0" branch="False" />
            <line number="122" hits="0" branch="False" />
            <line number="125" hits="0" branch="False" />
            <line number="126" hits="0" branch="False" />
            <line number="128" hits="0" branch="False" />
            <line number="129" hits="0" branch="False" />
            <line number="132" hits="0" branch="False" />
            <line number="136" hits="0" branch="False" />
            <line number="139" hits="0" branch="False" />
            <line number="140" hits="0" branch="False" />
            <line number="141" hits="0" branch="False" />
            <line number="142" hits="0" branch="False" />
            <line number="143" hits="0" branch="False" />
            <line number="144" hits="0" branch="False" />
            <line number="145" hits="0" branch="False" />
            <line number="146" hits="0" branch="False" />
            <line number="147" hits="0" branch="False" />
            <line number="148" hits="0" branch="False" />
            <line number="149" hits="0" branch="False" />
            <line number="150" hits="0" branch="False" />
            <line number="151" hits="0" branch="False" />
            <line number="152" hits="0" branch="False" />
            <line number="153" hits="0" branch="False" />
            <line number="154" hits="0" branch="False" />
            <line number="155" hits="0" branch="False" />
            <line number="156" hits="0" branch="False" />
            <line number="157" hits="0" branch="False" />
            <line number="158" hits="0" branch="False" />
            <line number="159" hits="0" branch="False" />
            <line number="160" hits="0" branch="False" />
            <line number="161" hits="0" branch="False" />
            <line number="162" hits="0" branch="False" />
            <line number="163" hits="0" branch="False" />
            <line number="164" hits="0" branch="False" />
            <line number="165" hits="0" branch="False" />
            <line number="166" hits="0" branch="False" />
            <line number="170" hits="0" branch="False" />
            <line number="171" hits="0" branch="False" />
            <line number="172" hits="0" branch="False" />
            <line number="173" hits="0" branch="False" />
            <line number="175" hits="0" branch="False" />
            <line number="176" hits="0" branch="False" />
            <line number="178" hits="0" branch="False" />
            <line number="181" hits="0" branch="True" condition-coverage="0% (0/2)">
              <conditions>
                <condition number="684" type="jump" coverage="0%" />
              </conditions>
            </line>
            <line number="182" hits="0" branch="False" />
            <line number="183" hits="0" branch="False" />
            <line number="184" hits="0" branch="False" />
            <line number="185" hits="0" branch="False" />
            <line number="187" hits="0" branch="False" />
            <line number="190" hits="0" branch="False" />
            <line number="193" hits="0" branch="False" />
            <line number="196" hits="0" branch="False" />
            <line number="198" hits="0" branch="False" />
            <line number="201" hits="0" branch="False" />
            <line number="203" hits="0" branch="False" />
            <line number="205" hits="0" branch="False" />
          </lines>
        </class>
        <class name="TicketBenchmark" filename="Gestion User\Tests\TicketBenchmark.cs" line-rate="0" branch-rate="1" complexity="1">
          <methods>
            <method name="Setup" signature="()" line-rate="0" branch-rate="1" complexity="1">
              <lines>
                <line number="21" hits="0" branch="False" />
                <line number="23" hits="0" branch="False" />
                <line number="24" hits="0" branch="False" />
                <line number="25" hits="0" branch="False" />
                <line number="27" hits="0" branch="False" />
                <line number="28" hits="0" branch="False" />
                <line number="29" hits="0" branch="False" />
                <line number="32" hits="0" branch="False" />
                <line number="33" hits="0" branch="False" />
              </lines>
            </method>
          </methods>
          <lines>
            <line number="21" hits="0" branch="False" />
            <line number="23" hits="0" branch="False" />
            <line number="24" hits="0" branch="False" />
            <line number="25" hits="0" branch="False" />
            <line number="27" hits="0" branch="False" />
            <line number="28" hits="0" branch="False" />
            <line number="29" hits="0" branch="False" />
            <line number="32" hits="0" branch="False" />
            <line number="33" hits="0" branch="False" />
          </lines>
        </class>
        <class name="TicketBenchmark/&lt;TestAddTicketPerformance&gt;d__3" filename="Gestion User\Tests\TicketBenchmark.cs" line-rate="0" branch-rate="1" complexity="1">
          <methods>
            <method name="MoveNext" signature="()" line-rate="0" branch-rate="1" complexity="1">
              <lines>
                <line number="55" hits="0" branch="False" />
                <line number="56" hits="0" branch="False" />
                <line number="57" hits="0" branch="False" />
                <line number="58" hits="0" branch="False" />
                <line number="59" hits="0" branch="False" />
                <line number="60" hits="0" branch="False" />
                <line number="61" hits="0" branch="False" />
                <line number="62" hits="0" branch="False" />
                <line number="64" hits="0" branch="False" />
                <line number="65" hits="0" branch="False" />
              </lines>
            </method>
          </methods>
          <lines>
            <line number="55" hits="0" branch="False" />
            <line number="56" hits="0" branch="False" />
            <line number="57" hits="0" branch="False" />
            <line number="58" hits="0" branch="False" />
            <line number="59" hits="0" branch="False" />
            <line number="60" hits="0" branch="False" />
            <line number="61" hits="0" branch="False" />
            <line number="62" hits="0" branch="False" />
            <line number="64" hits="0" branch="False" />
            <line number="65" hits="0" branch="False" />
          </lines>
        </class>
        <class name="TicketBenchmark/&lt;TestGetAllTicketsPerformance&gt;d__5" filename="Gestion User\Tests\TicketBenchmark.cs" line-rate="0" branch-rate="1" complexity="1">
          <methods>
            <method name="MoveNext" signature="()" line-rate="0" branch-rate="1" complexity="1">
              <lines>
                <line number="85" hits="0" branch="False" />
                <line number="86" hits="0" branch="False" />
                <line number="87" hits="0" branch="False" />
              </lines>
            </method>
          </methods>
          <lines>
            <line number="85" hits="0" branch="False" />
            <line number="86" hits="0" branch="False" />
            <line number="87" hits="0" branch="False" />
          </lines>
        </class>
        <class name="TicketBenchmark/&lt;TestGetTicketsPerformance&gt;d__2" filename="Gestion User\Tests\TicketBenchmark.cs" line-rate="0" branch-rate="0" complexity="2">
          <methods>
            <method name="MoveNext" signature="()" line-rate="0" branch-rate="0" complexity="2">
              <lines>
                <line number="37" hits="0" branch="False" />
                <line number="39" hits="0" branch="False" />
                <line number="40" hits="0" branch="False" />
                <line number="41" hits="0" branch="True" condition-coverage="0% (0/2)">
                  <conditions>
                    <condition number="191" type="jump" coverage="0%" />
                  </conditions>
                </line>
                <line number="42" hits="0" branch="False" />
                <line number="43" hits="0" branch="False" />
                <line number="44" hits="0" branch="False" />
                <line number="45" hits="0" branch="False" />
                <line number="46" hits="0" branch="False" />
                <line number="47" hits="0" branch="False" />
                <line number="48" hits="0" branch="False" />
                <line number="49" hits="0" branch="False" />
                <line number="50" hits="0" branch="False" />
              </lines>
            </method>
          </methods>
          <lines>
            <line number="37" hits="0" branch="False" />
            <line number="39" hits="0" branch="False" />
            <line number="40" hits="0" branch="False" />
            <line number="41" hits="0" branch="True" condition-coverage="0% (0/2)">
              <conditions>
                <condition number="191" type="jump" coverage="0%" />
              </conditions>
            </line>
            <line number="42" hits="0" branch="False" />
            <line number="43" hits="0" branch="False" />
            <line number="44" hits="0" branch="False" />
            <line number="45" hits="0" branch="False" />
            <line number="46" hits="0" branch="False" />
            <line number="47" hits="0" branch="False" />
            <line number="48" hits="0" branch="False" />
            <line number="49" hits="0" branch="False" />
            <line number="50" hits="0" branch="False" />
          </lines>
        </class>
        <class name="TicketBenchmark/&lt;TestUpdateTicketPerformance&gt;d__4" filename="Gestion User\Tests\TicketBenchmark.cs" line-rate="0" branch-rate="1" complexity="1">
          <methods>
            <method name="MoveNext" signature="()" line-rate="0" branch-rate="1" complexity="1">
              <lines>
                <line number="69" hits="0" branch="False" />
                <line number="70" hits="0" branch="False" />
                <line number="71" hits="0" branch="False" />
                <line number="72" hits="0" branch="False" />
                <line number="73" hits="0" branch="False" />
                <line number="74" hits="0" branch="False" />
                <line number="75" hits="0" branch="False" />
                <line number="76" hits="0" branch="False" />
                <line number="77" hits="0" branch="False" />
                <line number="79" hits="0" branch="False" />
                <line number="80" hits="0" branch="False" />
                <line number="81" hits="0" branch="False" />
              </lines>
            </method>
          </methods>
          <lines>
            <line number="69" hits="0" branch="False" />
            <line number="70" hits="0" branch="False" />
            <line number="71" hits="0" branch="False" />
            <line number="72" hits="0" branch="False" />
            <line number="73" hits="0" branch="False" />
            <line number="74" hits="0" branch="False" />
            <line number="75" hits="0" branch="False" />
            <line number="76" hits="0" branch="False" />
            <line number="77" hits="0" branch="False" />
            <line number="79" hits="0" branch="False" />
            <line number="80" hits="0" branch="False" />
            <line number="81" hits="0" branch="False" />
          </lines>
        </class>
        <class name="User.Gestion.Api.Controllers.SinistresController" filename="Gestion User\Controllers\SinistreController.cs" line-rate="0" branch-rate="0" complexity="5">
          <methods>
            <method name="GetUserId" signature="()" line-rate="0" branch-rate="0" complexity="4">
              <lines>
                <line number="65" hits="0" branch="False" />
                <line number="66" hits="0" branch="True" condition-coverage="0% (0/4)">
                  <conditions>
                    <condition number="8" type="jump" coverage="0%" />
                    <condition number="56" type="jump" coverage="0%" />
                  </conditions>
                </line>
                <line number="67" hits="0" branch="False" />
                <line number="68" hits="0" branch="False" />
                <line number="69" hits="0" branch="False" />
              </lines>
            </method>
            <method name=".ctor" signature="(User.Gestion.Service.Services.ISinistreService,Microsoft.Extensions.Logging.ILogger`1&lt;User.Gestion.Api.Controllers.SinistresController&gt;,AutoMapper.IMapper)" line-rate="0" branch-rate="1" complexity="1">
              <lines>
                <line number="24" hits="0" branch="False" />
                <line number="25" hits="0" branch="False" />
                <line number="26" hits="0" branch="False" />
                <line number="27" hits="0" branch="False" />
                <line number="28" hits="0" branch="False" />
                <line number="29" hits="0" branch="False" />
              </lines>
            </method>
          </methods>
          <lines>
            <line number="65" hits="0" branch="False" />
            <line number="66" hits="0" branch="True" condition-coverage="0% (0/4)">
              <conditions>
                <condition number="8" type="jump" coverage="0%" />
                <condition number="56" type="jump" coverage="0%" />
              </conditions>
            </line>
            <line number="67" hits="0" branch="False" />
            <line number="68" hits="0" branch="False" />
            <line number="69" hits="0" branch="False" />
            <line number="24" hits="0" branch="False" />
            <line number="25" hits="0" branch="False" />
            <line number="26" hits="0" branch="False" />
            <line number="27" hits="0" branch="False" />
            <line number="28" hits="0" branch="False" />
            <line number="29" hits="0" branch="False" />
          </lines>
        </class>
        <class name="User.Gestion.Api.Controllers.SinistresController/&lt;CreateSinistre&gt;d__4" filename="Gestion User\Controllers\SinistreController.cs" line-rate="0" branch-rate="0" complexity="6">
          <methods>
            <method name="MoveNext" signature="()" line-rate="0" branch-rate="0" complexity="6">
              <lines>
                <line number="36" hits="0" branch="False" />
                <line number="37" hits="0" branch="False" />
                <line number="38" hits="0" branch="True" condition-coverage="0% (0/2)">
                  <conditions>
                    <condition number="46" type="jump" coverage="0%" />
                  </conditions>
                </line>
                <line number="39" hits="0" branch="False" />
                <line number="40" hits="0" branch="False" />
                <line number="43" hits="0" branch="True" condition-coverage="0% (0/2)">
                  <conditions>
                    <condition number="109" type="jump" coverage="0%" />
                  </conditions>
                </line>
                <line number="44" hits="0" branch="False" />
                <line number="45" hits="0" branch="False" />
                <line number="48" hits="0" branch="False" />
                <line number="49" hits="0" branch="False" />
                <line number="50" hits="0" branch="False" />
                <line number="51" hits="0" branch="False" />
                <line number="53" hits="0" branch="True" condition-coverage="0% (0/2)">
                  <conditions>
                    <condition number="233" type="jump" coverage="0%" />
                  </conditions>
                </line>
                <line number="54" hits="0" branch="False" />
                <line number="55" hits="0" branch="False" />
                <line number="58" hits="0" branch="False" />
                <line number="59" hits="0" branch="False" />
                <line number="61" hits="0" branch="False" />
                <line number="62" hits="0" branch="False" />
              </lines>
            </method>
          </methods>
          <lines>
            <line number="36" hits="0" branch="False" />
            <line number="37" hits="0" branch="False" />
            <line number="38" hits="0" branch="True" condition-coverage="0% (0/2)">
              <conditions>
                <condition number="46" type="jump" coverage="0%" />
              </conditions>
            </line>
            <line number="39" hits="0" branch="False" />
            <line number="40" hits="0" branch="False" />
            <line number="43" hits="0" branch="True" condition-coverage="0% (0/2)">
              <conditions>
                <condition number="109" type="jump" coverage="0%" />
              </conditions>
            </line>
            <line number="44" hits="0" branch="False" />
            <line number="45" hits="0" branch="False" />
            <line number="48" hits="0" branch="False" />
            <line number="49" hits="0" branch="False" />
            <line number="50" hits="0" branch="False" />
            <line number="51" hits="0" branch="False" />
            <line number="53" hits="0" branch="True" condition-coverage="0% (0/2)">
              <conditions>
                <condition number="233" type="jump" coverage="0%" />
              </conditions>
            </line>
            <line number="54" hits="0" branch="False" />
            <line number="55" hits="0" branch="False" />
            <line number="58" hits="0" branch="False" />
            <line number="59" hits="0" branch="False" />
            <line number="61" hits="0" branch="False" />
            <line number="62" hits="0" branch="False" />
          </lines>
        </class>
        <class name="User.Gestion.Api.Controllers.SinistresController/&lt;GetAllSinistres&gt;d__9" filename="Gestion User\Controllers\SinistreController.cs" line-rate="0" branch-rate="1" complexity="1">
          <methods>
            <method name="MoveNext" signature="()" line-rate="0" branch-rate="1" complexity="1">
              <lines>
                <line number="139" hits="0" branch="False" />
                <line number="140" hits="0" branch="False" />
                <line number="141" hits="0" branch="False" />
                <line number="142" hits="0" branch="False" />
              </lines>
            </method>
          </methods>
          <lines>
            <line number="139" hits="0" branch="False" />
            <line number="140" hits="0" branch="False" />
            <line number="141" hits="0" branch="False" />
            <line number="142" hits="0" branch="False" />
          </lines>
        </class>
        <class name="User.Gestion.Api.Controllers.SinistresController/&lt;GetSinistreById&gt;d__7" filename="Gestion User\Controllers\SinistreController.cs" line-rate="0" branch-rate="0" complexity="4">
          <methods>
            <method name="MoveNext" signature="()" line-rate="0" branch-rate="0" complexity="4">
              <lines>
                <line number="108" hits="0" branch="False" />
                <line number="109" hits="0" branch="False" />
                <line number="110" hits="0" branch="True" condition-coverage="0% (0/2)">
                  <conditions>
                    <condition number="46" type="jump" coverage="0%" />
                  </conditions>
                </line>
                <line number="111" hits="0" branch="False" />
                <line number="112" hits="0" branch="False" />
                <line number="115" hits="0" branch="False" />
                <line number="116" hits="0" branch="True" condition-coverage="0% (0/2)">
                  <conditions>
                    <condition number="222" type="jump" coverage="0%" />
                  </conditions>
                </line>
                <line number="117" hits="0" branch="False" />
                <line number="118" hits="0" branch="False" />
                <line number="120" hits="0" branch="False" />
                <line number="121" hits="0" branch="False" />
              </lines>
            </method>
          </methods>
          <lines>
            <line number="108" hits="0" branch="False" />
            <line number="109" hits="0" branch="False" />
            <line number="110" hits="0" branch="True" condition-coverage="0% (0/2)">
              <conditions>
                <condition number="46" type="jump" coverage="0%" />
              </conditions>
            </line>
            <line number="111" hits="0" branch="False" />
            <line number="112" hits="0" branch="False" />
            <line number="115" hits="0" branch="False" />
            <line number="116" hits="0" branch="True" condition-coverage="0% (0/2)">
              <conditions>
                <condition number="222" type="jump" coverage="0%" />
              </conditions>
            </line>
            <line number="117" hits="0" branch="False" />
            <line number="118" hits="0" branch="False" />
            <line number="120" hits="0" branch="False" />
            <line number="121" hits="0" branch="False" />
          </lines>
        </class>
        <class name="User.Gestion.Api.Controllers.SinistresController/&lt;GetSinistresByUser&gt;d__8" filename="Gestion User\Controllers\SinistreController.cs" line-rate="0" branch-rate="0" complexity="2">
          <methods>
            <method name="MoveNext" signature="()" line-rate="0" branch-rate="0" complexity="2">
              <lines>
                <line number="125" hits="0" branch="False" />
                <line number="126" hits="0" branch="False" />
                <line number="127" hits="0" branch="True" condition-coverage="0% (0/2)">
                  <conditions>
                    <condition number="43" type="jump" coverage="0%" />
                  </conditions>
                </line>
                <line number="128" hits="0" branch="False" />
                <line number="129" hits="0" branch="False" />
                <line number="132" hits="0" branch="False" />
                <line number="133" hits="0" branch="False" />
                <line number="134" hits="0" branch="False" />
              </lines>
            </method>
          </methods>
          <lines>
            <line number="125" hits="0" branch="False" />
            <line number="126" hits="0" branch="False" />
            <line number="127" hits="0" branch="True" condition-coverage="0% (0/2)">
              <conditions>
                <condition number="43" type="jump" coverage="0%" />
              </conditions>
            </line>
            <line number="128" hits="0" branch="False" />
            <line number="129" hits="0" branch="False" />
            <line number="132" hits="0" branch="False" />
            <line number="133" hits="0" branch="False" />
            <line number="134" hits="0" branch="False" />
          </lines>
        </class>
        <class name="User.Gestion.Api.Controllers.SinistresController/&lt;UpdateSinistre&gt;d__6" filename="Gestion User\Controllers\SinistreController.cs" line-rate="0" branch-rate="0" complexity="6">
          <methods>
            <method name="MoveNext" signature="()" line-rate="0" branch-rate="0" complexity="6">
              <lines>
                <line number="74" hits="0" branch="False" />
                <line number="75" hits="0" branch="False" />
                <line number="76" hits="0" branch="True" condition-coverage="0% (0/2)">
                  <conditions>
                    <condition number="57" type="jump" coverage="0%" />
                  </conditions>
                </line>
                <line number="77" hits="0" branch="False" />
                <line number="78" hits="0" branch="False" />
                <line number="81" hits="0" branch="False" />
                <line number="82" hits="0" branch="True" condition-coverage="0% (0/2)">
                  <conditions>
                    <condition number="233" type="jump" coverage="0%" />
                  </conditions>
                </line>
                <line number="83" hits="0" branch="False" />
                <line number="84" hits="0" branch="False" />
                <line number="87" hits="0" branch="False" />
                <line number="90" hits="0" branch="False" />
                <line number="91" hits="0" branch="False" />
                <line number="92" hits="0" branch="False" />
                <line number="93" hits="0" branch="False" />
                <line number="94" hits="0" branch="False" />
                <line number="95" hits="0" branch="False" />
                <line number="97" hits="0" branch="True" condition-coverage="0% (0/2)">
                  <conditions>
                    <condition number="507" type="jump" coverage="0%" />
                  </conditions>
                </line>
                <line number="98" hits="0" branch="False" />
                <line number="99" hits="0" branch="False" />
                <line number="102" hits="0" branch="False" />
                <line number="103" hits="0" branch="False" />
                <line number="104" hits="0" branch="False" />
              </lines>
            </method>
          </methods>
          <lines>
            <line number="74" hits="0" branch="False" />
            <line number="75" hits="0" branch="False" />
            <line number="76" hits="0" branch="True" condition-coverage="0% (0/2)">
              <conditions>
                <condition number="57" type="jump" coverage="0%" />
              </conditions>
            </line>
            <line number="77" hits="0" branch="False" />
            <line number="78" hits="0" branch="False" />
            <line number="81" hits="0" branch="False" />
            <line number="82" hits="0" branch="True" condition-coverage="0% (0/2)">
              <conditions>
                <condition number="233" type="jump" coverage="0%" />
              </conditions>
            </line>
            <line number="83" hits="0" branch="False" />
            <line number="84" hits="0" branch="False" />
            <line number="87" hits="0" branch="False" />
            <line number="90" hits="0" branch="False" />
            <line number="91" hits="0" branch="False" />
            <line number="92" hits="0" branch="False" />
            <line number="93" hits="0" branch="False" />
            <line number="94" hits="0" branch="False" />
            <line number="95" hits="0" branch="False" />
            <line number="97" hits="0" branch="True" condition-coverage="0% (0/2)">
              <conditions>
                <condition number="507" type="jump" coverage="0%" />
              </conditions>
            </line>
            <line number="98" hits="0" branch="False" />
            <line number="99" hits="0" branch="False" />
            <line number="102" hits="0" branch="False" />
            <line number="103" hits="0" branch="False" />
            <line number="104" hits="0" branch="False" />
          </lines>
        </class>
        <class name="Gestion_User.WeatherForecast" filename="Gestion User\WeatherForecast.cs" line-rate="0" branch-rate="1" complexity="4">
          <methods>
            <method name="get_Date" signature="()" line-rate="0" branch-rate="1" complexity="1">
              <lines>
                <line number="5" hits="0" branch="False" />
              </lines>
            </method>
            <method name="get_TemperatureC" signature="()" line-rate="0" branch-rate="1" complexity="1">
              <lines>
                <line number="7" hits="0" branch="False" />
              </lines>
            </method>
            <method name="get_TemperatureF" signature="()" line-rate="0" branch-rate="1" complexity="1">
              <lines>
                <line number="9" hits="0" branch="False" />
              </lines>
            </method>
            <method name="get_Summary" signature="()" line-rate="0" branch-rate="1" complexity="1">
              <lines>
                <line number="11" hits="0" branch="False" />
              </lines>
            </method>
          </methods>
          <lines>
            <line number="5" hits="0" branch="False" />
            <line number="7" hits="0" branch="False" />
            <line number="9" hits="0" branch="False" />
            <line number="11" hits="0" branch="False" />
          </lines>
        </class>
        <class name="Gestion_User.Tests.AuthenticationBenchmark" filename="Gestion User\Tests\AuthenticationBenchmark.cs" line-rate="0" branch-rate="1" complexity="1">
          <methods>
            <method name="Setup" signature="()" line-rate="0" branch-rate="1" complexity="1">
              <lines>
                <line number="21" hits="0" branch="False" />
                <line number="23" hits="0" branch="False" />
                <line number="24" hits="0" branch="False" />
                <line number="25" hits="0" branch="False" />
                <line number="27" hits="0" branch="False" />
                <line number="28" hits="0" branch="False" />
                <line number="29" hits="0" branch="False" />
                <line number="30" hits="0" branch="False" />
                <line number="31" hits="0" branch="False" />
                <line number="32" hits="0" branch="False" />
                <line number="33" hits="0" branch="False" />
                <line number="35" hits="0" branch="False" />
                <line number="36" hits="0" branch="False" />
              </lines>
            </method>
          </methods>
          <lines>
            <line number="21" hits="0" branch="False" />
            <line number="23" hits="0" branch="False" />
            <line number="24" hits="0" branch="False" />
            <line number="25" hits="0" branch="False" />
            <line number="27" hits="0" branch="False" />
            <line number="28" hits="0" branch="False" />
            <line number="29" hits="0" branch="False" />
            <line number="30" hits="0" branch="False" />
            <line number="31" hits="0" branch="False" />
            <line number="32" hits="0" branch="False" />
            <line number="33" hits="0" branch="False" />
            <line number="35" hits="0" branch="False" />
            <line number="36" hits="0" branch="False" />
          </lines>
        </class>
        <class name="Gestion_User.Tests.AuthenticationBenchmark/&lt;TestLoginPerformance&gt;d__3" filename="Gestion User\Tests\AuthenticationBenchmark.cs" line-rate="0" branch-rate="1" complexity="1">
          <methods>
            <method name="MoveNext" signature="()" line-rate="0" branch-rate="1" complexity="1">
              <lines>
                <line number="54" hits="0" branch="False" />
                <line number="55" hits="0" branch="False" />
                <line number="56" hits="0" branch="False" />
                <line number="57" hits="0" branch="False" />
                <line number="58" hits="0" branch="False" />
                <line number="59" hits="0" branch="False" />
                <line number="61" hits="0" branch="False" />
                <line number="62" hits="0" branch="False" />
              </lines>
            </method>
          </methods>
          <lines>
            <line number="54" hits="0" branch="False" />
            <line number="55" hits="0" branch="False" />
            <line number="56" hits="0" branch="False" />
            <line number="57" hits="0" branch="False" />
            <line number="58" hits="0" branch="False" />
            <line number="59" hits="0" branch="False" />
            <line number="61" hits="0" branch="False" />
            <line number="62" hits="0" branch="False" />
          </lines>
        </class>
        <class name="Gestion_User.Tests.AuthenticationBenchmark/&lt;TestRegisterUserPerformance&gt;d__2" filename="Gestion User\Tests\AuthenticationBenchmark.cs" line-rate="0" branch-rate="1" complexity="1">
          <methods>
            <method name="MoveNext" signature="()" line-rate="0" branch-rate="1" complexity="1">
              <lines>
                <line number="40" hits="0" branch="False" />
                <line number="41" hits="0" branch="False" />
                <line number="42" hits="0" branch="False" />
                <line number="43" hits="0" branch="False" />
                <line number="44" hits="0" branch="False" />
                <line number="45" hits="0" branch="False" />
                <line number="46" hits="0" branch="False" />
                <line number="47" hits="0" branch="False" />
                <line number="49" hits="0" branch="False" />
                <line number="50" hits="0" branch="False" />
              </lines>
            </method>
          </methods>
          <lines>
            <line number="40" hits="0" branch="False" />
            <line number="41" hits="0" branch="False" />
            <line number="42" hits="0" branch="False" />
            <line number="43" hits="0" branch="False" />
            <line number="44" hits="0" branch="False" />
            <line number="45" hits="0" branch="False" />
            <line number="46" hits="0" branch="False" />
            <line number="47" hits="0" branch="False" />
            <line number="49" hits="0" branch="False" />
            <line number="50" hits="0" branch="False" />
          </lines>
        </class>
        <class name="Gestion_User.Models.Response" filename="Gestion User\Models\Response.cs" line-rate="0" branch-rate="1" complexity="3">
          <methods>
            <method name="get_Status" signature="()" line-rate="0" branch-rate="1" complexity="1">
              <lines>
                <line number="5" hits="0" branch="False" />
              </lines>
            </method>
            <method name="get_Message" signature="()" line-rate="0" branch-rate="1" complexity="1">
              <lines>
                <line number="6" hits="0" branch="False" />
              </lines>
            </method>
            <method name="get_IsSuccess" signature="()" line-rate="0" branch-rate="1" complexity="1">
              <lines>
                <line number="7" hits="0" branch="False" />
              </lines>
            </method>
          </methods>
          <lines>
            <line number="5" hits="0" branch="False" />
            <line number="6" hits="0" branch="False" />
            <line number="7" hits="0" branch="False" />
          </lines>
        </class>
        <class name="Gestion_User.Models.LoginF2AModel" filename="Gestion User\Models\Response.cs" line-rate="0" branch-rate="1" complexity="2">
          <methods>
            <method name="get_code" signature="()" line-rate="0" branch-rate="1" complexity="1">
              <lines>
                <line number="13" hits="0" branch="False" />
              </lines>
            </method>
            <method name="get_userName" signature="()" line-rate="0" branch-rate="1" complexity="1">
              <lines>
                <line number="14" hits="0" branch="False" />
              </lines>
            </method>
          </methods>
          <lines>
            <line number="13" hits="0" branch="False" />
            <line number="14" hits="0" branch="False" />
          </lines>
        </class>
        <class name="Gestion_User.Controllers.AuthenticationController" filename="Gestion User\Controllers\AuthenticationController.cs" line-rate="0" branch-rate="1" complexity="2">
          <methods>
            <method name="GetToken" signature="(System.Collections.Generic.List`1&lt;System.Security.Claims.Claim&gt;)" line-rate="0" branch-rate="1" complexity="1">
              <lines>
                <line number="239" hits="0" branch="False" />
                <line number="240" hits="0" branch="False" />
                <line number="242" hits="0" branch="False" />
                <line number="243" hits="0" branch="False" />
                <line number="244" hits="0" branch="False" />
                <line number="245" hits="0" branch="False" />
                <line number="246" hits="0" branch="False" />
                <line number="247" hits="0" branch="False" />
                <line number="248" hits="0" branch="False" />
                <line number="250" hits="0" branch="False" />
                <line number="251" hits="0" branch="False" />
              </lines>
            </method>
            <method name=".ctor" signature="(Microsoft.AspNetCore.Identity.UserManager`1&lt;User.Gestion.Data.Models.ApplicationUser&gt;,User.Gestion.Service.Services.IEmailService,Microsoft.AspNetCore.Identity.RoleManager`1&lt;Microsoft.AspNetCore.Identity.IdentityRole&gt;,User.Gestion.Service.Services.IUserManagement,Microsoft.Extensions.Configuration.IConfiguration,Microsoft.AspNetCore.Identity.SignInManager`1&lt;User.Gestion.Data.Models.ApplicationUser&gt;)" line-rate="0" branch-rate="1" complexity="1">
              <lines>
                <line number="33" hits="0" branch="False" />
                <line number="34" hits="0" branch="False" />
                <line number="35" hits="0" branch="False" />
                <line number="36" hits="0" branch="False" />
                <line number="37" hits="0" branch="False" />
                <line number="38" hits="0" branch="False" />
                <line number="39" hits="0" branch="False" />
                <line number="40" hits="0" branch="False" />
                <line number="41" hits="0" branch="False" />
                <line number="44" hits="0" branch="False" />
              </lines>
            </method>
          </methods>
          <lines>
            <line number="239" hits="0" branch="False" />
            <line number="240" hits="0" branch="False" />
            <line number="242" hits="0" branch="False" />
            <line number="243" hits="0" branch="False" />
            <line number="244" hits="0" branch="False" />
            <line number="245" hits="0" branch="False" />
            <line number="246" hits="0" branch="False" />
            <line number="247" hits="0" branch="False" />
            <line number="248" hits="0" branch="False" />
            <line number="250" hits="0" branch="False" />
            <line number="251" hits="0" branch="False" />
            <line number="33" hits="0" branch="False" />
            <line number="34" hits="0" branch="False" />
            <line number="35" hits="0" branch="False" />
            <line number="36" hits="0" branch="False" />
            <line number="37" hits="0" branch="False" />
            <line number="38" hits="0" branch="False" />
            <line number="39" hits="0" branch="False" />
            <line number="40" hits="0" branch="False" />
            <line number="41" hits="0" branch="False" />
            <line number="44" hits="0" branch="False" />
          </lines>
        </class>
        <class name="Gestion_User.Controllers.AuthenticationController/&lt;ConfirmEmail&gt;d__8" filename="Gestion User\Controllers\AuthenticationController.cs" line-rate="0" branch-rate="0" complexity="4">
          <methods>
            <method name="MoveNext" signature="()" line-rate="0" branch-rate="0" complexity="4">
              <lines>
                <line number="65" hits="0" branch="False" />
                <line number="66" hits="0" branch="False" />
                <line number="67" hits="0" branch="True" condition-coverage="0% (0/2)">
                  <conditions>
                    <condition number="175" type="jump" coverage="0%" />
                  </conditions>
                </line>
                <line number="68" hits="0" branch="False" />
                <line number="69" hits="0" branch="False" />
                <line number="70" hits="0" branch="True" condition-coverage="0% (0/2)">
                  <conditions>
                    <condition number="341" type="jump" coverage="0%" />
                  </conditions>
                </line>
                <line number="71" hits="0" branch="False" />
                <line number="72" hits="0" branch="False" />
                <line number="73" hits="0" branch="False" />
                <line number="75" hits="0" branch="False" />
                <line number="76" hits="0" branch="False" />
                <line number="77" hits="0" branch="False" />
                <line number="78" hits="0" branch="False" />
              </lines>
            </method>
          </methods>
          <lines>
            <line number="65" hits="0" branch="False" />
            <line number="66" hits="0" branch="False" />
            <line number="67" hits="0" branch="True" condition-coverage="0% (0/2)">
              <conditions>
                <condition number="175" type="jump" coverage="0%" />
              </conditions>
            </line>
            <line number="68" hits="0" branch="False" />
            <line number="69" hits="0" branch="False" />
            <line number="70" hits="0" branch="True" condition-coverage="0% (0/2)">
              <conditions>
                <condition number="341" type="jump" coverage="0%" />
              </conditions>
            </line>
            <line number="71" hits="0" branch="False" />
            <line number="72" hits="0" branch="False" />
            <line number="73" hits="0" branch="False" />
            <line number="75" hits="0" branch="False" />
            <line number="76" hits="0" branch="False" />
            <line number="77" hits="0" branch="False" />
            <line number="78" hits="0" branch="False" />
          </lines>
        </class>
        <class name="Gestion_User.Controllers.AuthenticationController/&lt;ForgotPassword&gt;d__15" filename="Gestion User\Controllers\AuthenticationController.cs" line-rate="0" branch-rate="0" complexity="2">
          <methods>
            <method name="MoveNext" signature="()" line-rate="0" branch-rate="0" complexity="2">
              <lines>
                <line number="258" hits="0" branch="False" />
                <line number="259" hits="0" branch="False" />
                <line number="260" hits="0" branch="True" condition-coverage="0% (0/2)">
                  <conditions>
                    <condition number="175" type="jump" coverage="0%" />
                  </conditions>
                </line>
                <line number="261" hits="0" branch="False" />
                <line number="262" hits="0" branch="False" />
                <line number="263" hits="0" branch="False" />
                <line number="264" hits="0" branch="False" />
                <line number="265" hits="0" branch="False" />
                <line number="266" hits="0" branch="False" />
                <line number="267" hits="0" branch="False" />
                <line number="270" hits="0" branch="False" />
                <line number="271" hits="0" branch="False" />
                <line number="273" hits="0" branch="False" />
              </lines>
            </method>
          </methods>
          <lines>
            <line number="258" hits="0" branch="False" />
            <line number="259" hits="0" branch="False" />
            <line number="260" hits="0" branch="True" condition-coverage="0% (0/2)">
              <conditions>
                <condition number="175" type="jump" coverage="0%" />
              </conditions>
            </line>
            <line number="261" hits="0" branch="False" />
            <line number="262" hits="0" branch="False" />
            <line number="263" hits="0" branch="False" />
            <line number="264" hits="0" branch="False" />
            <line number="265" hits="0" branch="False" />
            <line number="266" hits="0" branch="False" />
            <line number="267" hits="0" branch="False" />
            <line number="270" hits="0" branch="False" />
            <line number="271" hits="0" branch="False" />
            <line number="273" hits="0" branch="False" />
          </lines>
        </class>
        <class name="Gestion_User.Controllers.AuthenticationController/&lt;GetProfile&gt;d__10" filename="Gestion User\Controllers\AuthenticationController.cs" line-rate="0" branch-rate="0" complexity="2">
          <methods>
            <method name="MoveNext" signature="()" line-rate="0" branch-rate="0" complexity="2">
              <lines>
                <line number="129" hits="0" branch="False" />
                <line number="130" hits="0" branch="False" />
                <line number="131" hits="0" branch="False" />
                <line number="133" hits="0" branch="True" condition-coverage="0% (0/2)">
                  <conditions>
                    <condition number="202" type="jump" coverage="0%" />
                  </conditions>
                </line>
                <line number="134" hits="0" branch="False" />
                <line number="135" hits="0" branch="False" />
                <line number="138" hits="0" branch="False" />
                <line number="139" hits="0" branch="False" />
                <line number="140" hits="0" branch="False" />
                <line number="141" hits="0" branch="False" />
                <line number="142" hits="0" branch="False" />
                <line number="143" hits="0" branch="False" />
                <line number="144" hits="0" branch="False" />
                <line number="145" hits="0" branch="False" />
                <line number="146" hits="0" branch="False" />
                <line number="148" hits="0" branch="False" />
                <line number="149" hits="0" branch="False" />
              </lines>
            </method>
          </methods>
          <lines>
            <line number="129" hits="0" branch="False" />
            <line number="130" hits="0" branch="False" />
            <line number="131" hits="0" branch="False" />
            <line number="133" hits="0" branch="True" condition-coverage="0% (0/2)">
              <conditions>
                <condition number="202" type="jump" coverage="0%" />
              </conditions>
            </line>
            <line number="134" hits="0" branch="False" />
            <line number="135" hits="0" branch="False" />
            <line number="138" hits="0" branch="False" />
            <line number="139" hits="0" branch="False" />
            <line number="140" hits="0" branch="False" />
            <line number="141" hits="0" branch="False" />
            <line number="142" hits="0" branch="False" />
            <line number="143" hits="0" branch="False" />
            <line number="144" hits="0" branch="False" />
            <line number="145" hits="0" branch="False" />
            <line number="146" hits="0" branch="False" />
            <line number="148" hits="0" branch="False" />
            <line number="149" hits="0" branch="False" />
          </lines>
        </class>
        <class name="Gestion_User.Controllers.AuthenticationController/&lt;Login&gt;d__9" filename="Gestion User\Controllers\AuthenticationController.cs" line-rate="0" branch-rate="0" complexity="6">
          <methods>
            <method name="MoveNext" signature="()" line-rate="0" branch-rate="0" complexity="6">
              <lines>
                <line number="82" hits="0" branch="False" />
                <line number="83" hits="0" branch="False" />
                <line number="85" hits="0" branch="True" condition-coverage="0% (0/4)">
                  <conditions>
                    <condition number="214" type="jump" coverage="0%" />
                    <condition number="372" type="jump" coverage="0%" />
                  </conditions>
                </line>
                <line number="86" hits="0" branch="False" />
                <line number="87" hits="0" branch="False" />
                <line number="88" hits="0" branch="False" />
                <line number="89" hits="0" branch="False" />
                <line number="90" hits="0" branch="False" />
                <line number="91" hits="0" branch="False" />
                <line number="92" hits="0" branch="False" />
                <line number="94" hits="0" branch="False" />
                <line number="95" hits="0" branch="True" condition-coverage="0% (0/2)">
                  <conditions>
                    <condition number="706" type="jump" coverage="0%" />
                  </conditions>
                </line>
                <line number="96" hits="0" branch="False" />
                <line number="97" hits="0" branch="False" />
                <line number="98" hits="0" branch="False" />
                <line number="100" hits="0" branch="False" />
                <line number="102" hits="0" branch="False" />
                <line number="103" hits="0" branch="False" />
                <line number="104" hits="0" branch="False" />
                <line number="105" hits="0" branch="False" />
                <line number="106" hits="0" branch="False" />
                <line number="109" hits="0" branch="False" />
                <line number="110" hits="0" branch="False" />
              </lines>
            </method>
          </methods>
          <lines>
            <line number="82" hits="0" branch="False" />
            <line number="83" hits="0" branch="False" />
            <line number="85" hits="0" branch="True" condition-coverage="0% (0/4)">
              <conditions>
                <condition number="214" type="jump" coverage="0%" />
                <condition number="372" type="jump" coverage="0%" />
              </conditions>
            </line>
            <line number="86" hits="0" branch="False" />
            <line number="87" hits="0" branch="False" />
            <line number="88" hits="0" branch="False" />
            <line number="89" hits="0" branch="False" />
            <line number="90" hits="0" branch="False" />
            <line number="91" hits="0" branch="False" />
            <line number="92" hits="0" branch="False" />
            <line number="94" hits="0" branch="False" />
            <line number="95" hits="0" branch="True" condition-coverage="0% (0/2)">
              <conditions>
                <condition number="706" type="jump" coverage="0%" />
              </conditions>
            </line>
            <line number="96" hits="0" branch="False" />
            <line number="97" hits="0" branch="False" />
            <line number="98" hits="0" branch="False" />
            <line number="100" hits="0" branch="False" />
            <line number="102" hits="0" branch="False" />
            <line number="103" hits="0" branch="False" />
            <line number="104" hits="0" branch="False" />
            <line number="105" hits="0" branch="False" />
            <line number="106" hits="0" branch="False" />
            <line number="109" hits="0" branch="False" />
            <line number="110" hits="0" branch="False" />
          </lines>
        </class>
        <class name="Gestion_User.Controllers.AuthenticationController/&lt;RefreshToken&gt;d__13" filename="Gestion User\Controllers\AuthenticationController.cs" line-rate="0" branch-rate="0" complexity="2">
          <methods>
            <method name="MoveNext" signature="()" line-rate="0" branch-rate="0" complexity="2">
              <lines>
                <line number="228" hits="0" branch="False" />
                <line number="229" hits="0" branch="False" />
                <line number="230" hits="0" branch="True" condition-coverage="0% (0/2)">
                  <conditions>
                    <condition number="166" type="jump" coverage="0%" />
                  </conditions>
                </line>
                <line number="231" hits="0" branch="False" />
                <line number="232" hits="0" branch="False" />
                <line number="234" hits="0" branch="False" />
                <line number="235" hits="0" branch="False" />
                <line number="236" hits="0" branch="False" />
              </lines>
            </method>
          </methods>
          <lines>
            <line number="228" hits="0" branch="False" />
            <line number="229" hits="0" branch="False" />
            <line number="230" hits="0" branch="True" condition-coverage="0% (0/2)">
              <conditions>
                <condition number="166" type="jump" coverage="0%" />
              </conditions>
            </line>
            <line number="231" hits="0" branch="False" />
            <line number="232" hits="0" branch="False" />
            <line number="234" hits="0" branch="False" />
            <line number="235" hits="0" branch="False" />
            <line number="236" hits="0" branch="False" />
          </lines>
        </class>
        <class name="Gestion_User.Controllers.AuthenticationController/&lt;Register&gt;d__7" filename="Gestion User\Controllers\AuthenticationController.cs" line-rate="0" branch-rate="0" complexity="2">
          <methods>
            <method name="MoveNext" signature="()" line-rate="0" branch-rate="0" complexity="2">
              <lines>
                <line number="48" hits="0" branch="False" />
                <line number="49" hits="0" branch="False" />
                <line number="50" hits="0" branch="True" condition-coverage="0% (0/2)">
                  <conditions>
                    <condition number="177" type="jump" coverage="0%" />
                  </conditions>
                </line>
                <line number="51" hits="0" branch="False" />
                <line number="52" hits="0" branch="False" />
                <line number="53" hits="0" branch="False" />
                <line number="54" hits="0" branch="False" />
                <line number="55" hits="0" branch="False" />
                <line number="56" hits="0" branch="False" />
                <line number="57" hits="0" branch="False" />
                <line number="59" hits="0" branch="False" />
                <line number="60" hits="0" branch="False" />
                <line number="61" hits="0" branch="False" />
              </lines>
            </method>
          </methods>
          <lines>
            <line number="48" hits="0" branch="False" />
            <line number="49" hits="0" branch="False" />
            <line number="50" hits="0" branch="True" condition-coverage="0% (0/2)">
              <conditions>
                <condition number="177" type="jump" coverage="0%" />
              </conditions>
            </line>
            <line number="51" hits="0" branch="False" />
            <line number="52" hits="0" branch="False" />
            <line number="53" hits="0" branch="False" />
            <line number="54" hits="0" branch="False" />
            <line number="55" hits="0" branch="False" />
            <line number="56" hits="0" branch="False" />
            <line number="57" hits="0" branch="False" />
            <line number="59" hits="0" branch="False" />
            <line number="60" hits="0" branch="False" />
            <line number="61" hits="0" branch="False" />
          </lines>
        </class>
        <class name="Gestion_User.Controllers.AuthenticationController/&lt;ResetPassword&gt;d__16" filename="Gestion User\Controllers\AuthenticationController.cs" line-rate="0" branch-rate="1" complexity="1">
          <methods>
            <method name="MoveNext" signature="()" line-rate="0" branch-rate="1" complexity="1">
              <lines>
                <line number="278" hits="0" branch="False" />
                <line number="279" hits="0" branch="False" />
                <line number="280" hits="0" branch="False" />
                <line number="281" hits="0" branch="False" />
                <line number="282" hits="0" branch="False" />
                <line number="283" hits="0" branch="False" />
                <line number="284" hits="0" branch="False" />
              </lines>
            </method>
          </methods>
          <lines>
            <line number="278" hits="0" branch="False" />
            <line number="279" hits="0" branch="False" />
            <line number="280" hits="0" branch="False" />
            <line number="281" hits="0" branch="False" />
            <line number="282" hits="0" branch="False" />
            <line number="283" hits="0" branch="False" />
            <line number="284" hits="0" branch="False" />
          </lines>
        </class>
        <class name="Gestion_User.Controllers.AuthenticationController/&lt;ResetPassword&gt;d__17" filename="Gestion User\Controllers\AuthenticationController.cs" line-rate="0" branch-rate="0" complexity="6">
          <methods>
            <method name="MoveNext" signature="()" line-rate="0" branch-rate="0" complexity="6">
              <lines>
                <line number="291" hits="0" branch="False" />
                <line number="292" hits="0" branch="False" />
                <line number="293" hits="0" branch="True" condition-coverage="0% (0/2)">
                  <conditions>
                    <condition number="180" type="jump" coverage="0%" />
                  </conditions>
                </line>
                <line number="294" hits="0" branch="False" />
                <line number="295" hits="0" branch="False" />
                <line number="296" hits="0" branch="True" condition-coverage="0% (0/2)">
                  <conditions>
                    <condition number="365" type="jump" coverage="0%" />
                  </conditions>
                </line>
                <line number="297" hits="0" branch="False" />
                <line number="298" hits="0" branch="True" condition-coverage="0% (0/2)">
                  <conditions>
                    <condition number="472" type="jump" coverage="0%" />
                  </conditions>
                </line>
                <line number="299" hits="0" branch="False" />
                <line number="300" hits="0" branch="False" />
                <line number="301" hits="0" branch="False" />
                <line number="302" hits="0" branch="False" />
                <line number="304" hits="0" branch="False" />
                <line number="305" hits="0" branch="False" />
                <line number="307" hits="0" branch="False" />
                <line number="308" hits="0" branch="False" />
                <line number="309" hits="0" branch="False" />
              </lines>
            </method>
          </methods>
          <lines>
            <line number="291" hits="0" branch="False" />
            <line number="292" hits="0" branch="False" />
            <line number="293" hits="0" branch="True" condition-coverage="0% (0/2)">
              <conditions>
                <condition number="180" type="jump" coverage="0%" />
              </conditions>
            </line>
            <line number="294" hits="0" branch="False" />
            <line number="295" hits="0" branch="False" />
            <line number="296" hits="0" branch="True" condition-coverage="0% (0/2)">
              <conditions>
                <condition number="365" type="jump" coverage="0%" />
              </conditions>
            </line>
            <line number="297" hits="0" branch="False" />
            <line number="298" hits="0" branch="True" condition-coverage="0% (0/2)">
              <conditions>
                <condition number="472" type="jump" coverage="0%" />
              </conditions>
            </line>
            <line number="299" hits="0" branch="False" />
            <line number="300" hits="0" branch="False" />
            <line number="301" hits="0" branch="False" />
            <line number="302" hits="0" branch="False" />
            <line number="304" hits="0" branch="False" />
            <line number="305" hits="0" branch="False" />
            <line number="307" hits="0" branch="False" />
            <line number="308" hits="0" branch="False" />
            <line number="309" hits="0" branch="False" />
          </lines>
        </class>
        <class name="Gestion_User.Controllers.AuthenticationController/&lt;UpdateProfile&gt;d__11" filename="Gestion User\Controllers\AuthenticationController.cs" line-rate="0" branch-rate="0" complexity="8">
          <methods>
            <method name="MoveNext" signature="()" line-rate="0" branch-rate="0" complexity="8">
              <lines>
                <line number="153" hits="0" branch="False" />
                <line number="154" hits="0" branch="False" />
                <line number="155" hits="0" branch="False" />
                <line number="157" hits="0" branch="True" condition-coverage="0% (0/2)">
                  <conditions>
                    <condition number="216" type="jump" coverage="0%" />
                  </conditions>
                </line>
                <line number="158" hits="0" branch="False" />
                <line number="159" hits="0" branch="False" />
                <line number="162" hits="0" branch="False" />
                <line number="163" hits="0" branch="False" />
                <line number="164" hits="0" branch="False" />
                <line number="165" hits="0" branch="False" />
                <line number="168" hits="0" branch="True" condition-coverage="0% (0/4)">
                  <conditions>
                    <condition number="344" type="jump" coverage="0%" />
                    <condition number="368" type="jump" coverage="0%" />
                  </conditions>
                </line>
                <line number="169" hits="0" branch="False" />
                <line number="170" hits="0" branch="False" />
                <line number="171" hits="0" branch="False" />
                <line number="172" hits="0" branch="False" />
                <line number="173" hits="0" branch="False" />
                <line number="174" hits="0" branch="False" />
                <line number="175" hits="0" branch="False" />
                <line number="176" hits="0" branch="False" />
                <line number="178" hits="0" branch="False" />
                <line number="179" hits="0" branch="True" condition-coverage="0% (0/2)">
                  <conditions>
                    <condition number="806" type="jump" coverage="0%" />
                  </conditions>
                </line>
                <line number="180" hits="0" branch="False" />
                <line number="181" hits="0" branch="False" />
                <line number="184" hits="0" branch="False" />
                <line number="185" hits="0" branch="False" />
              </lines>
            </method>
          </methods>
          <lines>
            <line number="153" hits="0" branch="False" />
            <line number="154" hits="0" branch="False" />
            <line number="155" hits="0" branch="False" />
            <line number="157" hits="0" branch="True" condition-coverage="0% (0/2)">
              <conditions>
                <condition number="216" type="jump" coverage="0%" />
              </conditions>
            </line>
            <line number="158" hits="0" branch="False" />
            <line number="159" hits="0" branch="False" />
            <line number="162" hits="0" branch="False" />
            <line number="163" hits="0" branch="False" />
            <line number="164" hits="0" branch="False" />
            <line number="165" hits="0" branch="False" />
            <line number="168" hits="0" branch="True" condition-coverage="0% (0/4)">
              <conditions>
                <condition number="344" type="jump" coverage="0%" />
                <condition number="368" type="jump" coverage="0%" />
              </conditions>
            </line>
            <line number="169" hits="0" branch="False" />
            <line number="170" hits="0" branch="False" />
            <line number="171" hits="0" branch="False" />
            <line number="172" hits="0" branch="False" />
            <line number="173" hits="0" branch="False" />
            <line number="174" hits="0" branch="False" />
            <line number="175" hits="0" branch="False" />
            <line number="176" hits="0" branch="False" />
            <line number="178" hits="0" branch="False" />
            <line number="179" hits="0" branch="True" condition-coverage="0% (0/2)">
              <conditions>
                <condition number="806" type="jump" coverage="0%" />
              </conditions>
            </line>
            <line number="180" hits="0" branch="False" />
            <line number="181" hits="0" branch="False" />
            <line number="184" hits="0" branch="False" />
            <line number="185" hits="0" branch="False" />
          </lines>
        </class>
        <class name="Gestion_User.Controllers.AuthenticationController/&lt;UploadProfileImage&gt;d__12" filename="Gestion User\Controllers\AuthenticationController.cs" line-rate="0" branch-rate="0" complexity="8">
          <methods>
            <method name="MoveNext" signature="()" line-rate="0" branch-rate="0" complexity="8">
              <lines>
                <line number="191" hits="0" branch="False" />
                <line number="192" hits="0" branch="False" />
                <line number="193" hits="0" branch="False" />
                <line number="195" hits="0" branch="True" condition-coverage="0% (0/2)">
                  <conditions>
                    <condition number="216" type="jump" coverage="0%" />
                  </conditions>
                </line>
                <line number="196" hits="0" branch="False" />
                <line number="197" hits="0" branch="False" />
                <line number="200" hits="0" branch="True" condition-coverage="0% (0/4)">
                  <conditions>
                    <condition number="252" type="jump" coverage="0%" />
                    <condition number="276" type="jump" coverage="0%" />
                  </conditions>
                </line>
                <line number="201" hits="0" branch="False" />
                <line number="202" hits="0" branch="False" />
                <line number="206" hits="0" branch="False" />
                <line number="207" hits="0" branch="False" />
                <line number="208" hits="0" branch="False" />
                <line number="209" hits="0" branch="False" />
                <line number="210" hits="0" branch="False" />
                <line number="213" hits="0" branch="False" />
                <line number="214" hits="0" branch="False" />
                <line number="216" hits="0" branch="True" condition-coverage="0% (0/2)">
                  <conditions>
                    <condition number="730" type="jump" coverage="0%" />
                  </conditions>
                </line>
                <line number="217" hits="0" branch="False" />
                <line number="218" hits="0" branch="False" />
                <line number="221" hits="0" branch="False" />
                <line number="222" hits="0" branch="False" />
              </lines>
            </method>
          </methods>
          <lines>
            <line number="191" hits="0" branch="False" />
            <line number="192" hits="0" branch="False" />
            <line number="193" hits="0" branch="False" />
            <line number="195" hits="0" branch="True" condition-coverage="0% (0/2)">
              <conditions>
                <condition number="216" type="jump" coverage="0%" />
              </conditions>
            </line>
            <line number="196" hits="0" branch="False" />
            <line number="197" hits="0" branch="False" />
            <line number="200" hits="0" branch="True" condition-coverage="0% (0/4)">
              <conditions>
                <condition number="252" type="jump" coverage="0%" />
                <condition number="276" type="jump" coverage="0%" />
              </conditions>
            </line>
            <line number="201" hits="0" branch="False" />
            <line number="202" hits="0" branch="False" />
            <line number="206" hits="0" branch="False" />
            <line number="207" hits="0" branch="False" />
            <line number="208" hits="0" branch="False" />
            <line number="209" hits="0" branch="False" />
            <line number="210" hits="0" branch="False" />
            <line number="213" hits="0" branch="False" />
            <line number="214" hits="0" branch="False" />
            <line number="216" hits="0" branch="True" condition-coverage="0% (0/2)">
              <conditions>
                <condition number="730" type="jump" coverage="0%" />
              </conditions>
            </line>
            <line number="217" hits="0" branch="False" />
            <line number="218" hits="0" branch="False" />
            <line number="221" hits="0" branch="False" />
            <line number="222" hits="0" branch="False" />
          </lines>
        </class>
[...]
                  </conditions>
                </line>
                <line number="108" hits="0" branch="False" />
                <line number="109" hits="0" branch="False" />
                <line number="110" hits="0" branch="False" />
                <line number="112" hits="0" branch="False" />
                <line number="113" hits="0" branch="False" />
                <line number="114" hits="0" branch="False" />
                <line number="116" hits="0" branch="False" />
                <line number="117" hits="0" branch="False" />
                <line number="119" hits="0" branch="False" />
                <line number="121" hits="0" branch="False" />
                <line number="122" hits="0" branch="False" />
                <line number="123" hits="0" branch="False" />
                <line number="124" hits="0" branch="False" />
                <line number="125" hits="0" branch="False" />
                <line number="126" hits="0" branch="False" />
                <line number="127" hits="0" branch="False" />
                <line number="128" hits="0" branch="False" />
                <line number="129" hits="0" branch="False" />
                <line number="130" hits="0" branch="False" />
                <line number="131" hits="0" branch="False" />
                <line number="132" hits="0" branch="False" />
                <line number="133" hits="0" branch="False" />
                <line number="134" hits="0" branch="False" />
                <line number="135" hits="0" branch="False" />
                <line number="136" hits="0" branch="False" />
                <line number="137" hits="0" branch="False" />
                <line number="138" hits="0" branch="False" />
                <line number="139" hits="0" branch="False" />
                <line number="140" hits="0" branch="False" />
                <line number="141" hits="0" branch="False" />
              </lines>
            </method>
          </methods>
          <lines>
            <line number="98" hits="0" branch="False" />
            <line number="99" hits="0" branch="False" />
            <line number="100" hits="0" branch="False" />
            <line number="101" hits="0" branch="False" />
            <line number="102" hits="0" branch="False" />
            <line number="103" hits="0" branch="False" />
            <line number="104" hits="0" branch="False" />
            <line number="106" hits="0" branch="False" />
            <line number="107" hits="0" branch="True" condition-coverage="0% (0/2)">
              <conditions>
                <condition number="354" type="jump" coverage="0%" />
              </conditions>
            </line>
            <line number="108" hits="0" branch="False" />
            <line number="109" hits="0" branch="False" />
            <line number="110" hits="0" branch="False" />
            <line number="112" hits="0" branch="False" />
            <line number="113" hits="0" branch="False" />
            <line number="114" hits="0" branch="False" />
            <line number="116" hits="0" branch="False" />
            <line number="117" hits="0" branch="False" />
            <line number="119" hits="0" branch="False" />
            <line number="121" hits="0" branch="False" />
            <line number="122" hits="0" branch="False" />
            <line number="123" hits="0" branch="False" />
            <line number="124" hits="0" branch="False" />
            <line number="125" hits="0" branch="False" />
            <line number="126" hits="0" branch="False" />
            <line number="127" hits="0" branch="False" />
            <line number="128" hits="0" branch="False" />
            <line number="129" hits="0" branch="False" />
            <line number="130" hits="0" branch="False" />
            <line number="131" hits="0" branch="False" />
            <line number="132" hits="0" branch="False" />
            <line number="133" hits="0" branch="False" />
            <line number="134" hits="0" branch="False" />
            <line number="135" hits="0" branch="False" />
            <line number="136" hits="0" branch="False" />
            <line number="137" hits="0" branch="False" />
            <line number="138" hits="0" branch="False" />
            <line number="139" hits="0" branch="False" />
            <line number="140" hits="0" branch="False" />
            <line number="141" hits="0" branch="False" />
          </lines>
        </class>
        <class name="User.Gestion.Service.Services.UserManagement/&lt;LoginUserWithJWTokenAsync&gt;d__8" filename="User.Gestion.Service\Services\UserManagement.cs" line-rate="0" branch-rate="0" complexity="4">
          <methods>
            <method name="MoveNext" signature="()" line-rate="0" branch-rate="0" complexity="4">
              <lines>
                <line number="273" hits="0" branch="False" />
                <line number="274" hits="0" branch="False" />
                <line number="275" hits="0" branch="True" condition-coverage="0% (0/2)">
                  <conditions>
                    <condition number="189" type="jump" coverage="0%" />
                  </conditions>
                </line>
                <line number="276" hits="0" branch="False" />
                <line number="277" hits="0" branch="False" />
                <line number="280" hits="0" branch="False" />
                <line number="281" hits="0" branch="True" condition-coverage="0% (0/2)">
                  <conditions>
                    <condition number="396" type="jump" coverage="0%" />
                  </conditions>
                </line>
                <line number="282" hits="0" branch="False" />
                <line number="283" hits="0" branch="False" />
                <line number="286" hits="0" branch="False" />
                <line number="287" hits="0" branch="False" />
              </lines>
            </method>
          </methods>
          <lines>
            <line number="273" hits="0" branch="False" />
            <line number="274" hits="0" branch="False" />
            <line number="275" hits="0" branch="True" condition-coverage="0% (0/2)">
              <conditions>
                <condition number="189" type="jump" coverage="0%" />
              </conditions>
            </line>
            <line number="276" hits="0" branch="False" />
            <line number="277" hits="0" branch="False" />
            <line number="280" hits="0" branch="False" />
            <line number="281" hits="0" branch="True" condition-coverage="0% (0/2)">
              <conditions>
                <condition number="396" type="jump" coverage="0%" />
              </conditions>
            </line>
            <line number="282" hits="0" branch="False" />
            <line number="283" hits="0" branch="False" />
            <line number="286" hits="0" branch="False" />
            <line number="287" hits="0" branch="False" />
          </lines>
        </class>
        <class name="User.Gestion.Service.Services.UserManagement/&lt;RenewAccessTokenAsync&gt;d__9" filename="User.Gestion.Service\Services\UserManagement.cs" line-rate="0" branch-rate="0" complexity="4">
          <methods>
            <method name="MoveNext" signature="()" line-rate="0" branch-rate="0" complexity="4">
              <lines>
                <line number="290" hits="0" branch="False" />
                <line number="291" hits="0" branch="False" />
                <line number="292" hits="0" branch="False" />
                <line number="293" hits="0" branch="False" />
                <line number="294" hits="0" branch="False" />
                <line number="295" hits="0" branch="True" condition-coverage="0% (0/4)">
                  <conditions>
                    <condition number="264" type="jump" coverage="0%" />
                    <condition number="294" type="jump" coverage="0%" />
                  </conditions>
                </line>
                <line number="296" hits="0" branch="False" />
                <line number="297" hits="0" branch="False" />
                <line number="298" hits="0" branch="False" />
                <line number="299" hits="0" branch="False" />
                <line number="300" hits="0" branch="False" />
                <line number="301" hits="0" branch="False" />
                <line number="302" hits="0" branch="False" />
                <line number="303" hits="0" branch="False" />
                <line number="305" hits="0" branch="False" />
                <line number="306" hits="0" branch="False" />
                <line number="307" hits="0" branch="False" />
              </lines>
            </method>
          </methods>
          <lines>
            <line number="290" hits="0" branch="False" />
            <line number="291" hits="0" branch="False" />
            <line number="292" hits="0" branch="False" />
            <line number="293" hits="0" branch="False" />
            <line number="294" hits="0" branch="False" />
            <line number="295" hits="0" branch="True" condition-coverage="0% (0/4)">
              <conditions>
                <condition number="264" type="jump" coverage="0%" />
                <condition number="294" type="jump" coverage="0%" />
              </conditions>
            </line>
            <line number="296" hits="0" branch="False" />
            <line number="297" hits="0" branch="False" />
            <line number="298" hits="0" branch="False" />
            <line number="299" hits="0" branch="False" />
            <line number="300" hits="0" branch="False" />
            <line number="301" hits="0" branch="False" />
            <line number="302" hits="0" branch="False" />
            <line number="303" hits="0" branch="False" />
            <line number="305" hits="0" branch="False" />
            <line number="306" hits="0" branch="False" />
            <line number="307" hits="0" branch="False" />
          </lines>
        </class>
        <class name="User.Gestion.Service.Models.ApiResponse`1" filename="User.Gestion.Service\Models\ApiResponse.cs" line-rate="0" branch-rate="1" complexity="4">
          <methods>
            <method name="get_IsSuccess" signature="()" line-rate="0" branch-rate="1" complexity="1">
              <lines>
                <line number="7" hits="0" branch="False" />
              </lines>
            </method>
            <method name="get_Message" signature="()" line-rate="0" branch-rate="1" complexity="1">
              <lines>
                <line number="8" hits="0" branch="False" />
              </lines>
            </method>
            <method name="get_StatusCode" signature="()" line-rate="0" branch-rate="1" complexity="1">
              <lines>
                <line number="9" hits="0" branch="False" />
              </lines>
            </method>
            <method name="get_Response" signature="()" line-rate="0" branch-rate="1" complexity="1">
              <lines>
                <line number="10" hits="0" branch="False" />
              </lines>
            </method>
          </methods>
          <lines>
            <line number="7" hits="0" branch="False" />
            <line number="8" hits="0" branch="False" />
            <line number="9" hits="0" branch="False" />
            <line number="10" hits="0" branch="False" />
          </lines>
        </class>
        <class name="User.Gestion.Service.Models.EmailConfiguration" filename="User.Gestion.Service\Models\EmailConfiguration.cs" line-rate="0" branch-rate="1" complexity="5">
          <methods>
            <method name="get_From" signature="()" line-rate="0" branch-rate="1" complexity="1">
              <lines>
                <line number="11" hits="0" branch="False" />
              </lines>
            </method>
            <method name="get_SmtpServer" signature="()" line-rate="0" branch-rate="1" complexity="1">
              <lines>
                <line number="12" hits="0" branch="False" />
              </lines>
            </method>
            <method name="get_Port" signature="()" line-rate="0" branch-rate="1" complexity="1">
              <lines>
                <line number="13" hits="0" branch="False" />
              </lines>
            </method>
            <method name="get_UserName" signature="()" line-rate="0" branch-rate="1" complexity="1">
              <lines>
                <line number="14" hits="0" branch="False" />
              </lines>
            </method>
            <method name="get_Password" signature="()" line-rate="0" branch-rate="1" complexity="1">
              <lines>
                <line number="15" hits="0" branch="False" />
              </lines>
            </method>
          </methods>
          <lines>
            <line number="11" hits="0" branch="False" />
            <line number="12" hits="0" branch="False" />
            <line number="13" hits="0" branch="False" />
            <line number="14" hits="0" branch="False" />
            <line number="15" hits="0" branch="False" />
          </lines>
        </class>
        <class name="User.Gestion.Service.Models.Message" filename="User.Gestion.Service\Models\Message.cs" line-rate="0" branch-rate="1" complexity="4">
          <methods>
            <method name="get_To" signature="()" line-rate="0" branch-rate="1" complexity="1">
              <lines>
                <line number="7" hits="0" branch="False" />
              </lines>
            </method>
            <method name="get_Subject" signature="()" line-rate="0" branch-rate="1" complexity="1">
              <lines>
                <line number="8" hits="0" branch="False" />
              </lines>
            </method>
            <method name="get_Content" signature="()" line-rate="0" branch-rate="1" complexity="1">
              <lines>
                <line number="9" hits="0" branch="False" />
              </lines>
            </method>
            <method name=".ctor" signature="(System.Collections.Generic.IEnumerable`1&lt;System.String&gt;,System.String,System.String)" line-rate="0" branch-rate="1" complexity="1">
              <lines>
                <line number="10" hits="0" branch="False" />
                <line number="11" hits="0" branch="False" />
                <line number="12" hits="0" branch="False" />
                <line number="13" hits="0" branch="False" />
                <line number="14" hits="0" branch="False" />
                <line number="15" hits="0" branch="False" />
                <line number="16" hits="0" branch="False" />
              </lines>
            </method>
          </methods>
          <lines>
            <line number="7" hits="0" branch="False" />
            <line number="8" hits="0" branch="False" />
            <line number="9" hits="0" branch="False" />
            <line number="10" hits="0" branch="False" />
            <line number="11" hits="0" branch="False" />
            <line number="12" hits="0" branch="False" />
            <line number="13" hits="0" branch="False" />
            <line number="14" hits="0" branch="False" />
            <line number="15" hits="0" branch="False" />
            <line number="16" hits="0" branch="False" />
          </lines>
        </class>
        <class name="User.Gestion.Service.Models.Authentication.User.CreateUserResponse" filename="User.Gestion.Service\Models\Authentication\User\CreateUserResponse.cs" line-rate="0" branch-rate="1" complexity="2">
          <methods>
            <method name="get_Token" signature="()" line-rate="0" branch-rate="1" complexity="1">
              <lines>
                <line number="8" hits="0" branch="False" />
              </lines>
            </method>
            <method name="get_User" signature="()" line-rate="0" branch-rate="1" complexity="1">
              <lines>
                <line number="9" hits="0" branch="False" />
              </lines>
            </method>
          </methods>
          <lines>
            <line number="8" hits="0" branch="False" />
            <line number="9" hits="0" branch="False" />
          </lines>
        </class>
        <class name="User.Gestion.Service.Models.Authentication.User.LoginOTPModel" filename="User.Gestion.Service\Models\Authentication\User\LoginOtpModel.cs" line-rate="0" branch-rate="1" complexity="2">
          <methods>
            <method name="get_Username" signature="()" line-rate="0" branch-rate="1" complexity="1">
              <lines>
                <line number="11" hits="0" branch="False" />
              </lines>
            </method>
            <method name="get_OTP" signature="()" line-rate="0" branch-rate="1" complexity="1">
              <lines>
                <line number="12" hits="0" branch="False" />
              </lines>
            </method>
          </methods>
          <lines>
            <line number="11" hits="0" branch="False" />
            <line number="12" hits="0" branch="False" />
          </lines>
        </class>
        <class name="User.Gestion.Service.Models.Authentication.User.LoginOtpResponse" filename="User.Gestion.Service\Models\Authentication\User\LoginOtpResponse.cs" line-rate="0" branch-rate="1" complexity="3">
          <methods>
            <method name="get_Token" signature="()" line-rate="0" branch-rate="1" complexity="1">
              <lines>
                <line number="13" hits="0" branch="False" />
              </lines>
            </method>
            <method name="get_IsTwoFactorEnable" signature="()" line-rate="0" branch-rate="1" complexity="1">
              <lines>
                <line number="14" hits="0" branch="False" />
              </lines>
            </method>
            <method name="get_User" signature="()" line-rate="0" branch-rate="1" complexity="1">
              <lines>
                <line number="16" hits="0" branch="False" />
              </lines>
            </method>
          </methods>
          <lines>
            <line number="13" hits="0" branch="False" />
            <line number="14" hits="0" branch="False" />
            <line number="16" hits="0" branch="False" />
          </lines>
        </class>
        <class name="User.Gestion.Service.Models.Authentication.User.LoginResponse" filename="User.Gestion.Service\Models\Authentication\User\LoginResponse.cs" line-rate="0" branch-rate="1" complexity="2">
          <methods>
            <method name="get_AccessToken" signature="()" line-rate="0" branch-rate="1" complexity="1">
              <lines>
                <line number="11" hits="0" branch="False" />
              </lines>
            </method>
            <method name="get_RefreshToken" signature="()" line-rate="0" branch-rate="1" complexity="1">
              <lines>
                <line number="12" hits="0" branch="False" />
              </lines>
            </method>
          </methods>
          <lines>
            <line number="11" hits="0" branch="False" />
            <line number="12" hits="0" branch="False" />
          </lines>
        </class>
        <class name="User.Gestion.Service.Models.Authentication.User.TokenType" filename="User.Gestion.Service\Models\Authentication\User\TokenType.cs" line-rate="0" branch-rate="1" complexity="2">
          <methods>
            <method name="get_Token" signature="()" line-rate="0" branch-rate="1" complexity="1">
              <lines>
                <line number="12" hits="0" branch="False" />
              </lines>
            </method>
            <method name="get_ExpiryTokenDate" signature="()" line-rate="0" branch-rate="1" complexity="1">
              <lines>
                <line number="13" hits="0" branch="False" />
              </lines>
            </method>
          </methods>
          <lines>
            <line number="12" hits="0" branch="False" />
            <line number="13" hits="0" branch="False" />
          </lines>
        </class>
      </classes>
    </package>
  </packages>
</coverage>